/Users/daniel/BA_SketchFix_Evaluation/Evaluation/venv/bin/python /Users/daniel/BA_SketchFix_Evaluation/Evaluation/SetupBug/replace_bug.py



#######################################################################################################
                             PROJECT: youtube-dl
#######################################################################################################
CLONING PROJECT:
✓ SUCCESSFUL! This project is already cloned: https://github.com/ytdl-org/youtube-dl
.......................................................................................................
BUGGY LINES:
2577,2578
2010,2011,2012,2013,2014
599
201,206
1104,1112,1118
1979,2023,2026
1704,1705
961,962
934,944,946,951,954
1563,1564
3522,3523
1081
1871
1658,2327
2270
588,2576,2581,2582,2583

863
677
368,370
1755
2394,2404
2110,2137
2348,2352,2364
2041,2042,2048
1973
1985,1987
399
914

55,56,1214,1220,1225
66,1334
28,29,38,928,941
1601
94
23
1268
54,55,73,76,83
134,135
30,33,37,199
759,761
6,36,7,30,86
1090
.......................................................................................................

+*+*+*+*+*+*+*+*+*+*+*+*+*+*+*+*+*+*+*+*+*+*+*+*+*+*+*+*+*+*+*+*+*+*+*+*+*+*+*+*+*+*+*+*+*+*+*+*+*+*+*+

                                          BUG: 1

+*+*+*+*+*+*+*+*+*+*+*+*+*+*+*+*+*+*+*+*+*+*+*+*+*+*+*+*+*+*+*+*+*+*+*+*+*+*+*+*+*+*+*+*+*+*+*+*+*+*+*+
bug_file = /Users/daniel/BA_SketchFix_Evaluation/Evaluation/Projects/youtube-dl/youtube_dl/utils.py
bug_test_file = /Users/daniel/BA_SketchFix_Evaluation/Evaluation/Projects/youtube-dl/test/test_utils.py
GIT RESET TO: 99036a1298089068dcf80c0985bfcc3f8c24f281
HEAD is now at 99036a129 [pornflip] Relax _VALID_URL (closes #16258)
TEST EXECUTION:
test_age_restricted (test_utils.TestUtil) ... ok
test_args_to_str (test_utils.TestUtil) ... ok
test_base_url (test_utils.TestUtil) ... ok
test_clean_html (test_utils.TestUtil) ... ok
test_cli_bool_option (test_utils.TestUtil) ... ok
test_cli_option (test_utils.TestUtil) ... ok
test_cli_valueless_option (test_utils.TestUtil) ... ok
test_date_from_str (test_utils.TestUtil) ... ok
test_daterange (test_utils.TestUtil) ... ok
test_detect_exe_version (test_utils.TestUtil) ... ok
test_determine_ext (test_utils.TestUtil) ... ok
test_dfxp2srt (test_utils.TestUtil) ... ok
test_dict_get (test_utils.TestUtil) ... ok
test_encode_base_n (test_utils.TestUtil) ... ok
test_encode_compat_str (test_utils.TestUtil) ... ok
test_escape_rfc3986 (test_utils.TestUtil) ... ok
test_escape_url (test_utils.TestUtil) ... ok
test_expand_path (test_utils.TestUtil) ... ok
test_extract_attributes (test_utils.TestUtil) ... ok
test_find_xpath_attr (test_utils.TestUtil) ... ok
test_fix_xml_ampersands (test_utils.TestUtil) ... ok
test_get_element_by_attribute (test_utils.TestUtil) ... ok
test_get_element_by_class (test_utils.TestUtil) ... ok
test_get_elements_by_attribute (test_utils.TestUtil) ... ok
test_get_elements_by_class (test_utils.TestUtil) ... ok
test_intlist_to_bytes (test_utils.TestUtil) ... ok
test_is_html (test_utils.TestUtil) ... ok
test_js_to_json_edgecases (test_utils.TestUtil) ... ok
test_js_to_json_malformed (test_utils.TestUtil) ... ok
test_js_to_json_realworld (test_utils.TestUtil) ... ok
test_limit_length (test_utils.TestUtil) ... ok
test_lowercase_escape (test_utils.TestUtil) ... ok
test_match_str (test_utils.TestUtil) ... ok
test_mimetype2ext (test_utils.TestUtil) ... ok
test_month_by_name (test_utils.TestUtil) ... ok
test_multipart_encode (test_utils.TestUtil) ... ok
test_ohdave_rsa_encrypt (test_utils.TestUtil) ... ok
test_ordered_set (test_utils.TestUtil) ... ok
test_paged_list (test_utils.TestUtil) ... ok
test_parse_age_limit (test_utils.TestUtil) ... ok
test_parse_codecs (test_utils.TestUtil) ... WARNING: Unknown codec newcodec
ok
test_parse_count (test_utils.TestUtil) ... ok
test_parse_dfxp_time_expr (test_utils.TestUtil) ... ok
test_parse_duration (test_utils.TestUtil) ... ok
test_parse_filesize (test_utils.TestUtil) ... ok
test_parse_iso8601 (test_utils.TestUtil) ... ok
test_parse_resolution (test_utils.TestUtil) ... ok
test_pkcs1pad (test_utils.TestUtil) ... ok
test_prepend_extension (test_utils.TestUtil) ... ok
test_read_batch_urls (test_utils.TestUtil) ... ok
test_remove_end (test_utils.TestUtil) ... ok
test_remove_quotes (test_utils.TestUtil) ... ok
test_remove_start (test_utils.TestUtil) ... ok
test_render_table (test_utils.TestUtil) ... ok
test_replace_extension (test_utils.TestUtil) ... ok
test_sanitize_filename (test_utils.TestUtil) ... ok
test_sanitize_filename_restricted (test_utils.TestUtil) ... ok
test_sanitize_ids (test_utils.TestUtil) ... ok
test_sanitize_path (test_utils.TestUtil) ... ok
test_sanitize_url (test_utils.TestUtil) ... ok
test_shell_quote (test_utils.TestUtil) ... ok
test_smuggle_url (test_utils.TestUtil) ... ok
test_str_to_int (test_utils.TestUtil) ... ok
test_strip_jsonp (test_utils.TestUtil) ... ok
test_timeconvert (test_utils.TestUtil) ... ok
test_unescape_html (test_utils.TestUtil) ... ok
test_unified_dates (test_utils.TestUtil) ... ok
test_unified_timestamps (test_utils.TestUtil) ... ok
test_update_url_query (test_utils.TestUtil) ... ok
test_uppercase_escape (test_utils.TestUtil) ... ok
test_url_basename (test_utils.TestUtil) ... ok
test_urlencode_postdata (test_utils.TestUtil) ... ok
test_urljoin (test_utils.TestUtil) ... ok
test_urshift (test_utils.TestUtil) ... ok
test_version_tuple (test_utils.TestUtil) ... ok
test_xpath_attr (test_utils.TestUtil) ... ok
test_xpath_element (test_utils.TestUtil) ... ok
test_xpath_text (test_utils.TestUtil) ... ok
test_xpath_with_ns (test_utils.TestUtil) ... ok

----------------------------------------------------------------------
Ran 79 tests in 0.132s

OK
...........................
✓ SUCCESSFUL! TEST PASSES
✓ PyFix is started...

~~~~~~~~~~~~~~~~~~~~~~~~~~~~~~~~~~~~~~~~~~~~~~~~~~~~~~~~~~~~~~~~~~~~~~~~~~~~~~~~~~~~~~~~~~~~~~~~~~~~~~~

	                              PySketchFix®: Sketches are created.

~~~~~~~~~~~~~~~~~~~~~~~~~~~~~~~~~~~~~~~~~~~~~~~~~~~~~~~~~~~~~~~~~~~~~~~~~~~~~~~~~~~~~~~~~~~~~~~~~~~~~~~
PySketchFix will run with:
bug file: /Users/daniel/BA_SketchFix_Evaluation/Evaluation/Projects/youtube-dl/youtube_dl/utils.py
~~~~~~~~~~~~~~~~~~~~~~~~~~~~~~~~~~~~~~~~~~~~~~~~~~~~~~~~~~~~~~~~~~~~~~~~~~~~~~~~~~~~~~~~~~~~~~~~~~~~~~~
The suspicious lines which are taken are: [2577, 2578]
~~~~~~~~~~~~~~~~~~~~~~~~~~~~~~~~~~~~~~~~~~~~~~~~~~~~~~~~~~~~~~~~~~~~~~~~~~~~~~~~~~~~~~~~~~~~~~~~~~~~~~~
Start transforming line: 2577
x Fail! Line: 2577 could not be transformed: ''' lambda v v is not None,'
Start transforming line: 2578
x Fail! Line: 2578 could not be transformed: ''!' lambda v v is None,'
~~~~~~~~~~~~~~~~~~~~~~~~~~~~~~~~~~~~~~~~~~~~~~~~~~~~~~~~~~~~~~~~~~~~~~~~~~~~~~~~~~~~~~~~~~~~~~~~~~~~~~~
Start creating 0 sketches.
✓
~~~~~~~~~~~~~~~~~~~~~~~~~~~~~~~~~~~~~~~~~~~~~~~~~~~~~~~~~~~~~~~~~~~~~~~~~~~~~~~~~~~~~~~~~~~~~~~~~~~~~~~
x Lines where no transformation is found:[2577, 2578]
✓ Number of created sketches:0
Time needed: 0.01 minutes.

+*+*+*+*+*+*+*+*+*+*+*+*+*+*+*+*+*+*+*+*+*+*+*+*+*+*+*+*+*+*+*+*+*+*+*+*+*+*+*+*+*+*+*+*+*+*+*+*+*+*+*+

                                          BUG: 2

+*+*+*+*+*+*+*+*+*+*+*+*+*+*+*+*+*+*+*+*+*+*+*+*+*+*+*+*+*+*+*+*+*+*+*+*+*+*+*+*+*+*+*+*+*+*+*+*+*+*+*+
bug_file = /Users/daniel/BA_SketchFix_Evaluation/Evaluation/Projects/youtube-dl/youtube_dl/extractor/common.py
bug_test_file = /Users/daniel/BA_SketchFix_Evaluation/Evaluation/Projects/youtube-dl/test/test_InfoExtractor.py
GIT RESET TO: 84f085d4bdb66ee025fb337bcd571eab7469da97
HEAD is now at 84f085d4b [aws] fix canonical/signed headers generation in python 2(closes #15102)
TEST EXECUTION:
test_download_json (test_InfoExtractor.TestInfoExtractor) ... WARNING: [Test] None: Failed to parse JSON Expecting value: line 1 column 9 (char 8)
[Test] Downloading JSON metadata
[Test] Downloading JSON metadata
[Test] Downloading JSON metadata
[Test] Downloading JSON metadata
ok
test_extract_jwplayer_data_realworld (test_InfoExtractor.TestInfoExtractor) ... ok
test_html_search_meta (test_InfoExtractor.TestInfoExtractor) ... ok
test_html_search_regex (test_InfoExtractor.TestInfoExtractor) ... ok
test_ie_key (test_InfoExtractor.TestInfoExtractor) ... ok
test_opengraph (test_InfoExtractor.TestInfoExtractor) ... ok
test_parse_f4m_formats (test_InfoExtractor.TestInfoExtractor) ... ERROR
test_parse_m3u8_formats (test_InfoExtractor.TestInfoExtractor) ... ERROR
test_parse_mpd_formats (test_InfoExtractor.TestInfoExtractor) ... ERROR
...........................
x TEST FAILS
✓ PyFix is started...

~~~~~~~~~~~~~~~~~~~~~~~~~~~~~~~~~~~~~~~~~~~~~~~~~~~~~~~~~~~~~~~~~~~~~~~~~~~~~~~~~~~~~~~~~~~~~~~~~~~~~~~

	                              PySketchFix®: Sketches are created.

~~~~~~~~~~~~~~~~~~~~~~~~~~~~~~~~~~~~~~~~~~~~~~~~~~~~~~~~~~~~~~~~~~~~~~~~~~~~~~~~~~~~~~~~~~~~~~~~~~~~~~~
PySketchFix will run with:
bug file: /Users/daniel/BA_SketchFix_Evaluation/Evaluation/Projects/youtube-dl/youtube_dl/extractor/common.py
~~~~~~~~~~~~~~~~~~~~~~~~~~~~~~~~~~~~~~~~~~~~~~~~~~~~~~~~~~~~~~~~~~~~~~~~~~~~~~~~~~~~~~~~~~~~~~~~~~~~~~~

======================================================================
ERROR: test_parse_f4m_formats (test_InfoExtractor.TestInfoExtractor)
----------------------------------------------------------------------
Traceback (most recent call last):
  File "/Users/daniel/BA_SketchFix_Evaluation/Evaluation/Projects/youtube-dl/test/test_InfoExtractor.py", line 679, in test_parse_f4m_formats
    mode='r', encoding='utf-8') as f:
FileNotFoundError: [Errno 2] No such file or directory: './test/testdata/f4m/custom_base_url.f4m'

======================================================================
ERROR: test_parse_m3u8_formats (test_InfoExtractor.TestInfoExtractor)
----------------------------------------------------------------------
Traceback (most recent call last):
  File "/Users/daniel/BA_SketchFix_Evaluation/Evaluation/Projects/youtube-dl/test/test_InfoExtractor.py", line 486, in test_parse_m3u8_formats
    mode='r', encoding='utf-8') as f:
FileNotFoundError: [Errno 2] No such file or directory: './test/testdata/m3u8/pluzz_francetv_11507.m3u8'

======================================================================
ERROR: test_parse_mpd_formats (test_InfoExtractor.TestInfoExtractor)
----------------------------------------------------------------------
Traceback (most recent call last):
  File "/Users/daniel/BA_SketchFix_Evaluation/Evaluation/Projects/youtube-dl/test/test_InfoExtractor.py", line 652, in test_parse_mpd_formats
    mode='r', encoding='utf-8') as f:
FileNotFoundError: [Errno 2] No such file or directory: './test/testdata/mpd/float_duration.mpd'

----------------------------------------------------------------------
Ran 9 tests in 0.227s

FAILED (errors=3)
The suspicious lines which are taken are: [2010, 2011, 2012, 2013, 2014]
~~~~~~~~~~~~~~~~~~~~~~~~~~~~~~~~~~~~~~~~~~~~~~~~~~~~~~~~~~~~~~~~~~~~~~~~~~~~~~~~~~~~~~~~~~~~~~~~~~~~~~~
Start transforming line: 2010
x Fail! Line: 2010 could not be transformed: 'try'
Start transforming line: 2011
x Fail! Line: 2011 could not be transformed: 'existing_format = next('
Start transforming line: 2012
x Fail! Line: 2012 could not be transformed: 'fo fo in formats'
Start transforming line: 2013
x Fail! Line: 2013 could not be transformed: 'fo['format_id'] == representation_id)'
Start transforming line: 2014
x Fail! Line: 2014 could not be transformed: 'except StopIteration'
~~~~~~~~~~~~~~~~~~~~~~~~~~~~~~~~~~~~~~~~~~~~~~~~~~~~~~~~~~~~~~~~~~~~~~~~~~~~~~~~~~~~~~~~~~~~~~~~~~~~~~~
Start creating 0 sketches.
✓
~~~~~~~~~~~~~~~~~~~~~~~~~~~~~~~~~~~~~~~~~~~~~~~~~~~~~~~~~~~~~~~~~~~~~~~~~~~~~~~~~~~~~~~~~~~~~~~~~~~~~~~
x Lines where no transformation is found:[2010, 2011, 2012, 2013, 2014]
✓ Number of created sketches:0
Time needed: 0.02 minutes.

+*+*+*+*+*+*+*+*+*+*+*+*+*+*+*+*+*+*+*+*+*+*+*+*+*+*+*+*+*+*+*+*+*+*+*+*+*+*+*+*+*+*+*+*+*+*+*+*+*+*+*+

                                          BUG: 3

+*+*+*+*+*+*+*+*+*+*+*+*+*+*+*+*+*+*+*+*+*+*+*+*+*+*+*+*+*+*+*+*+*+*+*+*+*+*+*+*+*+*+*+*+*+*+*+*+*+*+*+
bug_file = /Users/daniel/BA_SketchFix_Evaluation/Evaluation/Projects/youtube-dl/youtube_dl/utils.py
bug_test_file = /Users/daniel/BA_SketchFix_Evaluation/Evaluation/Projects/youtube-dl/test/test_utils.py
GIT RESET TO: f5469da9e6e259c1690c7ef54f1da1c19f65036f
HEAD is now at f5469da9e [laola1tv] Add support for tv.ittf.com (closes #13965)
TEST EXECUTION:
test_age_restricted (test_utils.TestUtil) ... ok
test_args_to_str (test_utils.TestUtil) ... ok
test_base_url (test_utils.TestUtil) ... ok
test_clean_html (test_utils.TestUtil) ... ok
test_cli_bool_option (test_utils.TestUtil) ... ok
test_cli_option (test_utils.TestUtil) ... ok
test_cli_valueless_option (test_utils.TestUtil) ... ok
test_date_from_str (test_utils.TestUtil) ... ok
test_daterange (test_utils.TestUtil) ... ok
test_detect_exe_version (test_utils.TestUtil) ... ok
test_determine_ext (test_utils.TestUtil) ... ok
test_dfxp2srt (test_utils.TestUtil) ... ok
test_dict_get (test_utils.TestUtil) ... ok
test_encode_base_n (test_utils.TestUtil) ... ok
test_encode_compat_str (test_utils.TestUtil) ... ok
test_escape_rfc3986 (test_utils.TestUtil) ... ok
test_escape_url (test_utils.TestUtil) ... ok
test_expand_path (test_utils.TestUtil) ... ok
test_extract_attributes (test_utils.TestUtil) ... ok
test_find_xpath_attr (test_utils.TestUtil) ... ok
test_fix_xml_ampersands (test_utils.TestUtil) ... ok
test_get_element_by_attribute (test_utils.TestUtil) ... ok
test_get_element_by_class (test_utils.TestUtil) ... ok
test_get_elements_by_attribute (test_utils.TestUtil) ... ok
test_get_elements_by_class (test_utils.TestUtil) ... ok
test_intlist_to_bytes (test_utils.TestUtil) ... ok
test_is_html (test_utils.TestUtil) ... ok
test_js_to_json_edgecases (test_utils.TestUtil) ... ok
test_js_to_json_malformed (test_utils.TestUtil) ... ok
test_js_to_json_realworld (test_utils.TestUtil) ... ok
test_limit_length (test_utils.TestUtil) ... ok
test_lowercase_escape (test_utils.TestUtil) ... ok
test_match_str (test_utils.TestUtil) ... ok
test_mimetype2ext (test_utils.TestUtil) ... ok
test_month_by_name (test_utils.TestUtil) ... ok
test_multipart_encode (test_utils.TestUtil) ... ok
test_ohdave_rsa_encrypt (test_utils.TestUtil) ... ok
test_ordered_set (test_utils.TestUtil) ... ok
test_paged_list (test_utils.TestUtil) ... ok
test_parse_age_limit (test_utils.TestUtil) ... ok
test_parse_codecs (test_utils.TestUtil) ... WARNING: Unknown codec newcodec
ok
test_parse_count (test_utils.TestUtil) ... ok
test_parse_dfxp_time_expr (test_utils.TestUtil) ... ok
test_parse_duration (test_utils.TestUtil) ... ok
test_parse_filesize (test_utils.TestUtil) ... ok
test_parse_iso8601 (test_utils.TestUtil) ... ok
test_parse_resolution (test_utils.TestUtil) ... ok
test_pkcs1pad (test_utils.TestUtil) ... ok
test_prepend_extension (test_utils.TestUtil) ... ok
test_read_batch_urls (test_utils.TestUtil) ... ok
test_remove_end (test_utils.TestUtil) ... ok
test_remove_quotes (test_utils.TestUtil) ... ok
test_remove_start (test_utils.TestUtil) ... ok
test_render_table (test_utils.TestUtil) ... ok
test_replace_extension (test_utils.TestUtil) ... ok
test_sanitize_filename (test_utils.TestUtil) ... ok
test_sanitize_filename_restricted (test_utils.TestUtil) ... ok
test_sanitize_ids (test_utils.TestUtil) ... ok
test_sanitize_path (test_utils.TestUtil) ... ok
test_sanitize_url (test_utils.TestUtil) ... ok
test_shell_quote (test_utils.TestUtil) ... ok
test_smuggle_url (test_utils.TestUtil) ... ok
test_str_to_int (test_utils.TestUtil) ... ok
test_strip_jsonp (test_utils.TestUtil) ... ok
test_timeconvert (test_utils.TestUtil) ... ok
test_unescape_html (test_utils.TestUtil) ... ok
test_unified_dates (test_utils.TestUtil) ... ok
test_unified_timestamps (test_utils.TestUtil) ... ok
test_update_url_query (test_utils.TestUtil) ... ok
test_uppercase_escape (test_utils.TestUtil) ... ok
test_url_basename (test_utils.TestUtil) ... ok
test_urlencode_postdata (test_utils.TestUtil) ... ok
test_urljoin (test_utils.TestUtil) ... ok
test_urshift (test_utils.TestUtil) ... ok
test_version_tuple (test_utils.TestUtil) ... ok
test_xpath_attr (test_utils.TestUtil) ... ok
test_xpath_element (test_utils.TestUtil) ... ok
test_xpath_text (test_utils.TestUtil) ... ok
test_xpath_with_ns (test_utils.TestUtil) ... ok

----------------------------------------------------------------------
Ran 79 tests in 0.107s

OK
...........................
✓ SUCCESSFUL! TEST PASSES
✓ PyFix is started...

~~~~~~~~~~~~~~~~~~~~~~~~~~~~~~~~~~~~~~~~~~~~~~~~~~~~~~~~~~~~~~~~~~~~~~~~~~~~~~~~~~~~~~~~~~~~~~~~~~~~~~~

	                              PySketchFix®: Sketches are created.

~~~~~~~~~~~~~~~~~~~~~~~~~~~~~~~~~~~~~~~~~~~~~~~~~~~~~~~~~~~~~~~~~~~~~~~~~~~~~~~~~~~~~~~~~~~~~~~~~~~~~~~
PySketchFix will run with:
bug file: /Users/daniel/BA_SketchFix_Evaluation/Evaluation/Projects/youtube-dl/youtube_dl/utils.py
~~~~~~~~~~~~~~~~~~~~~~~~~~~~~~~~~~~~~~~~~~~~~~~~~~~~~~~~~~~~~~~~~~~~~~~~~~~~~~~~~~~~~~~~~~~~~~~~~~~~~~~
The suspicious lines which are taken are: [599]
~~~~~~~~~~~~~~~~~~~~~~~~~~~~~~~~~~~~~~~~~~~~~~~~~~~~~~~~~~~~~~~~~~~~~~~~~~~~~~~~~~~~~~~~~~~~~~~~~~~~~~~
Start transforming line: 599
x Fail! Line: 599 could not be transformed: 'r'&([^;]+;)', lambda m _htmlentity_transform(m.group(1)), s)'
~~~~~~~~~~~~~~~~~~~~~~~~~~~~~~~~~~~~~~~~~~~~~~~~~~~~~~~~~~~~~~~~~~~~~~~~~~~~~~~~~~~~~~~~~~~~~~~~~~~~~~~
Start creating 0 sketches.
✓
~~~~~~~~~~~~~~~~~~~~~~~~~~~~~~~~~~~~~~~~~~~~~~~~~~~~~~~~~~~~~~~~~~~~~~~~~~~~~~~~~~~~~~~~~~~~~~~~~~~~~~~
x Lines where no transformation is found:[599]
✓ Number of created sketches:0
Time needed: 0.0 minutes.

+*+*+*+*+*+*+*+*+*+*+*+*+*+*+*+*+*+*+*+*+*+*+*+*+*+*+*+*+*+*+*+*+*+*+*+*+*+*+*+*+*+*+*+*+*+*+*+*+*+*+*+

                                          BUG: 4

+*+*+*+*+*+*+*+*+*+*+*+*+*+*+*+*+*+*+*+*+*+*+*+*+*+*+*+*+*+*+*+*+*+*+*+*+*+*+*+*+*+*+*+*+*+*+*+*+*+*+*+
bug_file = /Users/daniel/BA_SketchFix_Evaluation/Evaluation/Projects/youtube-dl/youtube_dl/jsinterp.py
bug_test_file = /Users/daniel/BA_SketchFix_Evaluation/Evaluation/Projects/youtube-dl/test/test_jsinterp.py
GIT RESET TO: bc40b3a5ba44006c23daf7fe0ed872af5e33bdc5
HEAD is now at bc40b3a5b [eagleplatform] Fix extraction (closes #11160)
TEST EXECUTION:
test_array_access (test_jsinterp.TestJSInterpreter) ... ok
test_assignments (test_jsinterp.TestJSInterpreter) ... ok
test_basic (test_jsinterp.TestJSInterpreter) ... ok
test_calc (test_jsinterp.TestJSInterpreter) ... ok
test_comments (test_jsinterp.TestJSInterpreter)
Skipping: Not yet fully implemented ... ok
test_empty_return (test_jsinterp.TestJSInterpreter) ... ok
test_morespace (test_jsinterp.TestJSInterpreter) ... ok
test_operators (test_jsinterp.TestJSInterpreter) ... ok
test_parens (test_jsinterp.TestJSInterpreter) ... ok
test_precedence (test_jsinterp.TestJSInterpreter) ... ok
test_strange_chars (test_jsinterp.TestJSInterpreter) ... ok

----------------------------------------------------------------------
Ran 11 tests in 0.033s

OK
...........................
✓ SUCCESSFUL! TEST PASSES
✓ PyFix is started...

~~~~~~~~~~~~~~~~~~~~~~~~~~~~~~~~~~~~~~~~~~~~~~~~~~~~~~~~~~~~~~~~~~~~~~~~~~~~~~~~~~~~~~~~~~~~~~~~~~~~~~~

	                              PySketchFix®: Sketches are created.

~~~~~~~~~~~~~~~~~~~~~~~~~~~~~~~~~~~~~~~~~~~~~~~~~~~~~~~~~~~~~~~~~~~~~~~~~~~~~~~~~~~~~~~~~~~~~~~~~~~~~~~
PySketchFix will run with:
bug file: /Users/daniel/BA_SketchFix_Evaluation/Evaluation/Projects/youtube-dl/youtube_dl/jsinterp.py
~~~~~~~~~~~~~~~~~~~~~~~~~~~~~~~~~~~~~~~~~~~~~~~~~~~~~~~~~~~~~~~~~~~~~~~~~~~~~~~~~~~~~~~~~~~~~~~~~~~~~~~
The suspicious lines which are taken are: [201, 206]
~~~~~~~~~~~~~~~~~~~~~~~~~~~~~~~~~~~~~~~~~~~~~~~~~~~~~~~~~~~~~~~~~~~~~~~~~~~~~~~~~~~~~~~~~~~~~~~~~~~~~~~
Start transforming line: 201
x Fail! Line: 201 could not be transformed: 'r'^(?P<func>%s)\((?P<args>[a-zA-Z0-9_$,]+)\)$' % _NAME_RE, expr)'
Start transforming line: 206
x Fail! Line: 206 could not be transformed: 'v in m.group('args').split(',')])'
~~~~~~~~~~~~~~~~~~~~~~~~~~~~~~~~~~~~~~~~~~~~~~~~~~~~~~~~~~~~~~~~~~~~~~~~~~~~~~~~~~~~~~~~~~~~~~~~~~~~~~~
Start creating 0 sketches.
✓
~~~~~~~~~~~~~~~~~~~~~~~~~~~~~~~~~~~~~~~~~~~~~~~~~~~~~~~~~~~~~~~~~~~~~~~~~~~~~~~~~~~~~~~~~~~~~~~~~~~~~~~
x Lines where no transformation is found:[201, 206]
✓ Number of created sketches:0
Time needed: 0.01 minutes.

+*+*+*+*+*+*+*+*+*+*+*+*+*+*+*+*+*+*+*+*+*+*+*+*+*+*+*+*+*+*+*+*+*+*+*+*+*+*+*+*+*+*+*+*+*+*+*+*+*+*+*+

                                          BUG: 5

+*+*+*+*+*+*+*+*+*+*+*+*+*+*+*+*+*+*+*+*+*+*+*+*+*+*+*+*+*+*+*+*+*+*+*+*+*+*+*+*+*+*+*+*+*+*+*+*+*+*+*+
bug_file = /Users/daniel/BA_SketchFix_Evaluation/Evaluation/Projects/youtube-dl/youtube_dl/utils.py
bug_test_file = /Users/daniel/BA_SketchFix_Evaluation/Evaluation/Projects/youtube-dl/test/test_utils.py
GIT RESET TO: b02b960c6bba834d9e7199ac53430c7933079dc8
HEAD is now at b02b960c6 [naver] improve extraction(closes #8096)
TEST EXECUTION:
test_age_restricted (test_utils.TestUtil) ... ok
test_args_to_str (test_utils.TestUtil) ... ok
test_base_url (test_utils.TestUtil) ... ok
test_clean_html (test_utils.TestUtil) ... ok
test_cli_bool_option (test_utils.TestUtil) ... ok
test_cli_option (test_utils.TestUtil) ... ok
test_cli_valueless_option (test_utils.TestUtil) ... ok
test_date_from_str (test_utils.TestUtil) ... ok
test_daterange (test_utils.TestUtil) ... ok
test_detect_exe_version (test_utils.TestUtil) ... ok
test_determine_ext (test_utils.TestUtil) ... ok
test_dfxp2srt (test_utils.TestUtil) ... ok
test_dict_get (test_utils.TestUtil) ... ok
test_encode_base_n (test_utils.TestUtil) ... ok
test_encode_compat_str (test_utils.TestUtil) ... ok
test_escape_rfc3986 (test_utils.TestUtil) ... ok
test_escape_url (test_utils.TestUtil) ... ok
test_expand_path (test_utils.TestUtil) ... ok
test_extract_attributes (test_utils.TestUtil) ... ok
test_find_xpath_attr (test_utils.TestUtil) ... ok
test_fix_xml_ampersands (test_utils.TestUtil) ... ok
test_get_element_by_attribute (test_utils.TestUtil) ... ok
test_get_element_by_class (test_utils.TestUtil) ... ok
test_get_elements_by_attribute (test_utils.TestUtil) ... ok
test_get_elements_by_class (test_utils.TestUtil) ... ok
test_intlist_to_bytes (test_utils.TestUtil) ... ok
test_is_html (test_utils.TestUtil) ... ok
test_js_to_json_edgecases (test_utils.TestUtil) ... ok
test_js_to_json_malformed (test_utils.TestUtil) ... ok
test_js_to_json_realworld (test_utils.TestUtil) ... ok
test_limit_length (test_utils.TestUtil) ... ok
test_lowercase_escape (test_utils.TestUtil) ... ok
test_match_str (test_utils.TestUtil) ... ok
test_mimetype2ext (test_utils.TestUtil) ... ok
test_month_by_name (test_utils.TestUtil) ... ok
test_multipart_encode (test_utils.TestUtil) ... ok
test_ohdave_rsa_encrypt (test_utils.TestUtil) ... ok
test_ordered_set (test_utils.TestUtil) ... ok
test_paged_list (test_utils.TestUtil) ... ok
test_parse_age_limit (test_utils.TestUtil) ... ok
test_parse_codecs (test_utils.TestUtil) ... WARNING: Unknown codec newcodec
ok
test_parse_count (test_utils.TestUtil) ... ok
test_parse_dfxp_time_expr (test_utils.TestUtil) ... ok
test_parse_duration (test_utils.TestUtil) ... ok
test_parse_filesize (test_utils.TestUtil) ... ok
test_parse_iso8601 (test_utils.TestUtil) ... ok
test_parse_resolution (test_utils.TestUtil) ... ok
test_pkcs1pad (test_utils.TestUtil) ... ok
test_prepend_extension (test_utils.TestUtil) ... ok
test_read_batch_urls (test_utils.TestUtil) ... ok
test_remove_end (test_utils.TestUtil) ... ok
test_remove_quotes (test_utils.TestUtil) ... ok
test_remove_start (test_utils.TestUtil) ... ok
test_render_table (test_utils.TestUtil) ... ok
test_replace_extension (test_utils.TestUtil) ... ok
test_sanitize_filename (test_utils.TestUtil) ... ok
test_sanitize_filename_restricted (test_utils.TestUtil) ... ok
test_sanitize_ids (test_utils.TestUtil) ... ok
test_sanitize_path (test_utils.TestUtil) ... ok
test_sanitize_url (test_utils.TestUtil) ... ok
test_shell_quote (test_utils.TestUtil) ... ok
test_smuggle_url (test_utils.TestUtil) ... ok
test_str_to_int (test_utils.TestUtil) ... ok
test_strip_jsonp (test_utils.TestUtil) ... ok
test_timeconvert (test_utils.TestUtil) ... ok
test_unescape_html (test_utils.TestUtil) ... ok
test_unified_dates (test_utils.TestUtil) ... ok
test_unified_timestamps (test_utils.TestUtil) ... ok
test_update_url_query (test_utils.TestUtil) ... ok
test_uppercase_escape (test_utils.TestUtil) ... ok
test_url_basename (test_utils.TestUtil) ... ok
test_urlencode_postdata (test_utils.TestUtil) ... ok
test_urljoin (test_utils.TestUtil) ... ok
test_urshift (test_utils.TestUtil) ... ok
test_version_tuple (test_utils.TestUtil) ... ok
test_xpath_attr (test_utils.TestUtil) ... ok
test_xpath_element (test_utils.TestUtil) ... ok
test_xpath_text (test_utils.TestUtil) ... ok
test_xpath_with_ns (test_utils.TestUtil) ... ok

----------------------------------------------------------------------
Ran 79 tests in 0.105s

OK
...........................
✓ SUCCESSFUL! TEST PASSES
✓ PyFix is started...

~~~~~~~~~~~~~~~~~~~~~~~~~~~~~~~~~~~~~~~~~~~~~~~~~~~~~~~~~~~~~~~~~~~~~~~~~~~~~~~~~~~~~~~~~~~~~~~~~~~~~~~

	                              PySketchFix®: Sketches are created.

~~~~~~~~~~~~~~~~~~~~~~~~~~~~~~~~~~~~~~~~~~~~~~~~~~~~~~~~~~~~~~~~~~~~~~~~~~~~~~~~~~~~~~~~~~~~~~~~~~~~~~~
PySketchFix will run with:
bug file: /Users/daniel/BA_SketchFix_Evaluation/Evaluation/Projects/youtube-dl/youtube_dl/utils.py
~~~~~~~~~~~~~~~~~~~~~~~~~~~~~~~~~~~~~~~~~~~~~~~~~~~~~~~~~~~~~~~~~~~~~~~~~~~~~~~~~~~~~~~~~~~~~~~~~~~~~~~
The suspicious lines which are taken are: [1104, 1112, 1118]
~~~~~~~~~~~~~~~~~~~~~~~~~~~~~~~~~~~~~~~~~~~~~~~~~~~~~~~~~~~~~~~~~~~~~~~~~~~~~~~~~~~~~~~~~~~~~~~~~~~~~~~
Start transforming line: 1104
x Fail! Line: 1104 could not be transformed: 'pm_delta = datetime.timedelta(hours=12 re.search(r'(?i)PM', date_str) 0)'
Start transforming line: 1112
✓
Start transforming line: 1118
x Fail! Line: 1118 could not be transformed: 'return calendar.timegm(timetuple.timetuple())'
~~~~~~~~~~~~~~~~~~~~~~~~~~~~~~~~~~~~~~~~~~~~~~~~~~~~~~~~~~~~~~~~~~~~~~~~~~~~~~~~~~~~~~~~~~~~~~~~~~~~~~~
Start creating 10 sketches.
✓
~~~~~~~~~~~~~~~~~~~~~~~~~~~~~~~~~~~~~~~~~~~~~~~~~~~~~~~~~~~~~~~~~~~~~~~~~~~~~~~~~~~~~~~~~~~~~~~~~~~~~~~
x Lines where no transformation is found:[1104, 1118]
✓ Number of created sketches:10
Time needed: 0.02 minutes.

+*+*+*+*+*+*+*+*+*+*+*+*+*+*+*+*+*+*+*+*+*+*+*+*+*+*+*+*+*+*+*+*+*+*+*+*+*+*+*+*+*+*+*+*+*+*+*+*+*+*+*+

                                          BUG: 6

+*+*+*+*+*+*+*+*+*+*+*+*+*+*+*+*+*+*+*+*+*+*+*+*+*+*+*+*+*+*+*+*+*+*+*+*+*+*+*+*+*+*+*+*+*+*+*+*+*+*+*+
bug_file = /Users/daniel/BA_SketchFix_Evaluation/Evaluation/Projects/youtube-dl/youtube_dl/utils.py
bug_test_file = /Users/daniel/BA_SketchFix_Evaluation/Evaluation/Projects/youtube-dl/test/test_utils.py
GIT RESET TO: 4f29fa99069760dc47ef9ca5dbf607a567d2982f
HEAD is now at 4f29fa990 [brightcove:new] Add test for ref: prefixed video id
TEST EXECUTION:
test_age_restricted (test_utils.TestUtil) ... ok
test_args_to_str (test_utils.TestUtil) ... ok
test_base_url (test_utils.TestUtil) ... ok
test_clean_html (test_utils.TestUtil) ... ok
test_cli_bool_option (test_utils.TestUtil) ... ok
test_cli_option (test_utils.TestUtil) ... ok
test_cli_valueless_option (test_utils.TestUtil) ... ok
test_date_from_str (test_utils.TestUtil) ... ok
test_daterange (test_utils.TestUtil) ... ok
test_detect_exe_version (test_utils.TestUtil) ... ok
test_determine_ext (test_utils.TestUtil) ... ok
test_dfxp2srt (test_utils.TestUtil) ... ok
test_dict_get (test_utils.TestUtil) ... ok
test_encode_base_n (test_utils.TestUtil) ... ok
test_encode_compat_str (test_utils.TestUtil) ... ok
test_escape_rfc3986 (test_utils.TestUtil) ... ok
test_escape_url (test_utils.TestUtil) ... ok
test_expand_path (test_utils.TestUtil) ... ok
test_extract_attributes (test_utils.TestUtil) ... ok
test_find_xpath_attr (test_utils.TestUtil) ... ok
test_fix_xml_ampersands (test_utils.TestUtil) ... ok
test_get_element_by_attribute (test_utils.TestUtil) ... ok
test_get_element_by_class (test_utils.TestUtil) ... ok
test_get_elements_by_attribute (test_utils.TestUtil) ... ok
test_get_elements_by_class (test_utils.TestUtil) ... ok
test_intlist_to_bytes (test_utils.TestUtil) ... ok
test_is_html (test_utils.TestUtil) ... ok
test_js_to_json_edgecases (test_utils.TestUtil) ... ok
test_js_to_json_malformed (test_utils.TestUtil) ... ok
test_js_to_json_realworld (test_utils.TestUtil) ... ok
test_limit_length (test_utils.TestUtil) ... ok
test_lowercase_escape (test_utils.TestUtil) ... ok
test_match_str (test_utils.TestUtil) ... ok
test_mimetype2ext (test_utils.TestUtil) ... ok
test_month_by_name (test_utils.TestUtil) ... ok
test_multipart_encode (test_utils.TestUtil) ... ok
test_ohdave_rsa_encrypt (test_utils.TestUtil) ... ok
test_ordered_set (test_utils.TestUtil) ... ok
test_paged_list (test_utils.TestUtil) ... ok
test_parse_age_limit (test_utils.TestUtil) ... ok
test_parse_codecs (test_utils.TestUtil) ... WARNING: Unknown codec newcodec
ok
test_parse_count (test_utils.TestUtil) ... ok
test_parse_dfxp_time_expr (test_utils.TestUtil) ... ok
test_parse_duration (test_utils.TestUtil) ... ok
test_parse_filesize (test_utils.TestUtil) ... ok
test_parse_iso8601 (test_utils.TestUtil) ... ok
test_parse_resolution (test_utils.TestUtil) ... ok
test_pkcs1pad (test_utils.TestUtil) ... ok
test_prepend_extension (test_utils.TestUtil) ... ok
test_read_batch_urls (test_utils.TestUtil) ... ok
test_remove_end (test_utils.TestUtil) ... ok
test_remove_quotes (test_utils.TestUtil) ... ok
test_remove_start (test_utils.TestUtil) ... ok
test_render_table (test_utils.TestUtil) ... ok
test_replace_extension (test_utils.TestUtil) ... ok
test_sanitize_filename (test_utils.TestUtil) ... ok
test_sanitize_filename_restricted (test_utils.TestUtil) ... ok
test_sanitize_ids (test_utils.TestUtil) ... ok
test_sanitize_path (test_utils.TestUtil) ... ok
test_sanitize_url (test_utils.TestUtil) ... ok
test_shell_quote (test_utils.TestUtil) ... ok
test_smuggle_url (test_utils.TestUtil) ... ok
test_str_to_int (test_utils.TestUtil) ... ok
test_strip_jsonp (test_utils.TestUtil) ... ok
test_timeconvert (test_utils.TestUtil) ... ok
test_unescape_html (test_utils.TestUtil) ... ok
test_unified_dates (test_utils.TestUtil) ... ok
test_unified_timestamps (test_utils.TestUtil) ... ok
test_update_url_query (test_utils.TestUtil) ... ok
test_uppercase_escape (test_utils.TestUtil) ... ok
test_url_basename (test_utils.TestUtil) ... ok
test_urlencode_postdata (test_utils.TestUtil) ... ok
test_urljoin (test_utils.TestUtil) ... ok
test_urshift (test_utils.TestUtil) ... ok
test_version_tuple (test_utils.TestUtil) ... ok
test_xpath_attr (test_utils.TestUtil) ... ok
test_xpath_element (test_utils.TestUtil) ... ok
test_xpath_text (test_utils.TestUtil) ... ok
test_xpath_with_ns (test_utils.TestUtil) ... ok

----------------------------------------------------------------------
Ran 79 tests in 0.104s

OK
...........................
✓ SUCCESSFUL! TEST PASSES
✓ PyFix is started...

~~~~~~~~~~~~~~~~~~~~~~~~~~~~~~~~~~~~~~~~~~~~~~~~~~~~~~~~~~~~~~~~~~~~~~~~~~~~~~~~~~~~~~~~~~~~~~~~~~~~~~~

	                              PySketchFix®: Sketches are created.

~~~~~~~~~~~~~~~~~~~~~~~~~~~~~~~~~~~~~~~~~~~~~~~~~~~~~~~~~~~~~~~~~~~~~~~~~~~~~~~~~~~~~~~~~~~~~~~~~~~~~~~
PySketchFix will run with:
bug file: /Users/daniel/BA_SketchFix_Evaluation/Evaluation/Projects/youtube-dl/youtube_dl/utils.py
~~~~~~~~~~~~~~~~~~~~~~~~~~~~~~~~~~~~~~~~~~~~~~~~~~~~~~~~~~~~~~~~~~~~~~~~~~~~~~~~~~~~~~~~~~~~~~~~~~~~~~~
The suspicious lines which are taken are: [1979, 2023, 2026]
~~~~~~~~~~~~~~~~~~~~~~~~~~~~~~~~~~~~~~~~~~~~~~~~~~~~~~~~~~~~~~~~~~~~~~~~~~~~~~~~~~~~~~~~~~~~~~~~~~~~~~~
Start transforming line: 1979
✓
Start transforming line: 2023
x Fail! Line: 2023 could not be transformed: 'begin_time = parse_dfxp_time_expr(para.attrib['begin'])'
Start transforming line: 2026
✓
~~~~~~~~~~~~~~~~~~~~~~~~~~~~~~~~~~~~~~~~~~~~~~~~~~~~~~~~~~~~~~~~~~~~~~~~~~~~~~~~~~~~~~~~~~~~~~~~~~~~~~~
Start creating 19 sketches.
✓
~~~~~~~~~~~~~~~~~~~~~~~~~~~~~~~~~~~~~~~~~~~~~~~~~~~~~~~~~~~~~~~~~~~~~~~~~~~~~~~~~~~~~~~~~~~~~~~~~~~~~~~
x Lines where no transformation is found:[2023]
✓ Number of created sketches:19
Time needed: 0.02 minutes.

+*+*+*+*+*+*+*+*+*+*+*+*+*+*+*+*+*+*+*+*+*+*+*+*+*+*+*+*+*+*+*+*+*+*+*+*+*+*+*+*+*+*+*+*+*+*+*+*+*+*+*+

                                          BUG: 7

+*+*+*+*+*+*+*+*+*+*+*+*+*+*+*+*+*+*+*+*+*+*+*+*+*+*+*+*+*+*+*+*+*+*+*+*+*+*+*+*+*+*+*+*+*+*+*+*+*+*+*+
bug_file = /Users/daniel/BA_SketchFix_Evaluation/Evaluation/Projects/youtube-dl/youtube_dl/utils.py
bug_test_file = /Users/daniel/BA_SketchFix_Evaluation/Evaluation/Projects/youtube-dl/test/test_utils.py
GIT RESET TO: 63a64948342ebfe46db8c258765e698a04a61904
HEAD is now at 63a649483 Merge pull request #7242 from lalinsky/vimeo-seed-status
TEST EXECUTION:
test_age_restricted (test_utils.TestUtil) ... ok
test_args_to_str (test_utils.TestUtil) ... ok
test_base_url (test_utils.TestUtil) ... ok
test_clean_html (test_utils.TestUtil) ... ok
test_cli_bool_option (test_utils.TestUtil) ... ok
test_cli_option (test_utils.TestUtil) ... ok
test_cli_valueless_option (test_utils.TestUtil) ... ok
test_date_from_str (test_utils.TestUtil) ... ok
test_daterange (test_utils.TestUtil) ... ok
test_detect_exe_version (test_utils.TestUtil) ... ok
test_determine_ext (test_utils.TestUtil) ... ok
test_dfxp2srt (test_utils.TestUtil) ... ok
test_dict_get (test_utils.TestUtil) ... ok
test_encode_base_n (test_utils.TestUtil) ... ok
test_encode_compat_str (test_utils.TestUtil) ... ok
test_escape_rfc3986 (test_utils.TestUtil) ... ok
test_escape_url (test_utils.TestUtil) ... ok
test_expand_path (test_utils.TestUtil) ... ok
test_extract_attributes (test_utils.TestUtil) ... ok
test_find_xpath_attr (test_utils.TestUtil) ... ok
test_fix_xml_ampersands (test_utils.TestUtil) ... ok
test_get_element_by_attribute (test_utils.TestUtil) ... ok
test_get_element_by_class (test_utils.TestUtil) ... ok
test_get_elements_by_attribute (test_utils.TestUtil) ... ok
test_get_elements_by_class (test_utils.TestUtil) ... ok
test_intlist_to_bytes (test_utils.TestUtil) ... ok
test_is_html (test_utils.TestUtil) ... ok
test_js_to_json_edgecases (test_utils.TestUtil) ... ok
test_js_to_json_malformed (test_utils.TestUtil) ... ok
test_js_to_json_realworld (test_utils.TestUtil) ... ok
test_limit_length (test_utils.TestUtil) ... ok
test_lowercase_escape (test_utils.TestUtil) ... ok
test_match_str (test_utils.TestUtil) ... ok
test_mimetype2ext (test_utils.TestUtil) ... ok
test_month_by_name (test_utils.TestUtil) ... ok
test_multipart_encode (test_utils.TestUtil) ... ok
test_ohdave_rsa_encrypt (test_utils.TestUtil) ... ok
test_ordered_set (test_utils.TestUtil) ... ok
test_paged_list (test_utils.TestUtil) ... ok
test_parse_age_limit (test_utils.TestUtil) ... ok
test_parse_codecs (test_utils.TestUtil) ... WARNING: Unknown codec newcodec
ok
test_parse_count (test_utils.TestUtil) ... ok
test_parse_dfxp_time_expr (test_utils.TestUtil) ... ok
test_parse_duration (test_utils.TestUtil) ... ok
test_parse_filesize (test_utils.TestUtil) ... ok
test_parse_iso8601 (test_utils.TestUtil) ... ok
test_parse_resolution (test_utils.TestUtil) ... ok
test_pkcs1pad (test_utils.TestUtil) ... ok
test_prepend_extension (test_utils.TestUtil) ... ok
test_read_batch_urls (test_utils.TestUtil) ... ok
test_remove_end (test_utils.TestUtil) ... ok
test_remove_quotes (test_utils.TestUtil) ... ok
test_remove_start (test_utils.TestUtil) ... ok
test_render_table (test_utils.TestUtil) ... ok
test_replace_extension (test_utils.TestUtil) ... ok
test_sanitize_filename (test_utils.TestUtil) ... ok
test_sanitize_filename_restricted (test_utils.TestUtil) ... ok
test_sanitize_ids (test_utils.TestUtil) ... ok
test_sanitize_path (test_utils.TestUtil) ... ok
test_sanitize_url (test_utils.TestUtil) ... ok
test_shell_quote (test_utils.TestUtil) ... ok
test_smuggle_url (test_utils.TestUtil) ... ok
test_str_to_int (test_utils.TestUtil) ... ok
test_strip_jsonp (test_utils.TestUtil) ... ok
test_timeconvert (test_utils.TestUtil) ... ok
test_unescape_html (test_utils.TestUtil) ... ok
test_unified_dates (test_utils.TestUtil) ... ok
test_unified_timestamps (test_utils.TestUtil) ... ok
test_update_url_query (test_utils.TestUtil) ... ok
test_uppercase_escape (test_utils.TestUtil) ... ok
test_url_basename (test_utils.TestUtil) ... ok
test_urlencode_postdata (test_utils.TestUtil) ... ok
test_urljoin (test_utils.TestUtil) ... ok
test_urshift (test_utils.TestUtil) ... ok
test_version_tuple (test_utils.TestUtil) ... ok
test_xpath_attr (test_utils.TestUtil) ... ok
test_xpath_element (test_utils.TestUtil) ... ok
test_xpath_text (test_utils.TestUtil) ... ok
test_xpath_with_ns (test_utils.TestUtil) ... ok

----------------------------------------------------------------------
Ran 79 tests in 0.136s

OK
...........................
✓ SUCCESSFUL! TEST PASSES
✓ PyFix is started...

~~~~~~~~~~~~~~~~~~~~~~~~~~~~~~~~~~~~~~~~~~~~~~~~~~~~~~~~~~~~~~~~~~~~~~~~~~~~~~~~~~~~~~~~~~~~~~~~~~~~~~~

	                              PySketchFix®: Sketches are created.

~~~~~~~~~~~~~~~~~~~~~~~~~~~~~~~~~~~~~~~~~~~~~~~~~~~~~~~~~~~~~~~~~~~~~~~~~~~~~~~~~~~~~~~~~~~~~~~~~~~~~~~
PySketchFix will run with:
bug file: /Users/daniel/BA_SketchFix_Evaluation/Evaluation/Projects/youtube-dl/youtube_dl/utils.py
~~~~~~~~~~~~~~~~~~~~~~~~~~~~~~~~~~~~~~~~~~~~~~~~~~~~~~~~~~~~~~~~~~~~~~~~~~~~~~~~~~~~~~~~~~~~~~~~~~~~~~~
The suspicious lines which are taken are: [1704, 1705]
~~~~~~~~~~~~~~~~~~~~~~~~~~~~~~~~~~~~~~~~~~~~~~~~~~~~~~~~~~~~~~~~~~~~~~~~~~~~~~~~~~~~~~~~~~~~~~~~~~~~~~~
Start transforming line: 1704
✓
Start transforming line: 1705
x Fail! Line: 1705 could not be transformed: 'v.startswith("'")'
~~~~~~~~~~~~~~~~~~~~~~~~~~~~~~~~~~~~~~~~~~~~~~~~~~~~~~~~~~~~~~~~~~~~~~~~~~~~~~~~~~~~~~~~~~~~~~~~~~~~~~~
Start creating 3 sketches.
✓
~~~~~~~~~~~~~~~~~~~~~~~~~~~~~~~~~~~~~~~~~~~~~~~~~~~~~~~~~~~~~~~~~~~~~~~~~~~~~~~~~~~~~~~~~~~~~~~~~~~~~~~
x Lines where no transformation is found:[1705]
✓ Number of created sketches:3
Time needed: 0.01 minutes.

+*+*+*+*+*+*+*+*+*+*+*+*+*+*+*+*+*+*+*+*+*+*+*+*+*+*+*+*+*+*+*+*+*+*+*+*+*+*+*+*+*+*+*+*+*+*+*+*+*+*+*+

                                          BUG: 8

+*+*+*+*+*+*+*+*+*+*+*+*+*+*+*+*+*+*+*+*+*+*+*+*+*+*+*+*+*+*+*+*+*+*+*+*+*+*+*+*+*+*+*+*+*+*+*+*+*+*+*+
bug_file = /Users/daniel/BA_SketchFix_Evaluation/Evaluation/Projects/youtube-dl/youtube_dl/YoutubeDL.py
bug_test_file = /Users/daniel/BA_SketchFix_Evaluation/Evaluation/Projects/youtube-dl/test/test_YoutubeDL.py
GIT RESET TO: cf2ac6df6896dac4d23918867bb86fac1e1088d9
HEAD is now at cf2ac6df6 [YoutubeDL] format spec: Fix handling of '+' with '/'
TEST EXECUTION:
test_format_filtering (test_YoutubeDL.TestFormatSelection) ... ok
test_format_selection (test_YoutubeDL.TestFormatSelection) ... ok
test_format_selection_audio (test_YoutubeDL.TestFormatSelection) ... ok
test_format_selection_audio_exts (test_YoutubeDL.TestFormatSelection) ... ok
test_format_selection_video (test_YoutubeDL.TestFormatSelection) ... ok
test_prefer_free_formats (test_YoutubeDL.TestFormatSelection) ... ok
test_youtube_format_selection (test_YoutubeDL.TestFormatSelection) ... ERROR
test_add_extra_info (test_YoutubeDL.TestYoutubeDL) ... ok
test_format_note (test_YoutubeDL.TestYoutubeDL) ... ok
test_match_filter (test_YoutubeDL.TestYoutubeDL) ... ok
test_playlist_items_selection (test_YoutubeDL.TestYoutubeDL) ... ok
test_postprocessors (test_YoutubeDL.TestYoutubeDL) ... ok
Deleting original file post-processor-testfile.mp4 (pass -k to keep)
test_prepare_filename (test_YoutubeDL.TestYoutubeDL) ... ok
test_subtitles (test_YoutubeDL.TestYoutubeDL) ... ok

======================================================================
ERROR: test_youtube_format_selection (test_YoutubeDL.TestFormatSelection)
----------------------------------------------------------------------
Traceback (most recent call last):
  File "/Users/daniel/BA_SketchFix_Evaluation/Evaluation/Projects/youtube-dl/test/test_YoutubeDL.py", line 243, in test_youtube_format_selection
    ydl.process_ie_result(info_dict)
  File "/Users/daniel/BA_SketchFix_Evaluation/Evaluation/Projects/youtube-dl/youtube_dl/YoutubeDL.py", line 854, in process_ie_result
    raise Exception('Invalid result type: %s' % result_type)
  File "/Users/daniel/BA_SketchFix_Evaluation/Evaluation/Projects/youtube-dl/youtube_dl/YoutubeDL.py", line 1619, in process_video_result
    raise
youtube_dl.utils.ExtractorError: requested format not available

----------------------------------------------------------------------
Ran 14 tests in 1.177s

FAILED (errors=1)
...........................
x TEST FAILS
✓ PyFix is started...

~~~~~~~~~~~~~~~~~~~~~~~~~~~~~~~~~~~~~~~~~~~~~~~~~~~~~~~~~~~~~~~~~~~~~~~~~~~~~~~~~~~~~~~~~~~~~~~~~~~~~~~

	                              PySketchFix®: Sketches are created.

~~~~~~~~~~~~~~~~~~~~~~~~~~~~~~~~~~~~~~~~~~~~~~~~~~~~~~~~~~~~~~~~~~~~~~~~~~~~~~~~~~~~~~~~~~~~~~~~~~~~~~~
PySketchFix will run with:
bug file: /Users/daniel/BA_SketchFix_Evaluation/Evaluation/Projects/youtube-dl/youtube_dl/YoutubeDL.py
~~~~~~~~~~~~~~~~~~~~~~~~~~~~~~~~~~~~~~~~~~~~~~~~~~~~~~~~~~~~~~~~~~~~~~~~~~~~~~~~~~~~~~~~~~~~~~~~~~~~~~~
The suspicious lines which are taken are: [961, 962]
~~~~~~~~~~~~~~~~~~~~~~~~~~~~~~~~~~~~~~~~~~~~~~~~~~~~~~~~~~~~~~~~~~~~~~~~~~~~~~~~~~~~~~~~~~~~~~~~~~~~~~~
Start transforming line: 961
✓
Start transforming line: 962
✓
~~~~~~~~~~~~~~~~~~~~~~~~~~~~~~~~~~~~~~~~~~~~~~~~~~~~~~~~~~~~~~~~~~~~~~~~~~~~~~~~~~~~~~~~~~~~~~~~~~~~~~~
Start creating 54 sketches.
✓
~~~~~~~~~~~~~~~~~~~~~~~~~~~~~~~~~~~~~~~~~~~~~~~~~~~~~~~~~~~~~~~~~~~~~~~~~~~~~~~~~~~~~~~~~~~~~~~~~~~~~~~
x Lines where no transformation is found:[]
✓ Number of created sketches:54
Time needed: 0.02 minutes.

+*+*+*+*+*+*+*+*+*+*+*+*+*+*+*+*+*+*+*+*+*+*+*+*+*+*+*+*+*+*+*+*+*+*+*+*+*+*+*+*+*+*+*+*+*+*+*+*+*+*+*+

                                          BUG: 9

+*+*+*+*+*+*+*+*+*+*+*+*+*+*+*+*+*+*+*+*+*+*+*+*+*+*+*+*+*+*+*+*+*+*+*+*+*+*+*+*+*+*+*+*+*+*+*+*+*+*+*+
bug_file = /Users/daniel/BA_SketchFix_Evaluation/Evaluation/Projects/youtube-dl/youtube_dl/YoutubeDL.py
bug_test_file = /Users/daniel/BA_SketchFix_Evaluation/Evaluation/Projects/youtube-dl/test/test_YoutubeDL.py
GIT RESET TO: 0130afb76e5cb6f470f39f127c8d09eea3e82d0d
HEAD is now at 0130afb76 [YoutubeDL] format spec: allow grouping specifiers with parentheses
TEST EXECUTION:
test_format_filtering (test_YoutubeDL.TestFormatSelection) ... ok
test_format_selection (test_YoutubeDL.TestFormatSelection) ... ok
test_format_selection_audio (test_YoutubeDL.TestFormatSelection) ... ok
test_format_selection_audio_exts (test_YoutubeDL.TestFormatSelection) ... ok
test_format_selection_video (test_YoutubeDL.TestFormatSelection) ... ok
test_prefer_free_formats (test_YoutubeDL.TestFormatSelection) ... ok
test_youtube_format_selection (test_YoutubeDL.TestFormatSelection) ... ERROR
test_add_extra_info (test_YoutubeDL.TestYoutubeDL) ... ok
test_format_note (test_YoutubeDL.TestYoutubeDL) ... ok
test_match_filter (test_YoutubeDL.TestYoutubeDL) ... ok
test_playlist_items_selection (test_YoutubeDL.TestYoutubeDL) ... ok
test_postprocessors (test_YoutubeDL.TestYoutubeDL) ... ok
Deleting original file post-processor-testfile.mp4 (pass -k to keep)
test_prepare_filename (test_YoutubeDL.TestYoutubeDL) ... ok
test_subtitles (test_YoutubeDL.TestYoutubeDL) ... ok
...........................
x TEST FAILS
✓ PyFix is started...

~~~~~~~~~~~~~~~~~~~~~~~~~~~~~~~~~~~~~~~~~~~~~~~~~~~~~~~~~~~~~~~~~~~~~~~~~~~~~~~~~~~~~~~~~~~~~~~~~~~~~~~

	                              PySketchFix®: Sketches are created.

~~~~~~~~~~~~~~~~~~~~~~~~~~~~~~~~~~~~~~~~~~~~~~~~~~~~~~~~~~~~~~~~~~~~~~~~~~~~~~~~~~~~~~~~~~~~~~~~~~~~~~~
PySketchFix will run with:
bug file: /Users/daniel/BA_SketchFix_Evaluation/Evaluation/Projects/youtube-dl/youtube_dl/YoutubeDL.py
~~~~~~~~~~~~~~~~~~~~~~~~~~~~~~~~~~~~~~~~~~~~~~~~~~~~~~~~~~~~~~~~~~~~~~~~~~~~~~~~~~~~~~~~~~~~~~~~~~~~~~~

======================================================================
ERROR: test_youtube_format_selection (test_YoutubeDL.TestFormatSelection)
----------------------------------------------------------------------
Traceback (most recent call last):
  File "/Users/daniel/BA_SketchFix_Evaluation/Evaluation/Projects/youtube-dl/test/test_YoutubeDL.py", line 243, in test_youtube_format_selection
    ydl.process_ie_result(info_dict)
  File "/Users/daniel/BA_SketchFix_Evaluation/Evaluation/Projects/youtube-dl/youtube_dl/YoutubeDL.py", line 854, in process_ie_result
    raise Exception('Invalid result type: %s' % result_type)
  File "/Users/daniel/BA_SketchFix_Evaluation/Evaluation/Projects/youtube-dl/youtube_dl/YoutubeDL.py", line 1619, in process_video_result
    return self._download_retcode
youtube_dl.utils.ExtractorError: requested format not available

----------------------------------------------------------------------
Ran 14 tests in 1.025s

FAILED (errors=1)
The suspicious lines which are taken are: [934, 944, 946, 951, 954]
~~~~~~~~~~~~~~~~~~~~~~~~~~~~~~~~~~~~~~~~~~~~~~~~~~~~~~~~~~~~~~~~~~~~~~~~~~~~~~~~~~~~~~~~~~~~~~~~~~~~~~~
Start transforming line: 934
✓
Start transforming line: 944
✓
Start transforming line: 946
✓
Start transforming line: 951
✓
Start transforming line: 954
✓
~~~~~~~~~~~~~~~~~~~~~~~~~~~~~~~~~~~~~~~~~~~~~~~~~~~~~~~~~~~~~~~~~~~~~~~~~~~~~~~~~~~~~~~~~~~~~~~~~~~~~~~
Start creating 17874 sketches.
✓
~~~~~~~~~~~~~~~~~~~~~~~~~~~~~~~~~~~~~~~~~~~~~~~~~~~~~~~~~~~~~~~~~~~~~~~~~~~~~~~~~~~~~~~~~~~~~~~~~~~~~~~
x Lines where no transformation is found:[]
✓ Number of created sketches:17874
Time needed: 4.0 minutes.

+*+*+*+*+*+*+*+*+*+*+*+*+*+*+*+*+*+*+*+*+*+*+*+*+*+*+*+*+*+*+*+*+*+*+*+*+*+*+*+*+*+*+*+*+*+*+*+*+*+*+*+

                                          BUG: 10

+*+*+*+*+*+*+*+*+*+*+*+*+*+*+*+*+*+*+*+*+*+*+*+*+*+*+*+*+*+*+*+*+*+*+*+*+*+*+*+*+*+*+*+*+*+*+*+*+*+*+*+
bug_file = /Users/daniel/BA_SketchFix_Evaluation/Evaluation/Projects/youtube-dl/youtube_dl/utils.py
bug_test_file = /Users/daniel/BA_SketchFix_Evaluation/Evaluation/Projects/youtube-dl/test/test_utils.py
GIT RESET TO: 85d586617750d38d742a24f141b099f6b898d269
HEAD is now at 85d586617 [yahoo] Remove md5sum from test case
TEST EXECUTION:
test_age_restricted (test_utils.TestUtil) ... ok
test_args_to_str (test_utils.TestUtil) ... ok
test_base_url (test_utils.TestUtil) ... ok
test_clean_html (test_utils.TestUtil) ... ok
test_cli_bool_option (test_utils.TestUtil) ... ok
test_cli_option (test_utils.TestUtil) ... ok
test_cli_valueless_option (test_utils.TestUtil) ... ok
test_date_from_str (test_utils.TestUtil) ... ok
test_daterange (test_utils.TestUtil) ... ok
test_detect_exe_version (test_utils.TestUtil) ... ok
test_determine_ext (test_utils.TestUtil) ... ok
test_dfxp2srt (test_utils.TestUtil) ... ok
test_dict_get (test_utils.TestUtil) ... ok
test_encode_base_n (test_utils.TestUtil) ... ok
test_encode_compat_str (test_utils.TestUtil) ... ok
test_escape_rfc3986 (test_utils.TestUtil) ... ok
test_escape_url (test_utils.TestUtil) ... ok
test_expand_path (test_utils.TestUtil) ... ok
test_extract_attributes (test_utils.TestUtil) ... ok
test_find_xpath_attr (test_utils.TestUtil) ... ok
test_fix_xml_ampersands (test_utils.TestUtil) ... ok
test_get_element_by_attribute (test_utils.TestUtil) ... ok
test_get_element_by_class (test_utils.TestUtil) ... ok
test_get_elements_by_attribute (test_utils.TestUtil) ... ok
test_get_elements_by_class (test_utils.TestUtil) ... ok
test_intlist_to_bytes (test_utils.TestUtil) ... ok
test_is_html (test_utils.TestUtil) ... ok
test_js_to_json_edgecases (test_utils.TestUtil) ... ok
test_js_to_json_malformed (test_utils.TestUtil) ... ok
test_js_to_json_realworld (test_utils.TestUtil) ... ok
test_limit_length (test_utils.TestUtil) ... ok
test_lowercase_escape (test_utils.TestUtil) ... ok
test_match_str (test_utils.TestUtil) ... ok
test_mimetype2ext (test_utils.TestUtil) ... ok
test_month_by_name (test_utils.TestUtil) ... ok
test_multipart_encode (test_utils.TestUtil) ... ok
test_ohdave_rsa_encrypt (test_utils.TestUtil) ... ok
test_ordered_set (test_utils.TestUtil) ... ok
test_paged_list (test_utils.TestUtil) ... ok
test_parse_age_limit (test_utils.TestUtil) ... ok
test_parse_codecs (test_utils.TestUtil) ... WARNING: Unknown codec newcodec
ok
test_parse_count (test_utils.TestUtil) ... ok
test_parse_dfxp_time_expr (test_utils.TestUtil) ... ok
test_parse_duration (test_utils.TestUtil) ... ok
test_parse_filesize (test_utils.TestUtil) ... ok
test_parse_iso8601 (test_utils.TestUtil) ... ok
test_parse_resolution (test_utils.TestUtil) ... ok
test_pkcs1pad (test_utils.TestUtil) ... ok
test_prepend_extension (test_utils.TestUtil) ... ok
test_read_batch_urls (test_utils.TestUtil) ... ok
test_remove_end (test_utils.TestUtil) ... ok
test_remove_quotes (test_utils.TestUtil) ... ok
test_remove_start (test_utils.TestUtil) ... ok
test_render_table (test_utils.TestUtil) ... ok
test_replace_extension (test_utils.TestUtil) ... ok
test_sanitize_filename (test_utils.TestUtil) ... ok
test_sanitize_filename_restricted (test_utils.TestUtil) ... ok
test_sanitize_ids (test_utils.TestUtil) ... ok
test_sanitize_path (test_utils.TestUtil) ... ok
test_sanitize_url (test_utils.TestUtil) ... ok
test_shell_quote (test_utils.TestUtil) ... ok
test_smuggle_url (test_utils.TestUtil) ... ok
test_str_to_int (test_utils.TestUtil) ... ok
test_strip_jsonp (test_utils.TestUtil) ... ok
test_timeconvert (test_utils.TestUtil) ... ok
test_unescape_html (test_utils.TestUtil) ... ok
test_unified_dates (test_utils.TestUtil) ... ok
test_unified_timestamps (test_utils.TestUtil) ... ok
test_update_url_query (test_utils.TestUtil) ... ok
test_uppercase_escape (test_utils.TestUtil) ... ok
test_url_basename (test_utils.TestUtil) ... ok
test_urlencode_postdata (test_utils.TestUtil) ... ok
test_urljoin (test_utils.TestUtil) ... ok
test_urshift (test_utils.TestUtil) ... ok
test_version_tuple (test_utils.TestUtil) ... ok
test_xpath_attr (test_utils.TestUtil) ... ok
test_xpath_element (test_utils.TestUtil) ... ok
test_xpath_text (test_utils.TestUtil) ... ok
test_xpath_with_ns (test_utils.TestUtil) ... ok

----------------------------------------------------------------------
Ran 79 tests in 0.110s

OK
...........................
✓ SUCCESSFUL! TEST PASSES
✓ PyFix is started...

~~~~~~~~~~~~~~~~~~~~~~~~~~~~~~~~~~~~~~~~~~~~~~~~~~~~~~~~~~~~~~~~~~~~~~~~~~~~~~~~~~~~~~~~~~~~~~~~~~~~~~~

	                              PySketchFix®: Sketches are created.

~~~~~~~~~~~~~~~~~~~~~~~~~~~~~~~~~~~~~~~~~~~~~~~~~~~~~~~~~~~~~~~~~~~~~~~~~~~~~~~~~~~~~~~~~~~~~~~~~~~~~~~
PySketchFix will run with:
bug file: /Users/daniel/BA_SketchFix_Evaluation/Evaluation/Projects/youtube-dl/youtube_dl/utils.py
~~~~~~~~~~~~~~~~~~~~~~~~~~~~~~~~~~~~~~~~~~~~~~~~~~~~~~~~~~~~~~~~~~~~~~~~~~~~~~~~~~~~~~~~~~~~~~~~~~~~~~~
The suspicious lines which are taken are: [1563, 1564]
~~~~~~~~~~~~~~~~~~~~~~~~~~~~~~~~~~~~~~~~~~~~~~~~~~~~~~~~~~~~~~~~~~~~~~~~~~~~~~~~~~~~~~~~~~~~~~~~~~~~~~~
Start transforming line: 1563
x Fail! Line: 1563 could not be transformed: '"(?[^"\\]*(?\\\\|\\")?)*"|'
Start transforming line: 1564
x Fail! Line: 1564 could not be transformed: ''(?[^'\\]*(?\\\\|\\')?)*'|'
~~~~~~~~~~~~~~~~~~~~~~~~~~~~~~~~~~~~~~~~~~~~~~~~~~~~~~~~~~~~~~~~~~~~~~~~~~~~~~~~~~~~~~~~~~~~~~~~~~~~~~~
Start creating 0 sketches.
✓
~~~~~~~~~~~~~~~~~~~~~~~~~~~~~~~~~~~~~~~~~~~~~~~~~~~~~~~~~~~~~~~~~~~~~~~~~~~~~~~~~~~~~~~~~~~~~~~~~~~~~~~
x Lines where no transformation is found:[1563, 1564]
✓ Number of created sketches:0
Time needed: 0.11 minutes.

+*+*+*+*+*+*+*+*+*+*+*+*+*+*+*+*+*+*+*+*+*+*+*+*+*+*+*+*+*+*+*+*+*+*+*+*+*+*+*+*+*+*+*+*+*+*+*+*+*+*+*+

                                          BUG: 11

+*+*+*+*+*+*+*+*+*+*+*+*+*+*+*+*+*+*+*+*+*+*+*+*+*+*+*+*+*+*+*+*+*+*+*+*+*+*+*+*+*+*+*+*+*+*+*+*+*+*+*+
bug_file = /Users/daniel/BA_SketchFix_Evaluation/Evaluation/Projects/youtube-dl/youtube_dl/utils.py
bug_test_file = /Users/daniel/BA_SketchFix_Evaluation/Evaluation/Projects/youtube-dl/test/test_utils.py
GIT RESET TO: b568561eba6f4aceb87419e21aba11567c5de7da
HEAD is now at b568561eb release 2019.11.28
TEST EXECUTION:
test_age_restricted (test_utils.TestUtil) ... ok
test_args_to_str (test_utils.TestUtil) ... ok
test_base_url (test_utils.TestUtil) ... ok
test_clean_html (test_utils.TestUtil) ... ok
test_cli_bool_option (test_utils.TestUtil) ... ok
test_cli_option (test_utils.TestUtil) ... ok
test_cli_valueless_option (test_utils.TestUtil) ... ok
test_date_from_str (test_utils.TestUtil) ... ok
test_daterange (test_utils.TestUtil) ... ok
test_detect_exe_version (test_utils.TestUtil) ... ok
test_determine_ext (test_utils.TestUtil) ... ok
test_dfxp2srt (test_utils.TestUtil) ... ok
test_dict_get (test_utils.TestUtil) ... ok
test_encode_base_n (test_utils.TestUtil) ... ok
test_encode_compat_str (test_utils.TestUtil) ... ok
test_escape_rfc3986 (test_utils.TestUtil) ... ok
test_escape_url (test_utils.TestUtil) ... ok
test_expand_path (test_utils.TestUtil) ... ok
test_extract_attributes (test_utils.TestUtil) ... ok
test_find_xpath_attr (test_utils.TestUtil) ... ok
test_fix_xml_ampersands (test_utils.TestUtil) ... ok
test_get_element_by_attribute (test_utils.TestUtil) ... ok
test_get_element_by_class (test_utils.TestUtil) ... ok
test_get_elements_by_attribute (test_utils.TestUtil) ... ok
test_get_elements_by_class (test_utils.TestUtil) ... ok
test_intlist_to_bytes (test_utils.TestUtil) ... ok
test_is_html (test_utils.TestUtil) ... ok
test_js_to_json_edgecases (test_utils.TestUtil) ... ok
test_js_to_json_malformed (test_utils.TestUtil) ... ok
test_js_to_json_realworld (test_utils.TestUtil) ... ok
test_limit_length (test_utils.TestUtil) ... ok
test_lowercase_escape (test_utils.TestUtil) ... ok
test_match_str (test_utils.TestUtil) ... ok
test_mimetype2ext (test_utils.TestUtil) ... ok
test_month_by_name (test_utils.TestUtil) ... ok
test_multipart_encode (test_utils.TestUtil) ... ok
test_ohdave_rsa_encrypt (test_utils.TestUtil) ... ok
test_ordered_set (test_utils.TestUtil) ... ok
test_paged_list (test_utils.TestUtil) ... ok
test_parse_age_limit (test_utils.TestUtil) ... ok
test_parse_codecs (test_utils.TestUtil) ... WARNING: Unknown codec newcodec
ok
test_parse_count (test_utils.TestUtil) ... ok
test_parse_dfxp_time_expr (test_utils.TestUtil) ... ok
test_parse_duration (test_utils.TestUtil) ... ok
test_parse_filesize (test_utils.TestUtil) ... ok
test_parse_iso8601 (test_utils.TestUtil) ... ok
test_parse_resolution (test_utils.TestUtil) ... ok
test_pkcs1pad (test_utils.TestUtil) ... ok
test_prepend_extension (test_utils.TestUtil) ... ok
test_read_batch_urls (test_utils.TestUtil) ... ok
test_remove_end (test_utils.TestUtil) ... ok
test_remove_quotes (test_utils.TestUtil) ... ok
test_remove_start (test_utils.TestUtil) ... ok
test_render_table (test_utils.TestUtil) ... ok
test_replace_extension (test_utils.TestUtil) ... ok
test_sanitize_filename (test_utils.TestUtil) ... ok
test_sanitize_filename_restricted (test_utils.TestUtil) ... ok
test_sanitize_ids (test_utils.TestUtil) ... ok
test_sanitize_path (test_utils.TestUtil) ... ok
test_sanitize_url (test_utils.TestUtil) ... ok
test_shell_quote (test_utils.TestUtil) ... ok
test_smuggle_url (test_utils.TestUtil) ... ok
test_str_to_int (test_utils.TestUtil) ... ok
test_strip_jsonp (test_utils.TestUtil) ... ok
test_timeconvert (test_utils.TestUtil) ... ok
test_unescape_html (test_utils.TestUtil) ... ok
test_unified_dates (test_utils.TestUtil) ... ok
test_unified_timestamps (test_utils.TestUtil) ... ok
test_update_url_query (test_utils.TestUtil) ... ok
test_uppercase_escape (test_utils.TestUtil) ... ok
test_url_basename (test_utils.TestUtil) ... ok
test_urlencode_postdata (test_utils.TestUtil) ... ok
test_urljoin (test_utils.TestUtil) ... ok
test_urshift (test_utils.TestUtil) ... ok
test_version_tuple (test_utils.TestUtil) ... ok
test_xpath_attr (test_utils.TestUtil) ... ok
test_xpath_element (test_utils.TestUtil) ... ok
test_xpath_text (test_utils.TestUtil) ... ok
test_xpath_with_ns (test_utils.TestUtil) ... ok

----------------------------------------------------------------------
Ran 79 tests in 0.111s

OK
...........................
✓ SUCCESSFUL! TEST PASSES
✓ PyFix is started...

~~~~~~~~~~~~~~~~~~~~~~~~~~~~~~~~~~~~~~~~~~~~~~~~~~~~~~~~~~~~~~~~~~~~~~~~~~~~~~~~~~~~~~~~~~~~~~~~~~~~~~~

	                              PySketchFix®: Sketches are created.

~~~~~~~~~~~~~~~~~~~~~~~~~~~~~~~~~~~~~~~~~~~~~~~~~~~~~~~~~~~~~~~~~~~~~~~~~~~~~~~~~~~~~~~~~~~~~~~~~~~~~~~
PySketchFix will run with:
bug file: /Users/daniel/BA_SketchFix_Evaluation/Evaluation/Projects/youtube-dl/youtube_dl/utils.py
~~~~~~~~~~~~~~~~~~~~~~~~~~~~~~~~~~~~~~~~~~~~~~~~~~~~~~~~~~~~~~~~~~~~~~~~~~~~~~~~~~~~~~~~~~~~~~~~~~~~~~~
The suspicious lines which are taken are: [3522, 3523]
~~~~~~~~~~~~~~~~~~~~~~~~~~~~~~~~~~~~~~~~~~~~~~~~~~~~~~~~~~~~~~~~~~~~~~~~~~~~~~~~~~~~~~~~~~~~~~~~~~~~~~~
Start transforming line: 3522
✓
Start transforming line: 3523
✓
~~~~~~~~~~~~~~~~~~~~~~~~~~~~~~~~~~~~~~~~~~~~~~~~~~~~~~~~~~~~~~~~~~~~~~~~~~~~~~~~~~~~~~~~~~~~~~~~~~~~~~~
Start creating 20 sketches.
✓
~~~~~~~~~~~~~~~~~~~~~~~~~~~~~~~~~~~~~~~~~~~~~~~~~~~~~~~~~~~~~~~~~~~~~~~~~~~~~~~~~~~~~~~~~~~~~~~~~~~~~~~
x Lines where no transformation is found:[]
✓ Number of created sketches:20
Time needed: 0.02 minutes.

+*+*+*+*+*+*+*+*+*+*+*+*+*+*+*+*+*+*+*+*+*+*+*+*+*+*+*+*+*+*+*+*+*+*+*+*+*+*+*+*+*+*+*+*+*+*+*+*+*+*+*+

                                          BUG: 12

+*+*+*+*+*+*+*+*+*+*+*+*+*+*+*+*+*+*+*+*+*+*+*+*+*+*+*+*+*+*+*+*+*+*+*+*+*+*+*+*+*+*+*+*+*+*+*+*+*+*+*+
bug_file = /Users/daniel/BA_SketchFix_Evaluation/Evaluation/Projects/youtube-dl/youtube_dl/YoutubeDL.py
bug_test_file = /Users/daniel/BA_SketchFix_Evaluation/Evaluation/Projects/youtube-dl/test/test_YoutubeDL.py
GIT RESET TO: 435e382423f860aca82a58d7c3db58cbfa242b40
HEAD is now at 435e38242 release 2019.01.23
TEST EXECUTION:
test_format_filtering (test_YoutubeDL.TestFormatSelection) ... ok
test_format_selection (test_YoutubeDL.TestFormatSelection) ... ok
test_format_selection_audio (test_YoutubeDL.TestFormatSelection) ... ok
test_format_selection_audio_exts (test_YoutubeDL.TestFormatSelection) ... ok
test_format_selection_video (test_YoutubeDL.TestFormatSelection) ... ok
test_prefer_free_formats (test_YoutubeDL.TestFormatSelection) ... ok
test_youtube_format_selection (test_YoutubeDL.TestFormatSelection) ... ERROR
test_add_extra_info (test_YoutubeDL.TestYoutubeDL) ... ok
test_format_note (test_YoutubeDL.TestYoutubeDL) ... ok
test_match_filter (test_YoutubeDL.TestYoutubeDL) ... ok
test_playlist_items_selection (test_YoutubeDL.TestYoutubeDL) ... ok
test_postprocessors (test_YoutubeDL.TestYoutubeDL) ... ok
Deleting original file post-processor-testfile.mp4 (pass -k to keep)
test_prepare_filename (test_YoutubeDL.TestYoutubeDL) ... ok
test_subtitles (test_YoutubeDL.TestYoutubeDL) ... ok

======================================================================
ERROR: test_youtube_format_selection (test_YoutubeDL.TestFormatSelection)
----------------------------------------------------------------------
Traceback (most recent call last):
  File "/Users/daniel/BA_SketchFix_Evaluation/Evaluation/Projects/youtube-dl/test/test_YoutubeDL.py", line 243, in test_youtube_format_selection
    formats = [
  File "/Users/daniel/BA_SketchFix_Evaluation/Evaluation/Projects/youtube-dl/youtube_dl/YoutubeDL.py", line 854, in process_ie_result
    return ie_result
  File "/Users/daniel/BA_SketchFix_Evaluation/Evaluation/Projects/youtube-dl/youtube_dl/YoutubeDL.py", line 1619, in process_video_result
    all(f.get('vcodec') != 'none' and f.get('acodec') == 'none' for f in formats) or
youtube_dl.utils.ExtractorError: requested format not available

----------------------------------------------------------------------
Ran 14 tests in 2.476s

FAILED (errors=1)
...........................
x TEST FAILS
✓ PyFix is started...

~~~~~~~~~~~~~~~~~~~~~~~~~~~~~~~~~~~~~~~~~~~~~~~~~~~~~~~~~~~~~~~~~~~~~~~~~~~~~~~~~~~~~~~~~~~~~~~~~~~~~~~

	                              PySketchFix®: Sketches are created.

~~~~~~~~~~~~~~~~~~~~~~~~~~~~~~~~~~~~~~~~~~~~~~~~~~~~~~~~~~~~~~~~~~~~~~~~~~~~~~~~~~~~~~~~~~~~~~~~~~~~~~~
PySketchFix will run with:
bug file: /Users/daniel/BA_SketchFix_Evaluation/Evaluation/Projects/youtube-dl/youtube_dl/YoutubeDL.py
~~~~~~~~~~~~~~~~~~~~~~~~~~~~~~~~~~~~~~~~~~~~~~~~~~~~~~~~~~~~~~~~~~~~~~~~~~~~~~~~~~~~~~~~~~~~~~~~~~~~~~~
The suspicious lines which are taken are: [1081]
~~~~~~~~~~~~~~~~~~~~~~~~~~~~~~~~~~~~~~~~~~~~~~~~~~~~~~~~~~~~~~~~~~~~~~~~~~~~~~~~~~~~~~~~~~~~~~~~~~~~~~~
Start transforming line: 1081
x Fail! Line: 1081 could not be transformed: 'op = lambda attr, value not str_op'
~~~~~~~~~~~~~~~~~~~~~~~~~~~~~~~~~~~~~~~~~~~~~~~~~~~~~~~~~~~~~~~~~~~~~~~~~~~~~~~~~~~~~~~~~~~~~~~~~~~~~~~
Start creating 0 sketches.
✓
~~~~~~~~~~~~~~~~~~~~~~~~~~~~~~~~~~~~~~~~~~~~~~~~~~~~~~~~~~~~~~~~~~~~~~~~~~~~~~~~~~~~~~~~~~~~~~~~~~~~~~~
x Lines where no transformation is found:[1081]
✓ Number of created sketches:0
Time needed: 0.0 minutes.

+*+*+*+*+*+*+*+*+*+*+*+*+*+*+*+*+*+*+*+*+*+*+*+*+*+*+*+*+*+*+*+*+*+*+*+*+*+*+*+*+*+*+*+*+*+*+*+*+*+*+*+

                                          BUG: 13

+*+*+*+*+*+*+*+*+*+*+*+*+*+*+*+*+*+*+*+*+*+*+*+*+*+*+*+*+*+*+*+*+*+*+*+*+*+*+*+*+*+*+*+*+*+*+*+*+*+*+*+
bug_file = /Users/daniel/BA_SketchFix_Evaluation/Evaluation/Projects/youtube-dl/youtube_dl/utils.py
bug_test_file = /Users/daniel/BA_SketchFix_Evaluation/Evaluation/Projects/youtube-dl/test/test_utils.py
GIT RESET TO: 6945b9e78f38284eb4e440b7badea2fc60b66c2f
HEAD is now at 6945b9e78 [extractor/common] improve jwplayer relative url handling(closes #18892)
TEST EXECUTION:
test_age_restricted (test_utils.TestUtil) ... ok
test_args_to_str (test_utils.TestUtil) ... ok
test_base_url (test_utils.TestUtil) ... ok
test_clean_html (test_utils.TestUtil) ... ok
test_cli_bool_option (test_utils.TestUtil) ... ok
test_cli_option (test_utils.TestUtil) ... ok
test_cli_valueless_option (test_utils.TestUtil) ... ok
test_date_from_str (test_utils.TestUtil) ... ok
test_daterange (test_utils.TestUtil) ... ok
test_detect_exe_version (test_utils.TestUtil) ... ok
test_determine_ext (test_utils.TestUtil) ... ok
test_dfxp2srt (test_utils.TestUtil) ... ok
test_dict_get (test_utils.TestUtil) ... ok
test_encode_base_n (test_utils.TestUtil) ... ok
test_encode_compat_str (test_utils.TestUtil) ... ok
test_escape_rfc3986 (test_utils.TestUtil) ... ok
test_escape_url (test_utils.TestUtil) ... ok
test_expand_path (test_utils.TestUtil) ... ok
test_extract_attributes (test_utils.TestUtil) ... ok
test_find_xpath_attr (test_utils.TestUtil) ... ok
test_fix_xml_ampersands (test_utils.TestUtil) ... ok
test_get_element_by_attribute (test_utils.TestUtil) ... ok
test_get_element_by_class (test_utils.TestUtil) ... ok
test_get_elements_by_attribute (test_utils.TestUtil) ... ok
test_get_elements_by_class (test_utils.TestUtil) ... ok
test_intlist_to_bytes (test_utils.TestUtil) ... ok
test_is_html (test_utils.TestUtil) ... ok
test_js_to_json_edgecases (test_utils.TestUtil) ... ok
test_js_to_json_malformed (test_utils.TestUtil) ... ok
test_js_to_json_realworld (test_utils.TestUtil) ... ok
test_limit_length (test_utils.TestUtil) ... ok
test_lowercase_escape (test_utils.TestUtil) ... ok
test_match_str (test_utils.TestUtil) ... ok
test_mimetype2ext (test_utils.TestUtil) ... ok
test_month_by_name (test_utils.TestUtil) ... ok
test_multipart_encode (test_utils.TestUtil) ... ok
test_ohdave_rsa_encrypt (test_utils.TestUtil) ... ok
test_ordered_set (test_utils.TestUtil) ... ok
test_paged_list (test_utils.TestUtil) ... ok
test_parse_age_limit (test_utils.TestUtil) ... ok
test_parse_codecs (test_utils.TestUtil) ... WARNING: Unknown codec newcodec
ok
test_parse_count (test_utils.TestUtil) ... ok
test_parse_dfxp_time_expr (test_utils.TestUtil) ... ok
test_parse_duration (test_utils.TestUtil) ... ok
test_parse_filesize (test_utils.TestUtil) ... ok
test_parse_iso8601 (test_utils.TestUtil) ... ok
test_parse_resolution (test_utils.TestUtil) ... ok
test_pkcs1pad (test_utils.TestUtil) ... ok
test_prepend_extension (test_utils.TestUtil) ... ok
test_read_batch_urls (test_utils.TestUtil) ... ok
test_remove_end (test_utils.TestUtil) ... ok
test_remove_quotes (test_utils.TestUtil) ... ok
test_remove_start (test_utils.TestUtil) ... ok
test_render_table (test_utils.TestUtil) ... ok
test_replace_extension (test_utils.TestUtil) ... ok
test_sanitize_filename (test_utils.TestUtil) ... ok
test_sanitize_filename_restricted (test_utils.TestUtil) ... ok
test_sanitize_ids (test_utils.TestUtil) ... ok
test_sanitize_path (test_utils.TestUtil) ... ok
test_sanitize_url (test_utils.TestUtil) ... ok
test_shell_quote (test_utils.TestUtil) ... ok
test_smuggle_url (test_utils.TestUtil) ... ok
test_str_to_int (test_utils.TestUtil) ... ok
test_strip_jsonp (test_utils.TestUtil) ... ok
test_timeconvert (test_utils.TestUtil) ... ok
test_unescape_html (test_utils.TestUtil) ... ok
test_unified_dates (test_utils.TestUtil) ... ok
test_unified_timestamps (test_utils.TestUtil) ... ok
test_update_url_query (test_utils.TestUtil) ... ok
test_uppercase_escape (test_utils.TestUtil) ... ok
test_url_basename (test_utils.TestUtil) ... ok
test_urlencode_postdata (test_utils.TestUtil) ... ok
test_urljoin (test_utils.TestUtil) ... ok
test_urshift (test_utils.TestUtil) ... ok
test_version_tuple (test_utils.TestUtil) ... ok
test_xpath_attr (test_utils.TestUtil) ... ok
test_xpath_element (test_utils.TestUtil) ... ok
test_xpath_text (test_utils.TestUtil) ... ok
test_xpath_with_ns (test_utils.TestUtil) ... ok

----------------------------------------------------------------------
Ran 79 tests in 0.059s

OK
...........................
✓ SUCCESSFUL! TEST PASSES
✓ PyFix is started...

~~~~~~~~~~~~~~~~~~~~~~~~~~~~~~~~~~~~~~~~~~~~~~~~~~~~~~~~~~~~~~~~~~~~~~~~~~~~~~~~~~~~~~~~~~~~~~~~~~~~~~~

	                              PySketchFix®: Sketches are created.

~~~~~~~~~~~~~~~~~~~~~~~~~~~~~~~~~~~~~~~~~~~~~~~~~~~~~~~~~~~~~~~~~~~~~~~~~~~~~~~~~~~~~~~~~~~~~~~~~~~~~~~
PySketchFix will run with:
bug file: /Users/daniel/BA_SketchFix_Evaluation/Evaluation/Projects/youtube-dl/youtube_dl/utils.py
~~~~~~~~~~~~~~~~~~~~~~~~~~~~~~~~~~~~~~~~~~~~~~~~~~~~~~~~~~~~~~~~~~~~~~~~~~~~~~~~~~~~~~~~~~~~~~~~~~~~~~~
The suspicious lines which are taken are: [1871]
~~~~~~~~~~~~~~~~~~~~~~~~~~~~~~~~~~~~~~~~~~~~~~~~~~~~~~~~~~~~~~~~~~~~~~~~~~~~~~~~~~~~~~~~~~~~~~~~~~~~~~~
Start transforming line: 1871
✓
~~~~~~~~~~~~~~~~~~~~~~~~~~~~~~~~~~~~~~~~~~~~~~~~~~~~~~~~~~~~~~~~~~~~~~~~~~~~~~~~~~~~~~~~~~~~~~~~~~~~~~~
Start creating 0 sketches.
✓
~~~~~~~~~~~~~~~~~~~~~~~~~~~~~~~~~~~~~~~~~~~~~~~~~~~~~~~~~~~~~~~~~~~~~~~~~~~~~~~~~~~~~~~~~~~~~~~~~~~~~~~
x Lines where no transformation is found:[]
✓ Number of created sketches:0
Time needed: 0.01 minutes.

+*+*+*+*+*+*+*+*+*+*+*+*+*+*+*+*+*+*+*+*+*+*+*+*+*+*+*+*+*+*+*+*+*+*+*+*+*+*+*+*+*+*+*+*+*+*+*+*+*+*+*+

                                          BUG: 14

+*+*+*+*+*+*+*+*+*+*+*+*+*+*+*+*+*+*+*+*+*+*+*+*+*+*+*+*+*+*+*+*+*+*+*+*+*+*+*+*+*+*+*+*+*+*+*+*+*+*+*+
bug_file = /Users/daniel/BA_SketchFix_Evaluation/Evaluation/Projects/youtube-dl/youtube_dl/extractor/youtube.py
bug_test_file = /Users/daniel/BA_SketchFix_Evaluation/Evaluation/Projects/youtube-dl/test/test_youtube_chapters.py
GIT RESET TO: 562de77f41d0c08df9dbb08cfa86ba6c7d239c5a
HEAD is now at 562de77f4 [kaltura] Add support for multiple embeds on a webpage (closes #25523)
TEST EXECUTION:
test_youtube_chapters (test_youtube_chapters.TestYoutubeChapters) ... ok

----------------------------------------------------------------------
Ran 1 test in 0.003s

OK
...........................
✓ SUCCESSFUL! TEST PASSES
✓ PyFix is started...

~~~~~~~~~~~~~~~~~~~~~~~~~~~~~~~~~~~~~~~~~~~~~~~~~~~~~~~~~~~~~~~~~~~~~~~~~~~~~~~~~~~~~~~~~~~~~~~~~~~~~~~

	                              PySketchFix®: Sketches are created.

~~~~~~~~~~~~~~~~~~~~~~~~~~~~~~~~~~~~~~~~~~~~~~~~~~~~~~~~~~~~~~~~~~~~~~~~~~~~~~~~~~~~~~~~~~~~~~~~~~~~~~~
PySketchFix will run with:
bug file: /Users/daniel/BA_SketchFix_Evaluation/Evaluation/Projects/youtube-dl/youtube_dl/extractor/youtube.py
~~~~~~~~~~~~~~~~~~~~~~~~~~~~~~~~~~~~~~~~~~~~~~~~~~~~~~~~~~~~~~~~~~~~~~~~~~~~~~~~~~~~~~~~~~~~~~~~~~~~~~~
The suspicious lines which are taken are: [1658, 2327]
~~~~~~~~~~~~~~~~~~~~~~~~~~~~~~~~~~~~~~~~~~~~~~~~~~~~~~~~~~~~~~~~~~~~~~~~~~~~~~~~~~~~~~~~~~~~~~~~~~~~~~~
Start transforming line: 1658
✓
Start transforming line: 2327
✓
~~~~~~~~~~~~~~~~~~~~~~~~~~~~~~~~~~~~~~~~~~~~~~~~~~~~~~~~~~~~~~~~~~~~~~~~~~~~~~~~~~~~~~~~~~~~~~~~~~~~~~~
Start creating 19 sketches.
✓
~~~~~~~~~~~~~~~~~~~~~~~~~~~~~~~~~~~~~~~~~~~~~~~~~~~~~~~~~~~~~~~~~~~~~~~~~~~~~~~~~~~~~~~~~~~~~~~~~~~~~~~
x Lines where no transformation is found:[]
✓ Number of created sketches:19
Time needed: 0.01 minutes.

+*+*+*+*+*+*+*+*+*+*+*+*+*+*+*+*+*+*+*+*+*+*+*+*+*+*+*+*+*+*+*+*+*+*+*+*+*+*+*+*+*+*+*+*+*+*+*+*+*+*+*+

                                          BUG: 15

+*+*+*+*+*+*+*+*+*+*+*+*+*+*+*+*+*+*+*+*+*+*+*+*+*+*+*+*+*+*+*+*+*+*+*+*+*+*+*+*+*+*+*+*+*+*+*+*+*+*+*+
bug_file = /Users/daniel/BA_SketchFix_Evaluation/Evaluation/Projects/youtube-dl/youtube_dl/utils.py
bug_test_file = /Users/daniel/BA_SketchFix_Evaluation/Evaluation/Projects/youtube-dl/test/test_utils.py
GIT RESET TO: e7f3529f68ee7c8ca78366d37f851cb31fa00f31
HEAD is now at e7f3529f6 [youtube:live] Improve live detection (closes #15365)
TEST EXECUTION:
test_age_restricted (test_utils.TestUtil) ... ok
test_args_to_str (test_utils.TestUtil) ... ok
test_base_url (test_utils.TestUtil) ... ok
test_clean_html (test_utils.TestUtil) ... ok
test_cli_bool_option (test_utils.TestUtil) ... ok
test_cli_option (test_utils.TestUtil) ... ok
test_cli_valueless_option (test_utils.TestUtil) ... ok
test_date_from_str (test_utils.TestUtil) ... ok
test_daterange (test_utils.TestUtil) ... ok
test_detect_exe_version (test_utils.TestUtil) ... ok
test_determine_ext (test_utils.TestUtil) ... ok
test_dfxp2srt (test_utils.TestUtil) ... ok
test_dict_get (test_utils.TestUtil) ... ok
test_encode_base_n (test_utils.TestUtil) ... ok
test_encode_compat_str (test_utils.TestUtil) ... ok
test_escape_rfc3986 (test_utils.TestUtil) ... ok
test_escape_url (test_utils.TestUtil) ... ok
test_expand_path (test_utils.TestUtil) ... ok
test_extract_attributes (test_utils.TestUtil) ... ok
test_find_xpath_attr (test_utils.TestUtil) ... ok
test_fix_xml_ampersands (test_utils.TestUtil) ... ok
test_get_element_by_attribute (test_utils.TestUtil) ... ok
test_get_element_by_class (test_utils.TestUtil) ... ok
test_get_elements_by_attribute (test_utils.TestUtil) ... ok
test_get_elements_by_class (test_utils.TestUtil) ... ok
test_intlist_to_bytes (test_utils.TestUtil) ... ok
test_is_html (test_utils.TestUtil) ... ok
test_js_to_json_edgecases (test_utils.TestUtil) ... ok
test_js_to_json_malformed (test_utils.TestUtil) ... ok
test_js_to_json_realworld (test_utils.TestUtil) ... ok
test_limit_length (test_utils.TestUtil) ... ok
test_lowercase_escape (test_utils.TestUtil) ... ok
test_match_str (test_utils.TestUtil) ... ok
test_mimetype2ext (test_utils.TestUtil) ... ok
test_month_by_name (test_utils.TestUtil) ... ok
test_multipart_encode (test_utils.TestUtil) ... ok
test_ohdave_rsa_encrypt (test_utils.TestUtil) ... ok
test_ordered_set (test_utils.TestUtil) ... ok
test_paged_list (test_utils.TestUtil) ... ok
test_parse_age_limit (test_utils.TestUtil) ... ok
test_parse_codecs (test_utils.TestUtil) ... WARNING: Unknown codec newcodec
ok
test_parse_count (test_utils.TestUtil) ... ok
test_parse_dfxp_time_expr (test_utils.TestUtil) ... ok
test_parse_duration (test_utils.TestUtil) ... ok
test_parse_filesize (test_utils.TestUtil) ... ok
test_parse_iso8601 (test_utils.TestUtil) ... ok
test_parse_resolution (test_utils.TestUtil) ... ok
test_pkcs1pad (test_utils.TestUtil) ... ok
test_prepend_extension (test_utils.TestUtil) ... ok
test_read_batch_urls (test_utils.TestUtil) ... ok
test_remove_end (test_utils.TestUtil) ... ok
test_remove_quotes (test_utils.TestUtil) ... ok
test_remove_start (test_utils.TestUtil) ... ok
test_render_table (test_utils.TestUtil) ... ok
test_replace_extension (test_utils.TestUtil) ... ok
test_sanitize_filename (test_utils.TestUtil) ... ok
test_sanitize_filename_restricted (test_utils.TestUtil) ... ok
test_sanitize_ids (test_utils.TestUtil) ... ok
test_sanitize_path (test_utils.TestUtil) ... ok
test_sanitize_url (test_utils.TestUtil) ... ok
test_shell_quote (test_utils.TestUtil) ... ok
test_smuggle_url (test_utils.TestUtil) ... ok
test_str_to_int (test_utils.TestUtil) ... ok
test_strip_jsonp (test_utils.TestUtil) ... ok
test_timeconvert (test_utils.TestUtil) ... ok
test_unescape_html (test_utils.TestUtil) ... ok
test_unified_dates (test_utils.TestUtil) ... ok
test_unified_timestamps (test_utils.TestUtil) ... ok
test_update_url_query (test_utils.TestUtil) ... ok
test_uppercase_escape (test_utils.TestUtil) ... ok
test_url_basename (test_utils.TestUtil) ... ok
test_urlencode_postdata (test_utils.TestUtil) ... ok
test_urljoin (test_utils.TestUtil) ... ok
test_urshift (test_utils.TestUtil) ... ok
test_version_tuple (test_utils.TestUtil) ... ok
test_xpath_attr (test_utils.TestUtil) ... ok
test_xpath_element (test_utils.TestUtil) ... ok
test_xpath_text (test_utils.TestUtil) ... ok
test_xpath_with_ns (test_utils.TestUtil) ... ok

----------------------------------------------------------------------
Ran 79 tests in 0.051s

OK
...........................
✓ SUCCESSFUL! TEST PASSES
✓ PyFix is started...

~~~~~~~~~~~~~~~~~~~~~~~~~~~~~~~~~~~~~~~~~~~~~~~~~~~~~~~~~~~~~~~~~~~~~~~~~~~~~~~~~~~~~~~~~~~~~~~~~~~~~~~

	                              PySketchFix®: Sketches are created.

~~~~~~~~~~~~~~~~~~~~~~~~~~~~~~~~~~~~~~~~~~~~~~~~~~~~~~~~~~~~~~~~~~~~~~~~~~~~~~~~~~~~~~~~~~~~~~~~~~~~~~~
PySketchFix will run with:
bug file: /Users/daniel/BA_SketchFix_Evaluation/Evaluation/Projects/youtube-dl/youtube_dl/utils.py
~~~~~~~~~~~~~~~~~~~~~~~~~~~~~~~~~~~~~~~~~~~~~~~~~~~~~~~~~~~~~~~~~~~~~~~~~~~~~~~~~~~~~~~~~~~~~~~~~~~~~~~
The suspicious lines which are taken are: [2270]
~~~~~~~~~~~~~~~~~~~~~~~~~~~~~~~~~~~~~~~~~~~~~~~~~~~~~~~~~~~~~~~~~~~~~~~~~~~~~~~~~~~~~~~~~~~~~~~~~~~~~~~
Start transforming line: 2270
x Fail! Line: 2270 could not be transformed: '[a-zA-Z_][.a-zA-Z_0-9]*|'
~~~~~~~~~~~~~~~~~~~~~~~~~~~~~~~~~~~~~~~~~~~~~~~~~~~~~~~~~~~~~~~~~~~~~~~~~~~~~~~~~~~~~~~~~~~~~~~~~~~~~~~
Start creating 0 sketches.
✓
~~~~~~~~~~~~~~~~~~~~~~~~~~~~~~~~~~~~~~~~~~~~~~~~~~~~~~~~~~~~~~~~~~~~~~~~~~~~~~~~~~~~~~~~~~~~~~~~~~~~~~~
x Lines where no transformation is found:[2270]
✓ Number of created sketches:0
Time needed: 0.0 minutes.

+*+*+*+*+*+*+*+*+*+*+*+*+*+*+*+*+*+*+*+*+*+*+*+*+*+*+*+*+*+*+*+*+*+*+*+*+*+*+*+*+*+*+*+*+*+*+*+*+*+*+*+

                                          BUG: 16

+*+*+*+*+*+*+*+*+*+*+*+*+*+*+*+*+*+*+*+*+*+*+*+*+*+*+*+*+*+*+*+*+*+*+*+*+*+*+*+*+*+*+*+*+*+*+*+*+*+*+*+
bug_file = /Users/daniel/BA_SketchFix_Evaluation/Evaluation/Projects/youtube-dl/youtube_dl/postprocessor/ffmpeg.py
bug_test_file = /Users/daniel/BA_SketchFix_Evaluation/Evaluation/Projects/youtube-dl/test/test_utils.py
GIT RESET TO: 68d43a61b552007a718894967b869c0f1d8ff00f
HEAD is now at 68d43a61b Ignore TTML subtitles
TEST EXECUTION:
test_age_restricted (test_utils.TestUtil) ... ok
test_args_to_str (test_utils.TestUtil) ... ok
test_base_url (test_utils.TestUtil) ... ok
test_clean_html (test_utils.TestUtil) ... ok
test_cli_bool_option (test_utils.TestUtil) ... ok
test_cli_option (test_utils.TestUtil) ... ok
test_cli_valueless_option (test_utils.TestUtil) ... ok
test_date_from_str (test_utils.TestUtil) ... ok
test_daterange (test_utils.TestUtil) ... ok
test_detect_exe_version (test_utils.TestUtil) ... ok
test_determine_ext (test_utils.TestUtil) ... ok
test_dfxp2srt (test_utils.TestUtil) ... ok
test_dict_get (test_utils.TestUtil) ... ok
test_encode_base_n (test_utils.TestUtil) ... ok
test_encode_compat_str (test_utils.TestUtil) ... ok
test_escape_rfc3986 (test_utils.TestUtil) ... ok
test_escape_url (test_utils.TestUtil) ... ok
test_expand_path (test_utils.TestUtil) ... ok
test_extract_attributes (test_utils.TestUtil) ... ok
test_find_xpath_attr (test_utils.TestUtil) ... ok
test_fix_xml_ampersands (test_utils.TestUtil) ... ok
test_get_element_by_attribute (test_utils.TestUtil) ... ok
test_get_element_by_class (test_utils.TestUtil) ... ok
test_get_elements_by_attribute (test_utils.TestUtil) ... ok
test_get_elements_by_class (test_utils.TestUtil) ... ok
test_intlist_to_bytes (test_utils.TestUtil) ... ok
test_is_html (test_utils.TestUtil) ... ok
test_js_to_json_edgecases (test_utils.TestUtil) ... ok
test_js_to_json_malformed (test_utils.TestUtil) ... ok
test_js_to_json_realworld (test_utils.TestUtil) ... ok
test_limit_length (test_utils.TestUtil) ... ok
test_lowercase_escape (test_utils.TestUtil) ... ok
test_match_str (test_utils.TestUtil) ... ok
test_mimetype2ext (test_utils.TestUtil) ... ok
test_month_by_name (test_utils.TestUtil) ... ok
test_multipart_encode (test_utils.TestUtil) ... ok
test_ohdave_rsa_encrypt (test_utils.TestUtil) ... ok
test_ordered_set (test_utils.TestUtil) ... ok
test_paged_list (test_utils.TestUtil) ... ok
test_parse_age_limit (test_utils.TestUtil) ... ok
test_parse_codecs (test_utils.TestUtil) ... WARNING: Unknown codec newcodec
ok
test_parse_count (test_utils.TestUtil) ... ok
test_parse_dfxp_time_expr (test_utils.TestUtil) ... ok
test_parse_duration (test_utils.TestUtil) ... ok
test_parse_filesize (test_utils.TestUtil) ... ok
test_parse_iso8601 (test_utils.TestUtil) ... ok
test_parse_resolution (test_utils.TestUtil) ... ok
test_pkcs1pad (test_utils.TestUtil) ... ok
test_prepend_extension (test_utils.TestUtil) ... ok
test_read_batch_urls (test_utils.TestUtil) ... ok
test_remove_end (test_utils.TestUtil) ... ok
test_remove_quotes (test_utils.TestUtil) ... ok
test_remove_start (test_utils.TestUtil) ... ok
test_render_table (test_utils.TestUtil) ... ok
test_replace_extension (test_utils.TestUtil) ... ok
test_sanitize_filename (test_utils.TestUtil) ... ok
test_sanitize_filename_restricted (test_utils.TestUtil) ... ok
test_sanitize_ids (test_utils.TestUtil) ... ok
test_sanitize_path (test_utils.TestUtil) ... ok
test_sanitize_url (test_utils.TestUtil) ... ok
test_shell_quote (test_utils.TestUtil) ... ok
test_smuggle_url (test_utils.TestUtil) ... ok
test_str_to_int (test_utils.TestUtil) ... ok
test_strip_jsonp (test_utils.TestUtil) ... ok
test_timeconvert (test_utils.TestUtil) ... ok
test_unescape_html (test_utils.TestUtil) ... ok
test_unified_dates (test_utils.TestUtil) ... ok
test_unified_timestamps (test_utils.TestUtil) ... ok
test_update_url_query (test_utils.TestUtil) ... ok
test_uppercase_escape (test_utils.TestUtil) ... ok
test_url_basename (test_utils.TestUtil) ... ok
test_urlencode_postdata (test_utils.TestUtil) ... ok
test_urljoin (test_utils.TestUtil) ... ok
test_urshift (test_utils.TestUtil) ... ok
test_version_tuple (test_utils.TestUtil) ... ok
test_xpath_attr (test_utils.TestUtil) ... ok
test_xpath_element (test_utils.TestUtil) ... ok
test_xpath_text (test_utils.TestUtil) ... ok
test_xpath_with_ns (test_utils.TestUtil) ... ok

----------------------------------------------------------------------
Ran 79 tests in 0.051s

OK
...........................
✓ SUCCESSFUL! TEST PASSES
✓ PyFix is started...

~~~~~~~~~~~~~~~~~~~~~~~~~~~~~~~~~~~~~~~~~~~~~~~~~~~~~~~~~~~~~~~~~~~~~~~~~~~~~~~~~~~~~~~~~~~~~~~~~~~~~~~

	                              PySketchFix®: Sketches are created.

~~~~~~~~~~~~~~~~~~~~~~~~~~~~~~~~~~~~~~~~~~~~~~~~~~~~~~~~~~~~~~~~~~~~~~~~~~~~~~~~~~~~~~~~~~~~~~~~~~~~~~~
PySketchFix will run with:
bug file: /Users/daniel/BA_SketchFix_Evaluation/Evaluation/Projects/youtube-dl/youtube_dl/postprocessor/ffmpeg.py
~~~~~~~~~~~~~~~~~~~~~~~~~~~~~~~~~~~~~~~~~~~~~~~~~~~~~~~~~~~~~~~~~~~~~~~~~~~~~~~~~~~~~~~~~~~~~~~~~~~~~~~
The suspicious lines which are taken are: [588, 2576, 2581, 2582, 2583]
~~~~~~~~~~~~~~~~~~~~~~~~~~~~~~~~~~~~~~~~~~~~~~~~~~~~~~~~~~~~~~~~~~~~~~~~~~~~~~~~~~~~~~~~~~~~~~~~~~~~~~~
Start transforming line: 588
x Fail! Line: 588 could not be transformed: 'with io.open(dfxp_file, 'rt', encoding='utf-8') as f'
~~~~~~~~~~~~~~~~~~~~~~~~~~~~~~~~~~~~~~~~~~~~~~~~~~~~~~~~~~~~~~~~~~~~~~~~~~~~~~~~~~~~~~~~~~~~~~~~~~~~~~~
Start creating 0 sketches.
✓
~~~~~~~~~~~~~~~~~~~~~~~~~~~~~~~~~~~~~~~~~~~~~~~~~~~~~~~~~~~~~~~~~~~~~~~~~~~~~~~~~~~~~~~~~~~~~~~~~~~~~~~
x Lines where no transformation is found:[588]
✓ Number of created sketches:0
Time needed: 0.0 minutes.

+*+*+*+*+*+*+*+*+*+*+*+*+*+*+*+*+*+*+*+*+*+*+*+*+*+*+*+*+*+*+*+*+*+*+*+*+*+*+*+*+*+*+*+*+*+*+*+*+*+*+*+

                                          BUG: 17

+*+*+*+*+*+*+*+*+*+*+*+*+*+*+*+*+*+*+*+*+*+*+*+*+*+*+*+*+*+*+*+*+*+*+*+*+*+*+*+*+*+*+*+*+*+*+*+*+*+*+*+
bug_file = /Users/daniel/BA_SketchFix_Evaluation/Evaluation/Projects/youtube-dl/youtube_dl/utils.py
bug_test_file = /Users/daniel/BA_SketchFix_Evaluation/Evaluation/Projects/youtube-dl/test/test_utils.py
GIT RESET TO: 4bf22f7a1014c55e3358b5a419945071b152eafc
HEAD is now at 4bf22f7a1 [20min] Fix embeds extraction
TEST EXECUTION:
test_age_restricted (test_utils.TestUtil) ... ok
test_args_to_str (test_utils.TestUtil) ... ok
test_base_url (test_utils.TestUtil) ... ok
test_clean_html (test_utils.TestUtil) ... ok
test_cli_bool_option (test_utils.TestUtil) ... ok
test_cli_option (test_utils.TestUtil) ... ok
test_cli_valueless_option (test_utils.TestUtil) ... ok
test_date_from_str (test_utils.TestUtil) ... ok
test_daterange (test_utils.TestUtil) ... ok
test_detect_exe_version (test_utils.TestUtil) ... ok
test_determine_ext (test_utils.TestUtil) ... ok
test_dfxp2srt (test_utils.TestUtil) ... ok
test_dict_get (test_utils.TestUtil) ... ok
test_encode_base_n (test_utils.TestUtil) ... ok
test_encode_compat_str (test_utils.TestUtil) ... ok
test_escape_rfc3986 (test_utils.TestUtil) ... ok
test_escape_url (test_utils.TestUtil) ... ok
test_expand_path (test_utils.TestUtil) ... ok
test_extract_attributes (test_utils.TestUtil) ... ok
test_find_xpath_attr (test_utils.TestUtil) ... ok
test_fix_xml_ampersands (test_utils.TestUtil) ... ok
test_get_element_by_attribute (test_utils.TestUtil) ... ok
test_get_element_by_class (test_utils.TestUtil) ... ok
test_get_elements_by_attribute (test_utils.TestUtil) ... ok
test_get_elements_by_class (test_utils.TestUtil) ... ok
test_intlist_to_bytes (test_utils.TestUtil) ... ok
test_is_html (test_utils.TestUtil) ... ok
test_js_to_json_edgecases (test_utils.TestUtil) ... ok
test_js_to_json_malformed (test_utils.TestUtil) ... ok
test_js_to_json_realworld (test_utils.TestUtil) ... ok
test_limit_length (test_utils.TestUtil) ... ok
test_lowercase_escape (test_utils.TestUtil) ... ok
test_match_str (test_utils.TestUtil) ... ok
test_mimetype2ext (test_utils.TestUtil) ... ok
test_month_by_name (test_utils.TestUtil) ... ok
test_multipart_encode (test_utils.TestUtil) ... ok
test_ohdave_rsa_encrypt (test_utils.TestUtil) ... ok
test_ordered_set (test_utils.TestUtil) ... ok
test_paged_list (test_utils.TestUtil) ... ok
test_parse_age_limit (test_utils.TestUtil) ... ok
test_parse_codecs (test_utils.TestUtil) ... WARNING: Unknown codec newcodec
ok
test_parse_count (test_utils.TestUtil) ... ok
test_parse_dfxp_time_expr (test_utils.TestUtil) ... ok
test_parse_duration (test_utils.TestUtil) ... ok
test_parse_filesize (test_utils.TestUtil) ... ok
test_parse_iso8601 (test_utils.TestUtil) ... ok
test_parse_resolution (test_utils.TestUtil) ... ok
test_pkcs1pad (test_utils.TestUtil) ... ok
test_prepend_extension (test_utils.TestUtil) ... ok
test_read_batch_urls (test_utils.TestUtil) ... ok
test_remove_end (test_utils.TestUtil) ... ok
test_remove_quotes (test_utils.TestUtil) ... ok
test_remove_start (test_utils.TestUtil) ... ok
test_render_table (test_utils.TestUtil) ... ok
test_replace_extension (test_utils.TestUtil) ... ok
test_sanitize_filename (test_utils.TestUtil) ... ok
test_sanitize_filename_restricted (test_utils.TestUtil) ... ok
test_sanitize_ids (test_utils.TestUtil) ... ok
test_sanitize_path (test_utils.TestUtil) ... ok
test_sanitize_url (test_utils.TestUtil) ... ok
test_shell_quote (test_utils.TestUtil) ... ok
test_smuggle_url (test_utils.TestUtil) ... ok
test_str_to_int (test_utils.TestUtil) ... ok
test_strip_jsonp (test_utils.TestUtil) ... ok
test_timeconvert (test_utils.TestUtil) ... ok
test_unescape_html (test_utils.TestUtil) ... ok
test_unified_dates (test_utils.TestUtil) ... ok
test_unified_timestamps (test_utils.TestUtil) ... ok
test_update_url_query (test_utils.TestUtil) ... ok
test_uppercase_escape (test_utils.TestUtil) ... ok
test_url_basename (test_utils.TestUtil) ... ok
test_urlencode_postdata (test_utils.TestUtil) ... ok
test_urljoin (test_utils.TestUtil) ... ok
test_urshift (test_utils.TestUtil) ... ok
test_version_tuple (test_utils.TestUtil) ... ok
test_xpath_attr (test_utils.TestUtil) ... ok
test_xpath_element (test_utils.TestUtil) ... ok
test_xpath_text (test_utils.TestUtil) ... ok
test_xpath_with_ns (test_utils.TestUtil) ... ok

----------------------------------------------------------------------
Ran 79 tests in 0.053s

OK
...........................
✓ SUCCESSFUL! TEST PASSES
x FAIL! Suspicious lines are empty!

+*+*+*+*+*+*+*+*+*+*+*+*+*+*+*+*+*+*+*+*+*+*+*+*+*+*+*+*+*+*+*+*+*+*+*+*+*+*+*+*+*+*+*+*+*+*+*+*+*+*+*+

                                          BUG: 18

+*+*+*+*+*+*+*+*+*+*+*+*+*+*+*+*+*+*+*+*+*+*+*+*+*+*+*+*+*+*+*+*+*+*+*+*+*+*+*+*+*+*+*+*+*+*+*+*+*+*+*+
bug_file = /Users/daniel/BA_SketchFix_Evaluation/Evaluation/Projects/youtube-dl/youtube_dl/YoutubeDL.py
bug_test_file = /Users/daniel/BA_SketchFix_Evaluation/Evaluation/Projects/youtube-dl/test/test_YoutubeDL.py
GIT RESET TO: dc6520aa3d1fe7afc52613e392f15dde90af4844
test_format_filtering (test_YoutubeDL.TestFormatSelection) ... HEAD is now at dc6520aa3 [egghead:lesson] Add extractor (#6635)
TEST EXECUTION:
ok
test_format_selection (test_YoutubeDL.TestFormatSelection) ... ok
test_format_selection_audio (test_YoutubeDL.TestFormatSelection) ... ok
test_format_selection_audio_exts (test_YoutubeDL.TestFormatSelection) ... ok
test_format_selection_video (test_YoutubeDL.TestFormatSelection) ... ok
test_prefer_free_formats (test_YoutubeDL.TestFormatSelection) ... ok
test_youtube_format_selection (test_YoutubeDL.TestFormatSelection) ... ERROR
test_add_extra_info (test_YoutubeDL.TestYoutubeDL) ... ok
test_format_note (test_YoutubeDL.TestYoutubeDL) ... ok
test_match_filter (test_YoutubeDL.TestYoutubeDL) ... ok
test_playlist_items_selection (test_YoutubeDL.TestYoutubeDL) ... ok
test_postprocessors (test_YoutubeDL.TestYoutubeDL) ... ok
Deleting original file post-processor-testfile.mp4 (pass -k to keep)
test_prepare_filename (test_YoutubeDL.TestYoutubeDL) ... ok
test_subtitles (test_YoutubeDL.TestYoutubeDL) ... ok

======================================================================
ERROR: test_youtube_format_selection (test_YoutubeDL.TestFormatSelection)
----------------------------------------------------------------------
Traceback (most recent call last):
  File "/Users/daniel/BA_SketchFix_Evaluation/Evaluation/Projects/youtube-dl/test/test_YoutubeDL.py", line 243, in test_youtube_format_selection
    '38', '37', '46', '22', '45', '35', '44', '18', '34', '43', '6', '5', '17', '36', '13',
  File "/Users/daniel/BA_SketchFix_Evaluation/Evaluation/Projects/youtube-dl/youtube_dl/YoutubeDL.py", line 854, in process_ie_result
  File "/Users/daniel/BA_SketchFix_Evaluation/Evaluation/Projects/youtube-dl/youtube_dl/YoutubeDL.py", line 1619, in process_video_result
    if formats is None:
youtube_dl.utils.ExtractorError: requested format not available

----------------------------------------------------------------------
Ran 14 tests in 0.947s

FAILED (errors=1)
...........................
x TEST FAILS
✓ PyFix is started...

~~~~~~~~~~~~~~~~~~~~~~~~~~~~~~~~~~~~~~~~~~~~~~~~~~~~~~~~~~~~~~~~~~~~~~~~~~~~~~~~~~~~~~~~~~~~~~~~~~~~~~~

	                              PySketchFix®: Sketches are created.

~~~~~~~~~~~~~~~~~~~~~~~~~~~~~~~~~~~~~~~~~~~~~~~~~~~~~~~~~~~~~~~~~~~~~~~~~~~~~~~~~~~~~~~~~~~~~~~~~~~~~~~
PySketchFix will run with:
bug file: /Users/daniel/BA_SketchFix_Evaluation/Evaluation/Projects/youtube-dl/youtube_dl/YoutubeDL.py
~~~~~~~~~~~~~~~~~~~~~~~~~~~~~~~~~~~~~~~~~~~~~~~~~~~~~~~~~~~~~~~~~~~~~~~~~~~~~~~~~~~~~~~~~~~~~~~~~~~~~~~
The suspicious lines which are taken are: [863]
~~~~~~~~~~~~~~~~~~~~~~~~~~~~~~~~~~~~~~~~~~~~~~~~~~~~~~~~~~~~~~~~~~~~~~~~~~~~~~~~~~~~~~~~~~~~~~~~~~~~~~~
Start transforming line: 863
✓
~~~~~~~~~~~~~~~~~~~~~~~~~~~~~~~~~~~~~~~~~~~~~~~~~~~~~~~~~~~~~~~~~~~~~~~~~~~~~~~~~~~~~~~~~~~~~~~~~~~~~~~
Start creating 9 sketches.
✓
~~~~~~~~~~~~~~~~~~~~~~~~~~~~~~~~~~~~~~~~~~~~~~~~~~~~~~~~~~~~~~~~~~~~~~~~~~~~~~~~~~~~~~~~~~~~~~~~~~~~~~~
x Lines where no transformation is found:[]
✓ Number of created sketches:9
Time needed: 0.02 minutes.

+*+*+*+*+*+*+*+*+*+*+*+*+*+*+*+*+*+*+*+*+*+*+*+*+*+*+*+*+*+*+*+*+*+*+*+*+*+*+*+*+*+*+*+*+*+*+*+*+*+*+*+

                                          BUG: 19

+*+*+*+*+*+*+*+*+*+*+*+*+*+*+*+*+*+*+*+*+*+*+*+*+*+*+*+*+*+*+*+*+*+*+*+*+*+*+*+*+*+*+*+*+*+*+*+*+*+*+*+
bug_file = /Users/daniel/BA_SketchFix_Evaluation/Evaluation/Projects/youtube-dl/youtube_dl/YoutubeDL.py
bug_test_file = /Users/daniel/BA_SketchFix_Evaluation/Evaluation/Projects/youtube-dl/test/test_YoutubeDL.py
GIT RESET TO: 9a0942ad55bba714d6eaeb9ee4f66a138ec85e17
HEAD is now at 9a0942ad5 [drtv] Make HLS and HDS extraction non fatal
TEST EXECUTION:
test_format_filtering (test_YoutubeDL.TestFormatSelection) ... ok
test_format_selection (test_YoutubeDL.TestFormatSelection) ... ok
test_format_selection_audio (test_YoutubeDL.TestFormatSelection) ... ok
test_format_selection_audio_exts (test_YoutubeDL.TestFormatSelection) ... ok
test_format_selection_video (test_YoutubeDL.TestFormatSelection) ... ok
test_prefer_free_formats (test_YoutubeDL.TestFormatSelection) ... ok
test_youtube_format_selection (test_YoutubeDL.TestFormatSelection) ... ERROR
test_add_extra_info (test_YoutubeDL.TestYoutubeDL) ... ok
test_format_note (test_YoutubeDL.TestYoutubeDL) ... ok
test_match_filter (test_YoutubeDL.TestYoutubeDL) ... ok
test_playlist_items_selection (test_YoutubeDL.TestYoutubeDL) ... ok
test_postprocessors (test_YoutubeDL.TestYoutubeDL) ... ok
Deleting original file post-processor-testfile.mp4 (pass -k to keep)
test_prepare_filename (test_YoutubeDL.TestYoutubeDL) ... ok
test_subtitles (test_YoutubeDL.TestYoutubeDL) ... ok

======================================================================
ERROR: test_youtube_format_selection (test_YoutubeDL.TestFormatSelection)
----------------------------------------------------------------------
Traceback (most recent call last):
  File "/Users/daniel/BA_SketchFix_Evaluation/Evaluation/Projects/youtube-dl/test/test_YoutubeDL.py", line 243, in test_youtube_format_selection
    '38', '37', '46', '22', '45', '35', '44', '18', '34', '43', '6', '5', '17', '36', '13',
  File "/Users/daniel/BA_SketchFix_Evaluation/Evaluation/Projects/youtube-dl/youtube_dl/YoutubeDL.py", line 854, in process_ie_result
  File "/Users/daniel/BA_SketchFix_Evaluation/Evaluation/Projects/youtube-dl/youtube_dl/YoutubeDL.py", line 1619, in process_video_result
    'No subtitle format found matching "%s" for language %s, '
youtube_dl.utils.ExtractorError: requested format not available

----------------------------------------------------------------------
Ran 14 tests in 1.030s

FAILED (errors=1)
...........................
x TEST FAILS
✓ PyFix is started...

~~~~~~~~~~~~~~~~~~~~~~~~~~~~~~~~~~~~~~~~~~~~~~~~~~~~~~~~~~~~~~~~~~~~~~~~~~~~~~~~~~~~~~~~~~~~~~~~~~~~~~~

	                              PySketchFix®: Sketches are created.

~~~~~~~~~~~~~~~~~~~~~~~~~~~~~~~~~~~~~~~~~~~~~~~~~~~~~~~~~~~~~~~~~~~~~~~~~~~~~~~~~~~~~~~~~~~~~~~~~~~~~~~
PySketchFix will run with:
bug file: /Users/daniel/BA_SketchFix_Evaluation/Evaluation/Projects/youtube-dl/youtube_dl/YoutubeDL.py
~~~~~~~~~~~~~~~~~~~~~~~~~~~~~~~~~~~~~~~~~~~~~~~~~~~~~~~~~~~~~~~~~~~~~~~~~~~~~~~~~~~~~~~~~~~~~~~~~~~~~~~
The suspicious lines which are taken are: [677]
~~~~~~~~~~~~~~~~~~~~~~~~~~~~~~~~~~~~~~~~~~~~~~~~~~~~~~~~~~~~~~~~~~~~~~~~~~~~~~~~~~~~~~~~~~~~~~~~~~~~~~~
Start transforming line: 677
✓
~~~~~~~~~~~~~~~~~~~~~~~~~~~~~~~~~~~~~~~~~~~~~~~~~~~~~~~~~~~~~~~~~~~~~~~~~~~~~~~~~~~~~~~~~~~~~~~~~~~~~~~
Start creating 4 sketches.
✓
~~~~~~~~~~~~~~~~~~~~~~~~~~~~~~~~~~~~~~~~~~~~~~~~~~~~~~~~~~~~~~~~~~~~~~~~~~~~~~~~~~~~~~~~~~~~~~~~~~~~~~~
x Lines where no transformation is found:[]
✓ Number of created sketches:4
Time needed: 0.01 minutes.

+*+*+*+*+*+*+*+*+*+*+*+*+*+*+*+*+*+*+*+*+*+*+*+*+*+*+*+*+*+*+*+*+*+*+*+*+*+*+*+*+*+*+*+*+*+*+*+*+*+*+*+

                                          BUG: 20

+*+*+*+*+*+*+*+*+*+*+*+*+*+*+*+*+*+*+*+*+*+*+*+*+*+*+*+*+*+*+*+*+*+*+*+*+*+*+*+*+*+*+*+*+*+*+*+*+*+*+*+
bug_file = /Users/daniel/BA_SketchFix_Evaluation/Evaluation/Projects/youtube-dl/youtube_dl/utils.py
bug_test_file = /Users/daniel/BA_SketchFix_Evaluation/Evaluation/Projects/youtube-dl/test/test_utils.py
GIT RESET TO: b6c9fe416243373bcb59eb8aa5ef0baca8f3c97c
HEAD is now at b6c9fe416 release 2017.07.02
TEST EXECUTION:
test_age_restricted (test_utils.TestUtil) ... ok
test_args_to_str (test_utils.TestUtil) ... ok
test_base_url (test_utils.TestUtil) ... ok
test_clean_html (test_utils.TestUtil) ... ok
test_cli_bool_option (test_utils.TestUtil) ... ok
test_cli_option (test_utils.TestUtil) ... ok
test_cli_valueless_option (test_utils.TestUtil) ... ok
test_date_from_str (test_utils.TestUtil) ... ok
test_daterange (test_utils.TestUtil) ... ok
test_detect_exe_version (test_utils.TestUtil) ... ok
test_determine_ext (test_utils.TestUtil) ... ok
test_dfxp2srt (test_utils.TestUtil) ... ok
test_dict_get (test_utils.TestUtil) ... ok
test_encode_base_n (test_utils.TestUtil) ... ok
test_encode_compat_str (test_utils.TestUtil) ... ok
test_escape_rfc3986 (test_utils.TestUtil) ... ok
test_escape_url (test_utils.TestUtil) ... ok
test_expand_path (test_utils.TestUtil) ... ok
test_extract_attributes (test_utils.TestUtil) ... ok
test_find_xpath_attr (test_utils.TestUtil) ... ok
test_fix_xml_ampersands (test_utils.TestUtil) ... ok
test_get_element_by_attribute (test_utils.TestUtil) ... ok
test_get_element_by_class (test_utils.TestUtil) ... ok
test_get_elements_by_attribute (test_utils.TestUtil) ... ok
test_get_elements_by_class (test_utils.TestUtil) ... ok
test_intlist_to_bytes (test_utils.TestUtil) ... ok
test_is_html (test_utils.TestUtil) ... ok
test_js_to_json_edgecases (test_utils.TestUtil) ... ok
test_js_to_json_malformed (test_utils.TestUtil) ... ok
test_js_to_json_realworld (test_utils.TestUtil) ... ok
test_limit_length (test_utils.TestUtil) ... ok
test_lowercase_escape (test_utils.TestUtil) ... ok
test_match_str (test_utils.TestUtil) ... ok
test_mimetype2ext (test_utils.TestUtil) ... ok
test_month_by_name (test_utils.TestUtil) ... ok
test_multipart_encode (test_utils.TestUtil) ... ok
test_ohdave_rsa_encrypt (test_utils.TestUtil) ... ok
test_ordered_set (test_utils.TestUtil) ... ok
test_paged_list (test_utils.TestUtil) ... ok
test_parse_age_limit (test_utils.TestUtil) ... ok
test_parse_codecs (test_utils.TestUtil) ... WARNING: Unknown codec newcodec
ok
test_parse_count (test_utils.TestUtil) ... ok
test_parse_dfxp_time_expr (test_utils.TestUtil) ... ok
test_parse_duration (test_utils.TestUtil) ... ok
test_parse_filesize (test_utils.TestUtil) ... ok
test_parse_iso8601 (test_utils.TestUtil) ... ok
test_parse_resolution (test_utils.TestUtil) ... ok
test_pkcs1pad (test_utils.TestUtil) ... ok
test_prepend_extension (test_utils.TestUtil) ... ok
test_read_batch_urls (test_utils.TestUtil) ... ok
test_remove_end (test_utils.TestUtil) ... ok
test_remove_quotes (test_utils.TestUtil) ... ok
test_remove_start (test_utils.TestUtil) ... ok
test_render_table (test_utils.TestUtil) ... ok
test_replace_extension (test_utils.TestUtil) ... ok
test_sanitize_filename (test_utils.TestUtil) ... ok
test_sanitize_filename_restricted (test_utils.TestUtil) ... ok
test_sanitize_ids (test_utils.TestUtil) ... ok
test_sanitize_path (test_utils.TestUtil) ... ok
test_sanitize_url (test_utils.TestUtil) ... ok
test_shell_quote (test_utils.TestUtil) ... ok
test_smuggle_url (test_utils.TestUtil) ... ok
test_str_to_int (test_utils.TestUtil) ... ok
test_strip_jsonp (test_utils.TestUtil) ... ok
test_timeconvert (test_utils.TestUtil) ... ok
test_unescape_html (test_utils.TestUtil) ... ok
test_unified_dates (test_utils.TestUtil) ... ok
test_unified_timestamps (test_utils.TestUtil) ... ok
...........................
✓ SUCCESSFUL! TEST PASSES
✓ PyFix is started...

~~~~~~~~~~~~~~~~~~~~~~~~~~~~~~~~~~~~~~~~~~~~~~~~~~~~~~~~~~~~~~~~~~~~~~~~~~~~~~~~~~~~~~~~~~~~~~~~~~~~~~~

	                              PySketchFix®: Sketches are created.

~~~~~~~~~~~~~~~~~~~~~~~~~~~~~~~~~~~~~~~~~~~~~~~~~~~~~~~~~~~~~~~~~~~~~~~~~~~~~~~~~~~~~~~~~~~~~~~~~~~~~~~
PySketchFix will run with:
bug file: /Users/daniel/BA_SketchFix_Evaluation/Evaluation/Projects/youtube-dl/youtube_dl/utils.py
~~~~~~~~~~~~~~~~~~~~~~~~~~~~~~~~~~~~~~~~~~~~~~~~~~~~~~~~~~~~~~~~~~~~~~~~~~~~~~~~~~~~~~~~~~~~~~~~~~~~~~~
test_update_url_query (test_utils.TestUtil) ... ok
test_uppercase_escape (test_utils.TestUtil) ... ok
test_url_basename (test_utils.TestUtil) ... ok
test_urlencode_postdata (test_utils.TestUtil) ... ok
test_urljoin (test_utils.TestUtil) ... ok
test_urshift (test_utils.TestUtil) ... ok
test_version_tuple (test_utils.TestUtil) ... ok
test_xpath_attr (test_utils.TestUtil) ... ok
test_xpath_element (test_utils.TestUtil) ... ok
test_xpath_text (test_utils.TestUtil) ... ok
test_xpath_with_ns (test_utils.TestUtil) ... ok

----------------------------------------------------------------------
Ran 79 tests in 0.050s

OK
The suspicious lines which are taken are: [368, 370]
~~~~~~~~~~~~~~~~~~~~~~~~~~~~~~~~~~~~~~~~~~~~~~~~~~~~~~~~~~~~~~~~~~~~~~~~~~~~~~~~~~~~~~~~~~~~~~~~~~~~~~~
Start transforming line: 368
x Fail! Line: 368 could not be transformed: ' (?\s+[a-zA-Z0-9._-]+(?=[a-zA-Z0-9._-]*|="[^"]*"|='[^']*'))*?'
Start transforming line: 370
x Fail! Line: 370 could not be transformed: ' (?\s+[a-zA-Z0-9._-]+(?=[a-zA-Z0-9._-]*|="[^"]*"|='[^']*'))*?'
~~~~~~~~~~~~~~~~~~~~~~~~~~~~~~~~~~~~~~~~~~~~~~~~~~~~~~~~~~~~~~~~~~~~~~~~~~~~~~~~~~~~~~~~~~~~~~~~~~~~~~~
Start creating 0 sketches.
✓
~~~~~~~~~~~~~~~~~~~~~~~~~~~~~~~~~~~~~~~~~~~~~~~~~~~~~~~~~~~~~~~~~~~~~~~~~~~~~~~~~~~~~~~~~~~~~~~~~~~~~~~
x Lines where no transformation is found:[368, 370]
✓ Number of created sketches:0
Time needed: 0.01 minutes.

+*+*+*+*+*+*+*+*+*+*+*+*+*+*+*+*+*+*+*+*+*+*+*+*+*+*+*+*+*+*+*+*+*+*+*+*+*+*+*+*+*+*+*+*+*+*+*+*+*+*+*+

                                          BUG: 21

+*+*+*+*+*+*+*+*+*+*+*+*+*+*+*+*+*+*+*+*+*+*+*+*+*+*+*+*+*+*+*+*+*+*+*+*+*+*+*+*+*+*+*+*+*+*+*+*+*+*+*+
bug_file = /Users/daniel/BA_SketchFix_Evaluation/Evaluation/Projects/youtube-dl/youtube_dl/utils.py
bug_test_file = /Users/daniel/BA_SketchFix_Evaluation/Evaluation/Projects/youtube-dl/test/test_utils.py
GIT RESET TO: 96182695e4e37795a30ab143129c91dab18a9865
HEAD is now at 96182695e [drtv] Add geo countries to GeoRestrictedError
TEST EXECUTION:
test_age_restricted (test_utils.TestUtil) ... ok
test_args_to_str (test_utils.TestUtil) ... ok
test_base_url (test_utils.TestUtil) ... ok
test_clean_html (test_utils.TestUtil) ... ok
test_cli_bool_option (test_utils.TestUtil) ... ok
test_cli_option (test_utils.TestUtil) ... ok
test_cli_valueless_option (test_utils.TestUtil) ... ok
test_date_from_str (test_utils.TestUtil) ... ok
test_daterange (test_utils.TestUtil) ... ok
test_detect_exe_version (test_utils.TestUtil) ... ok
test_determine_ext (test_utils.TestUtil) ... ok
test_dfxp2srt (test_utils.TestUtil) ... ok
test_dict_get (test_utils.TestUtil) ... ok
test_encode_base_n (test_utils.TestUtil) ... ok
test_encode_compat_str (test_utils.TestUtil) ... ok
test_escape_rfc3986 (test_utils.TestUtil) ... ok
test_escape_url (test_utils.TestUtil) ... ok
test_expand_path (test_utils.TestUtil) ... ok
test_extract_attributes (test_utils.TestUtil) ... ok
test_find_xpath_attr (test_utils.TestUtil) ... ok
test_fix_xml_ampersands (test_utils.TestUtil) ... ok
test_get_element_by_attribute (test_utils.TestUtil) ... ok
test_get_element_by_class (test_utils.TestUtil) ... ok
test_get_elements_by_attribute (test_utils.TestUtil) ... ok
test_get_elements_by_class (test_utils.TestUtil) ... ok
test_intlist_to_bytes (test_utils.TestUtil) ... ok
test_is_html (test_utils.TestUtil) ... ok
test_js_to_json_edgecases (test_utils.TestUtil) ... ok
test_js_to_json_malformed (test_utils.TestUtil) ... ok
test_js_to_json_realworld (test_utils.TestUtil) ... ok
test_limit_length (test_utils.TestUtil) ... ok
test_lowercase_escape (test_utils.TestUtil) ... ok
test_match_str (test_utils.TestUtil) ... ok
test_mimetype2ext (test_utils.TestUtil) ... ok
test_month_by_name (test_utils.TestUtil) ... ok
test_multipart_encode (test_utils.TestUtil) ... ok
test_ohdave_rsa_encrypt (test_utils.TestUtil) ... ok
test_ordered_set (test_utils.TestUtil) ... ok
test_paged_list (test_utils.TestUtil) ... ok
test_parse_age_limit (test_utils.TestUtil) ... ok
test_parse_codecs (test_utils.TestUtil) ... WARNING: Unknown codec newcodec
ok
test_parse_count (test_utils.TestUtil) ... ok
test_parse_dfxp_time_expr (test_utils.TestUtil) ... ok
test_parse_duration (test_utils.TestUtil) ... ok
test_parse_filesize (test_utils.TestUtil) ... ok
test_parse_iso8601 (test_utils.TestUtil) ... ok
test_parse_resolution (test_utils.TestUtil) ... ok
test_pkcs1pad (test_utils.TestUtil) ... ok
test_prepend_extension (test_utils.TestUtil) ... ok
test_read_batch_urls (test_utils.TestUtil) ... ok
test_remove_end (test_utils.TestUtil) ... ok
test_remove_quotes (test_utils.TestUtil) ... ok
test_remove_start (test_utils.TestUtil) ... ok
test_render_table (test_utils.TestUtil) ... ok
test_replace_extension (test_utils.TestUtil) ... ok
test_sanitize_filename (test_utils.TestUtil) ... ok
test_sanitize_filename_restricted (test_utils.TestUtil) ... ok
test_sanitize_ids (test_utils.TestUtil) ... ok
test_sanitize_path (test_utils.TestUtil) ... ok
test_sanitize_url (test_utils.TestUtil) ... ok
test_shell_quote (test_utils.TestUtil) ... ok
test_smuggle_url (test_utils.TestUtil) ... ok
test_str_to_int (test_utils.TestUtil) ... ok
test_strip_jsonp (test_utils.TestUtil) ... ok
test_timeconvert (test_utils.TestUtil) ... ok
test_unescape_html (test_utils.TestUtil) ... ok
test_unified_dates (test_utils.TestUtil) ... ok
test_unified_timestamps (test_utils.TestUtil) ... ok
...........................
✓ SUCCESSFUL! TEST PASSES
✓ PyFix is started...

~~~~~~~~~~~~~~~~~~~~~~~~~~~~~~~~~~~~~~~~~~~~~~~~~~~~~~~~~~~~~~~~~~~~~~~~~~~~~~~~~~~~~~~~~~~~~~~~~~~~~~~

	                              PySketchFix®: Sketches are created.

~~~~~~~~~~~~~~~~~~~~~~~~~~~~~~~~~~~~~~~~~~~~~~~~~~~~~~~~~~~~~~~~~~~~~~~~~~~~~~~~~~~~~~~~~~~~~~~~~~~~~~~
PySketchFix will run with:
bug file: /Users/daniel/BA_SketchFix_Evaluation/Evaluation/Projects/youtube-dl/youtube_dl/utils.py
~~~~~~~~~~~~~~~~~~~~~~~~~~~~~~~~~~~~~~~~~~~~~~~~~~~~~~~~~~~~~~~~~~~~~~~~~~~~~~~~~~~~~~~~~~~~~~~~~~~~~~~
test_update_url_query (test_utils.TestUtil) ... ok
test_uppercase_escape (test_utils.TestUtil) ... ok
test_url_basename (test_utils.TestUtil) ... ok
test_urlencode_postdata (test_utils.TestUtil) ... ok
test_urljoin (test_utils.TestUtil) ... ok
test_urshift (test_utils.TestUtil) ... ok
test_version_tuple (test_utils.TestUtil) ... ok
test_xpath_attr (test_utils.TestUtil) ... ok
test_xpath_element (test_utils.TestUtil) ... ok
test_xpath_text (test_utils.TestUtil) ... ok
test_xpath_with_ns (test_utils.TestUtil) ... ok

----------------------------------------------------------------------
Ran 79 tests in 0.053s

OK
The suspicious lines which are taken are: [1755]
~~~~~~~~~~~~~~~~~~~~~~~~~~~~~~~~~~~~~~~~~~~~~~~~~~~~~~~~~~~~~~~~~~~~~~~~~~~~~~~~~~~~~~~~~~~~~~~~~~~~~~~
Start transforming line: 1755
✓
~~~~~~~~~~~~~~~~~~~~~~~~~~~~~~~~~~~~~~~~~~~~~~~~~~~~~~~~~~~~~~~~~~~~~~~~~~~~~~~~~~~~~~~~~~~~~~~~~~~~~~~
Start creating 0 sketches.
✓
~~~~~~~~~~~~~~~~~~~~~~~~~~~~~~~~~~~~~~~~~~~~~~~~~~~~~~~~~~~~~~~~~~~~~~~~~~~~~~~~~~~~~~~~~~~~~~~~~~~~~~~
x Lines where no transformation is found:[]
✓ Number of created sketches:0
Time needed: 0.01 minutes.

+*+*+*+*+*+*+*+*+*+*+*+*+*+*+*+*+*+*+*+*+*+*+*+*+*+*+*+*+*+*+*+*+*+*+*+*+*+*+*+*+*+*+*+*+*+*+*+*+*+*+*+

                                          BUG: 22

+*+*+*+*+*+*+*+*+*+*+*+*+*+*+*+*+*+*+*+*+*+*+*+*+*+*+*+*+*+*+*+*+*+*+*+*+*+*+*+*+*+*+*+*+*+*+*+*+*+*+*+
bug_file = /Users/daniel/BA_SketchFix_Evaluation/Evaluation/Projects/youtube-dl/youtube_dl/utils.py
bug_test_file = /Users/daniel/BA_SketchFix_Evaluation/Evaluation/Projects/youtube-dl/test/test_YoutubeDL.py
GIT RESET TO: 1bd05345ea4b91598ec04b8e0d33fd14f9e2eddc
test_format_filtering (test_YoutubeDL.TestFormatSelection) ... HEAD is now at 1bd05345e [amcnetworks] fix extraction(closes #12127)
TEST EXECUTION:
ok
test_format_selection (test_YoutubeDL.TestFormatSelection) ... ok
test_format_selection_audio (test_YoutubeDL.TestFormatSelection) ... ok
test_format_selection_audio_exts (test_YoutubeDL.TestFormatSelection) ... ok
test_format_selection_video (test_YoutubeDL.TestFormatSelection) ... ok
test_prefer_free_formats (test_YoutubeDL.TestFormatSelection) ... ok
test_youtube_format_selection (test_YoutubeDL.TestFormatSelection) ... ERROR
test_add_extra_info (test_YoutubeDL.TestYoutubeDL) ... ok
test_format_note (test_YoutubeDL.TestYoutubeDL) ... ok
test_match_filter (test_YoutubeDL.TestYoutubeDL) ... ok
test_playlist_items_selection (test_YoutubeDL.TestYoutubeDL) ... ok
test_postprocessors (test_YoutubeDL.TestYoutubeDL) ... ok
Deleting original file post-processor-testfile.mp4 (pass -k to keep)
test_prepare_filename (test_YoutubeDL.TestYoutubeDL) ... ok
test_subtitles (test_YoutubeDL.TestYoutubeDL) ... ok

======================================================================
ERROR: test_youtube_format_selection (test_YoutubeDL.TestFormatSelection)
----------------------------------------------------------------------
Traceback (most recent call last):
  File "/Users/daniel/BA_SketchFix_Evaluation/Evaluation/Projects/youtube-dl/test/test_YoutubeDL.py", line 243, in test_youtube_format_selection
    # Apple HTTP Live Streaming
  File "/Users/daniel/BA_SketchFix_Evaluation/Evaluation/Projects/youtube-dl/youtube_dl/YoutubeDL.py", line 854, in process_ie_result
    'playlist': playlist,
  File "/Users/daniel/BA_SketchFix_Evaluation/Evaluation/Projects/youtube-dl/youtube_dl/YoutubeDL.py", line 1619, in process_video_result
    subfile.write(sub_data)
youtube_dl.utils.ExtractorError: requested format not available

----------------------------------------------------------------------
Ran 14 tests in 0.897s

FAILED (errors=1)
...........................
x TEST FAILS
✓ PyFix is started...

~~~~~~~~~~~~~~~~~~~~~~~~~~~~~~~~~~~~~~~~~~~~~~~~~~~~~~~~~~~~~~~~~~~~~~~~~~~~~~~~~~~~~~~~~~~~~~~~~~~~~~~

	                              PySketchFix®: Sketches are created.

~~~~~~~~~~~~~~~~~~~~~~~~~~~~~~~~~~~~~~~~~~~~~~~~~~~~~~~~~~~~~~~~~~~~~~~~~~~~~~~~~~~~~~~~~~~~~~~~~~~~~~~
PySketchFix will run with:
bug file: /Users/daniel/BA_SketchFix_Evaluation/Evaluation/Projects/youtube-dl/youtube_dl/utils.py
~~~~~~~~~~~~~~~~~~~~~~~~~~~~~~~~~~~~~~~~~~~~~~~~~~~~~~~~~~~~~~~~~~~~~~~~~~~~~~~~~~~~~~~~~~~~~~~~~~~~~~~
The suspicious lines which are taken are: [2394, 2404]
~~~~~~~~~~~~~~~~~~~~~~~~~~~~~~~~~~~~~~~~~~~~~~~~~~~~~~~~~~~~~~~~~~~~~~~~~~~~~~~~~~~~~~~~~~~~~~~~~~~~~~~
Start transforming line: 2394
x Fail! Line: 2394 could not be transformed: '(m.group('strval') is not None or'
Start transforming line: 2404
✓
~~~~~~~~~~~~~~~~~~~~~~~~~~~~~~~~~~~~~~~~~~~~~~~~~~~~~~~~~~~~~~~~~~~~~~~~~~~~~~~~~~~~~~~~~~~~~~~~~~~~~~~
Start creating 1 sketches.
✓
~~~~~~~~~~~~~~~~~~~~~~~~~~~~~~~~~~~~~~~~~~~~~~~~~~~~~~~~~~~~~~~~~~~~~~~~~~~~~~~~~~~~~~~~~~~~~~~~~~~~~~~
x Lines where no transformation is found:[2394]
✓ Number of created sketches:1
Time needed: 0.01 minutes.

+*+*+*+*+*+*+*+*+*+*+*+*+*+*+*+*+*+*+*+*+*+*+*+*+*+*+*+*+*+*+*+*+*+*+*+*+*+*+*+*+*+*+*+*+*+*+*+*+*+*+*+

                                          BUG: 23

+*+*+*+*+*+*+*+*+*+*+*+*+*+*+*+*+*+*+*+*+*+*+*+*+*+*+*+*+*+*+*+*+*+*+*+*+*+*+*+*+*+*+*+*+*+*+*+*+*+*+*+
bug_file = /Users/daniel/BA_SketchFix_Evaluation/Evaluation/Projects/youtube-dl/youtube_dl/utils.py
bug_test_file = /Users/daniel/BA_SketchFix_Evaluation/Evaluation/Projects/youtube-dl/test/test_utils.py
GIT RESET TO: a22b2fd19bd8c08d50f884d1903486d4f00f76ec
HEAD is now at a22b2fd19 [youtube] Fix ytsearch* when cookies are provided
TEST EXECUTION:
test_age_restricted (test_utils.TestUtil) ... ok
test_args_to_str (test_utils.TestUtil) ... ok
test_base_url (test_utils.TestUtil) ... ok
test_clean_html (test_utils.TestUtil) ... ok
test_cli_bool_option (test_utils.TestUtil) ... ok
test_cli_option (test_utils.TestUtil) ... ok
test_cli_valueless_option (test_utils.TestUtil) ... ok
test_date_from_str (test_utils.TestUtil) ... ok
test_daterange (test_utils.TestUtil) ... ok
test_detect_exe_version (test_utils.TestUtil) ... ok
test_determine_ext (test_utils.TestUtil) ... ok
test_dfxp2srt (test_utils.TestUtil) ... ok
test_dict_get (test_utils.TestUtil) ... ok
test_encode_base_n (test_utils.TestUtil) ... ok
test_encode_compat_str (test_utils.TestUtil) ... ok
test_escape_rfc3986 (test_utils.TestUtil) ... ok
test_escape_url (test_utils.TestUtil) ... ok
test_expand_path (test_utils.TestUtil) ... ok
test_extract_attributes (test_utils.TestUtil) ... ok
test_find_xpath_attr (test_utils.TestUtil) ... ok
test_fix_xml_ampersands (test_utils.TestUtil) ... ok
test_get_element_by_attribute (test_utils.TestUtil) ... ok
test_get_element_by_class (test_utils.TestUtil) ... ok
test_get_elements_by_attribute (test_utils.TestUtil) ... ok
test_get_elements_by_class (test_utils.TestUtil) ... ok
test_intlist_to_bytes (test_utils.TestUtil) ... ok
test_is_html (test_utils.TestUtil) ... ok
test_js_to_json_edgecases (test_utils.TestUtil) ... ok
test_js_to_json_malformed (test_utils.TestUtil) ... ok
test_js_to_json_realworld (test_utils.TestUtil) ... ok
test_limit_length (test_utils.TestUtil) ... ok
test_lowercase_escape (test_utils.TestUtil) ... ok
test_match_str (test_utils.TestUtil) ... ok
test_mimetype2ext (test_utils.TestUtil) ... ok
test_month_by_name (test_utils.TestUtil) ... ok
test_multipart_encode (test_utils.TestUtil) ... ok
test_ohdave_rsa_encrypt (test_utils.TestUtil) ... ok
test_ordered_set (test_utils.TestUtil) ... ok
test_paged_list (test_utils.TestUtil) ... ok
test_parse_age_limit (test_utils.TestUtil) ... ok
test_parse_codecs (test_utils.TestUtil) ... WARNING: Unknown codec newcodec
ok
test_parse_count (test_utils.TestUtil) ... ok
test_parse_dfxp_time_expr (test_utils.TestUtil) ... ok
test_parse_duration (test_utils.TestUtil) ... ok
test_parse_filesize (test_utils.TestUtil) ... ok
test_parse_iso8601 (test_utils.TestUtil) ... ok
test_parse_resolution (test_utils.TestUtil) ... ok
test_pkcs1pad (test_utils.TestUtil) ... ok
test_prepend_extension (test_utils.TestUtil) ... ok
test_read_batch_urls (test_utils.TestUtil) ... ok
test_remove_end (test_utils.TestUtil) ... ok
test_remove_quotes (test_utils.TestUtil) ... ok
test_remove_start (test_utils.TestUtil) ... ok
test_render_table (test_utils.TestUtil) ... ok
test_replace_extension (test_utils.TestUtil) ... ok
test_sanitize_filename (test_utils.TestUtil) ... ok
test_sanitize_filename_restricted (test_utils.TestUtil) ... ok
test_sanitize_ids (test_utils.TestUtil) ... ok
test_sanitize_path (test_utils.TestUtil) ... ok
test_sanitize_url (test_utils.TestUtil) ... ok
test_shell_quote (test_utils.TestUtil) ... ok
test_smuggle_url (test_utils.TestUtil) ... ok
test_str_to_int (test_utils.TestUtil) ... ok
test_strip_jsonp (test_utils.TestUtil) ... ok
test_timeconvert (test_utils.TestUtil) ... ok
test_unescape_html (test_utils.TestUtil) ... ok
test_unified_dates (test_utils.TestUtil) ... ok
test_unified_timestamps (test_utils.TestUtil) ... ok
test_update_url_query (test_utils.TestUtil) ... ok
test_uppercase_escape (test_utils.TestUtil) ... ok
test_url_basename (test_utils.TestUtil) ... ok
test_urlencode_postdata (test_utils.TestUtil) ... ok
test_urljoin (test_utils.TestUtil) ... ok
test_urshift (test_utils.TestUtil) ... ok
test_version_tuple (test_utils.TestUtil) ... ok
test_xpath_attr (test_utils.TestUtil) ... ok
test_xpath_element (test_utils.TestUtil) ... ok
test_xpath_text (test_utils.TestUtil) ... ok
test_xpath_with_ns (test_utils.TestUtil) ... ok

----------------------------------------------------------------------
Ran 79 tests in 0.051s

OK
...........................
✓ SUCCESSFUL! TEST PASSES
✓ PyFix is started...

~~~~~~~~~~~~~~~~~~~~~~~~~~~~~~~~~~~~~~~~~~~~~~~~~~~~~~~~~~~~~~~~~~~~~~~~~~~~~~~~~~~~~~~~~~~~~~~~~~~~~~~

	                              PySketchFix®: Sketches are created.

~~~~~~~~~~~~~~~~~~~~~~~~~~~~~~~~~~~~~~~~~~~~~~~~~~~~~~~~~~~~~~~~~~~~~~~~~~~~~~~~~~~~~~~~~~~~~~~~~~~~~~~
PySketchFix will run with:
bug file: /Users/daniel/BA_SketchFix_Evaluation/Evaluation/Projects/youtube-dl/youtube_dl/utils.py
~~~~~~~~~~~~~~~~~~~~~~~~~~~~~~~~~~~~~~~~~~~~~~~~~~~~~~~~~~~~~~~~~~~~~~~~~~~~~~~~~~~~~~~~~~~~~~~~~~~~~~~
The suspicious lines which are taken are: [2110, 2137]
~~~~~~~~~~~~~~~~~~~~~~~~~~~~~~~~~~~~~~~~~~~~~~~~~~~~~~~~~~~~~~~~~~~~~~~~~~~~~~~~~~~~~~~~~~~~~~~~~~~~~~~
Start transforming line: 2110
✓
Start transforming line: 2137
x Fail! Line: 2137 could not be transformed: '/\*.*?\*/|,(?=\s*[\]}])|'
~~~~~~~~~~~~~~~~~~~~~~~~~~~~~~~~~~~~~~~~~~~~~~~~~~~~~~~~~~~~~~~~~~~~~~~~~~~~~~~~~~~~~~~~~~~~~~~~~~~~~~~
Start creating 11 sketches.
✓
~~~~~~~~~~~~~~~~~~~~~~~~~~~~~~~~~~~~~~~~~~~~~~~~~~~~~~~~~~~~~~~~~~~~~~~~~~~~~~~~~~~~~~~~~~~~~~~~~~~~~~~
x Lines where no transformation is found:[2137]
✓ Number of created sketches:11
Time needed: 0.01 minutes.

+*+*+*+*+*+*+*+*+*+*+*+*+*+*+*+*+*+*+*+*+*+*+*+*+*+*+*+*+*+*+*+*+*+*+*+*+*+*+*+*+*+*+*+*+*+*+*+*+*+*+*+

                                          BUG: 24

+*+*+*+*+*+*+*+*+*+*+*+*+*+*+*+*+*+*+*+*+*+*+*+*+*+*+*+*+*+*+*+*+*+*+*+*+*+*+*+*+*+*+*+*+*+*+*+*+*+*+*+
bug_file = /Users/daniel/BA_SketchFix_Evaluation/Evaluation/Projects/youtube-dl/youtube_dl/utils.py
bug_test_file = /Users/daniel/BA_SketchFix_Evaluation/Evaluation/Projects/youtube-dl/test/test_YoutubeDL.py
GIT RESET TO: 2c6da7df4a4d69ec933688e3c53795fd3436a1c6
HEAD is now at 2c6da7df4 release 2016.10.31
TEST EXECUTION:
test_format_filtering (test_YoutubeDL.TestFormatSelection) ... ok
test_format_selection (test_YoutubeDL.TestFormatSelection) ... ok
test_format_selection_audio (test_YoutubeDL.TestFormatSelection) ... ok
test_format_selection_audio_exts (test_YoutubeDL.TestFormatSelection) ... ok
test_format_selection_video (test_YoutubeDL.TestFormatSelection) ... ok
test_prefer_free_formats (test_YoutubeDL.TestFormatSelection) ... ok
test_youtube_format_selection (test_YoutubeDL.TestFormatSelection) ... ERROR
test_add_extra_info (test_YoutubeDL.TestYoutubeDL) ... ok
test_format_note (test_YoutubeDL.TestYoutubeDL) ... ok
test_match_filter (test_YoutubeDL.TestYoutubeDL) ... ok
test_playlist_items_selection (test_YoutubeDL.TestYoutubeDL) ... ok
test_postprocessors (test_YoutubeDL.TestYoutubeDL) ... ok
Deleting original file post-processor-testfile.mp4 (pass -k to keep)
test_prepare_filename (test_YoutubeDL.TestYoutubeDL) ... ok
test_subtitles (test_YoutubeDL.TestYoutubeDL) ... ok

======================================================================
ERROR: test_youtube_format_selection (test_YoutubeDL.TestFormatSelection)
----------------------------------------------------------------------
Traceback (most recent call last):
  File "/Users/daniel/BA_SketchFix_Evaluation/Evaluation/Projects/youtube-dl/test/test_YoutubeDL.py", line 243, in test_youtube_format_selection
    # Apple HTTP Live Streaming
  File "/Users/daniel/BA_SketchFix_Evaluation/Evaluation/Projects/youtube-dl/youtube_dl/YoutubeDL.py", line 854, in process_ie_result
    'webpage_url': ie_result['webpage_url'],
  File "/Users/daniel/BA_SketchFix_Evaluation/Evaluation/Projects/youtube-dl/youtube_dl/YoutubeDL.py", line 1619, in process_video_result
    if self.params.get('writeinfojson', False):
youtube_dl.utils.ExtractorError: requested format not available

----------------------------------------------------------------------
Ran 14 tests in 0.927s

FAILED (errors=1)
...........................
x TEST FAILS
✓ PyFix is started...

~~~~~~~~~~~~~~~~~~~~~~~~~~~~~~~~~~~~~~~~~~~~~~~~~~~~~~~~~~~~~~~~~~~~~~~~~~~~~~~~~~~~~~~~~~~~~~~~~~~~~~~

	                              PySketchFix®: Sketches are created.

~~~~~~~~~~~~~~~~~~~~~~~~~~~~~~~~~~~~~~~~~~~~~~~~~~~~~~~~~~~~~~~~~~~~~~~~~~~~~~~~~~~~~~~~~~~~~~~~~~~~~~~
PySketchFix will run with:
bug file: /Users/daniel/BA_SketchFix_Evaluation/Evaluation/Projects/youtube-dl/youtube_dl/utils.py
~~~~~~~~~~~~~~~~~~~~~~~~~~~~~~~~~~~~~~~~~~~~~~~~~~~~~~~~~~~~~~~~~~~~~~~~~~~~~~~~~~~~~~~~~~~~~~~~~~~~~~~
The suspicious lines which are taken are: [2348, 2352, 2364]
~~~~~~~~~~~~~~~~~~~~~~~~~~~~~~~~~~~~~~~~~~~~~~~~~~~~~~~~~~~~~~~~~~~~~~~~~~~~~~~~~~~~~~~~~~~~~~~~~~~~~~~
Start transforming line: 2348
✓
Start transforming line: 2352
x Fail! Line: 2352 could not be transformed: 'comparison_value = m.group('strval')'
Start transforming line: 2364
x Fail! Line: 2364 could not be transformed: 'actual_value = dct.get(m.group('key'))'
~~~~~~~~~~~~~~~~~~~~~~~~~~~~~~~~~~~~~~~~~~~~~~~~~~~~~~~~~~~~~~~~~~~~~~~~~~~~~~~~~~~~~~~~~~~~~~~~~~~~~~~
Start creating 10 sketches.
✓
~~~~~~~~~~~~~~~~~~~~~~~~~~~~~~~~~~~~~~~~~~~~~~~~~~~~~~~~~~~~~~~~~~~~~~~~~~~~~~~~~~~~~~~~~~~~~~~~~~~~~~~
x Lines where no transformation is found:[2352, 2364]
✓ Number of created sketches:10
Time needed: 0.02 minutes.

+*+*+*+*+*+*+*+*+*+*+*+*+*+*+*+*+*+*+*+*+*+*+*+*+*+*+*+*+*+*+*+*+*+*+*+*+*+*+*+*+*+*+*+*+*+*+*+*+*+*+*+

                                          BUG: 25

+*+*+*+*+*+*+*+*+*+*+*+*+*+*+*+*+*+*+*+*+*+*+*+*+*+*+*+*+*+*+*+*+*+*+*+*+*+*+*+*+*+*+*+*+*+*+*+*+*+*+*+
bug_file = /Users/daniel/BA_SketchFix_Evaluation/Evaluation/Projects/youtube-dl/youtube_dl/utils.py
bug_test_file = /Users/daniel/BA_SketchFix_Evaluation/Evaluation/Projects/youtube-dl/test/test_utils.py
GIT RESET TO: 9e5751b9fe72f7425e4cb3f22a56b6a95b59e41d
HEAD is now at 9e5751b9f [globo:article] Relax _VALID_URL and video id regex (Closes #10379)
TEST EXECUTION:
test_age_restricted (test_utils.TestUtil) ... ok
test_args_to_str (test_utils.TestUtil) ... ok
test_base_url (test_utils.TestUtil) ... ok
test_clean_html (test_utils.TestUtil) ... ok
test_cli_bool_option (test_utils.TestUtil) ... ok
test_cli_option (test_utils.TestUtil) ... ok
test_cli_valueless_option (test_utils.TestUtil) ... ok
test_date_from_str (test_utils.TestUtil) ... ok
test_daterange (test_utils.TestUtil) ... ok
test_detect_exe_version (test_utils.TestUtil) ... ok
test_determine_ext (test_utils.TestUtil) ... ok
test_dfxp2srt (test_utils.TestUtil) ... ok
test_dict_get (test_utils.TestUtil) ... ok
test_encode_base_n (test_utils.TestUtil) ... ok
test_encode_compat_str (test_utils.TestUtil) ... ok
test_escape_rfc3986 (test_utils.TestUtil) ... ok
test_escape_url (test_utils.TestUtil) ... ok
test_expand_path (test_utils.TestUtil) ... ok
test_extract_attributes (test_utils.TestUtil) ... ok
test_find_xpath_attr (test_utils.TestUtil) ... ok
test_fix_xml_ampersands (test_utils.TestUtil) ... ok
test_get_element_by_attribute (test_utils.TestUtil) ... ok
test_get_element_by_class (test_utils.TestUtil) ... ok
test_get_elements_by_attribute (test_utils.TestUtil) ... ok
test_get_elements_by_class (test_utils.TestUtil) ... ok
test_intlist_to_bytes (test_utils.TestUtil) ... ok
test_is_html (test_utils.TestUtil) ... ok
test_js_to_json_edgecases (test_utils.TestUtil) ... ok
test_js_to_json_malformed (test_utils.TestUtil) ... ok
test_js_to_json_realworld (test_utils.TestUtil) ... ok
test_limit_length (test_utils.TestUtil) ... ok
test_lowercase_escape (test_utils.TestUtil) ... ok
test_match_str (test_utils.TestUtil) ... ok
test_mimetype2ext (test_utils.TestUtil) ... ok
test_month_by_name (test_utils.TestUtil) ... ok
test_multipart_encode (test_utils.TestUtil) ... ok
test_ohdave_rsa_encrypt (test_utils.TestUtil) ... ok
test_ordered_set (test_utils.TestUtil) ... ok
test_paged_list (test_utils.TestUtil) ... ok
test_parse_age_limit (test_utils.TestUtil) ... ok
test_parse_codecs (test_utils.TestUtil) ... WARNING: Unknown codec newcodec
ok
test_parse_count (test_utils.TestUtil) ... ok
test_parse_dfxp_time_expr (test_utils.TestUtil) ... ok
test_parse_duration (test_utils.TestUtil) ... ok
test_parse_filesize (test_utils.TestUtil) ... ok
test_parse_iso8601 (test_utils.TestUtil) ... ok
test_parse_resolution (test_utils.TestUtil) ... ok
test_pkcs1pad (test_utils.TestUtil) ... ok
test_prepend_extension (test_utils.TestUtil) ... ok
test_read_batch_urls (test_utils.TestUtil) ... ok
test_remove_end (test_utils.TestUtil) ... ok
test_remove_quotes (test_utils.TestUtil) ... ok
test_remove_start (test_utils.TestUtil) ... ok
test_render_table (test_utils.TestUtil) ... ok
test_replace_extension (test_utils.TestUtil) ... ok
test_sanitize_filename (test_utils.TestUtil) ... ok
test_sanitize_filename_restricted (test_utils.TestUtil) ... ok
test_sanitize_ids (test_utils.TestUtil) ... ok
test_sanitize_path (test_utils.TestUtil) ... ok
test_sanitize_url (test_utils.TestUtil) ... ok
test_shell_quote (test_utils.TestUtil) ... ok
test_smuggle_url (test_utils.TestUtil) ... ok
test_str_to_int (test_utils.TestUtil) ... ok
test_strip_jsonp (test_utils.TestUtil) ... ok
test_timeconvert (test_utils.TestUtil) ... ok
test_unescape_html (test_utils.TestUtil) ... ok
test_unified_dates (test_utils.TestUtil) ... ok
test_unified_timestamps (test_utils.TestUtil) ... ok
...........................
✓ SUCCESSFUL! TEST PASSES
✓ PyFix is started...

~~~~~~~~~~~~~~~~~~~~~~~~~~~~~~~~~~~~~~~~~~~~~~~~~~~~~~~~~~~~~~~~~~~~~~~~~~~~~~~~~~~~~~~~~~~~~~~~~~~~~~~

	                              PySketchFix®: Sketches are created.

~~~~~~~~~~~~~~~~~~~~~~~~~~~~~~~~~~~~~~~~~~~~~~~~~~~~~~~~~~~~~~~~~~~~~~~~~~~~~~~~~~~~~~~~~~~~~~~~~~~~~~~
PySketchFix will run with:
bug file: /Users/daniel/BA_SketchFix_Evaluation/Evaluation/Projects/youtube-dl/youtube_dl/utils.py
~~~~~~~~~~~~~~~~~~~~~~~~~~~~~~~~~~~~~~~~~~~~~~~~~~~~~~~~~~~~~~~~~~~~~~~~~~~~~~~~~~~~~~~~~~~~~~~~~~~~~~~
test_update_url_query (test_utils.TestUtil) ... ok
test_uppercase_escape (test_utils.TestUtil) ... ok
test_url_basename (test_utils.TestUtil) ... ok
test_urlencode_postdata (test_utils.TestUtil) ... ok
test_urljoin (test_utils.TestUtil) ... ok
test_urshift (test_utils.TestUtil) ... ok
test_version_tuple (test_utils.TestUtil) ... ok
test_xpath_attr (test_utils.TestUtil) ... ok
test_xpath_element (test_utils.TestUtil) ... ok
test_xpath_text (test_utils.TestUtil) ... ok
test_xpath_with_ns (test_utils.TestUtil) ... ok

----------------------------------------------------------------------
Ran 79 tests in 0.058s

OK
The suspicious lines which are taken are: [2041, 2042, 2048]
~~~~~~~~~~~~~~~~~~~~~~~~~~~~~~~~~~~~~~~~~~~~~~~~~~~~~~~~~~~~~~~~~~~~~~~~~~~~~~~~~~~~~~~~~~~~~~~~~~~~~~~
Start transforming line: 2041
x Fail! Line: 2041 could not be transformed: '(r'^0[xX][0-9a-fA-F]+', 16),'
Start transforming line: 2042
x Fail! Line: 2042 could not be transformed: '(r'^0+[0-7]+', 8),'
Start transforming line: 2048
✓
~~~~~~~~~~~~~~~~~~~~~~~~~~~~~~~~~~~~~~~~~~~~~~~~~~~~~~~~~~~~~~~~~~~~~~~~~~~~~~~~~~~~~~~~~~~~~~~~~~~~~~~
Start creating 6 sketches.
✓
~~~~~~~~~~~~~~~~~~~~~~~~~~~~~~~~~~~~~~~~~~~~~~~~~~~~~~~~~~~~~~~~~~~~~~~~~~~~~~~~~~~~~~~~~~~~~~~~~~~~~~~
x Lines where no transformation is found:[2041, 2042]
✓ Number of created sketches:6
Time needed: 0.02 minutes.

+*+*+*+*+*+*+*+*+*+*+*+*+*+*+*+*+*+*+*+*+*+*+*+*+*+*+*+*+*+*+*+*+*+*+*+*+*+*+*+*+*+*+*+*+*+*+*+*+*+*+*+

                                          BUG: 26

+*+*+*+*+*+*+*+*+*+*+*+*+*+*+*+*+*+*+*+*+*+*+*+*+*+*+*+*+*+*+*+*+*+*+*+*+*+*+*+*+*+*+*+*+*+*+*+*+*+*+*+
bug_file = /Users/daniel/BA_SketchFix_Evaluation/Evaluation/Projects/youtube-dl/youtube_dl/utils.py
bug_test_file = /Users/daniel/BA_SketchFix_Evaluation/Evaluation/Projects/youtube-dl/test/test_utils.py
GIT RESET TO: 4c93ee8d14dc081d413304d2d2eb694cb62cc71a
test_age_restricted (test_utils.TestUtil) ... ok
test_args_to_str (test_utils.TestUtil) ... ok
test_base_url (test_utils.TestUtil) ... ok
test_clean_html (test_utils.TestUtil) ... ok
test_cli_bool_option (test_utils.TestUtil) ... ok
test_cli_option (test_utils.TestUtil) ... ok
test_cli_valueless_option (test_utils.TestUtil) ... ok
test_date_from_str (test_utils.TestUtil) ... ok
test_daterange (test_utils.TestUtil) ... ok
test_detect_exe_version (test_utils.TestUtil) ... ok
test_determine_ext (test_utils.TestUtil) ... ok
test_dfxp2srt (test_utils.TestUtil) ... ok
test_dict_get (test_utils.TestUtil) ... ok
test_encode_base_n (test_utils.TestUtil) ... ok
test_encode_compat_str (test_utils.TestUtil) ... ok
test_escape_rfc3986 (test_utils.TestUtil) ... ok
test_escape_url (test_utils.TestUtil) ... ok
test_expand_path (test_utils.TestUtil) ... ok
test_extract_attributes (test_utils.TestUtil) ... ok
test_find_xpath_attr (test_utils.TestUtil) ... ok
test_fix_xml_ampersands (test_utils.TestUtil) ... ok
test_get_element_by_attribute (test_utils.TestUtil) ... ok
test_get_element_by_class (test_utils.TestUtil) ... ok
test_get_elements_by_attribute (test_utils.TestUtil) ... ok
test_get_elements_by_class (test_utils.TestUtil) ... ok
test_intlist_to_bytes (test_utils.TestUtil) ... ok
test_is_html (test_utils.TestUtil) ... ok
test_js_to_json_edgecases (test_utils.TestUtil) ... ok
test_js_to_json_malformed (test_utils.TestUtil) ... ok
test_js_to_json_realworld (test_utils.TestUtil) ... ok
test_limit_length (test_utils.TestUtil) ... ok
test_lowercase_escape (test_utils.TestUtil) ... ok
test_match_str (test_utils.TestUtil) ... ok
test_mimetype2ext (test_utils.TestUtil) ... ok
test_month_by_name (test_utils.TestUtil) ... ok
test_multipart_encode (test_utils.TestUtil) ... ok
test_ohdave_rsa_encrypt (test_utils.TestUtil) ... ok
test_ordered_set (test_utils.TestUtil) ... ok
test_paged_list (test_utils.TestUtil) ... ok
test_parse_age_limit (test_utils.TestUtil) ... ok
test_parse_codecs (test_utils.TestUtil) ... WARNING: Unknown codec newcodec
ok
test_parse_count (test_utils.TestUtil) ... ok
test_parse_dfxp_time_expr (test_utils.TestUtil) ... ok
test_parse_duration (test_utils.TestUtil) ... ok
HEAD is now at 4c93ee8d1 [imdb] Improve _VALID_URL (Closes #9788)
TEST EXECUTION:
test_parse_filesize (test_utils.TestUtil) ... ok
test_parse_iso8601 (test_utils.TestUtil) ... ok
test_parse_resolution (test_utils.TestUtil) ... ok
test_pkcs1pad (test_utils.TestUtil) ... ok
test_prepend_extension (test_utils.TestUtil) ... ok
test_read_batch_urls (test_utils.TestUtil) ... ok
test_remove_end (test_utils.TestUtil) ... ok
test_remove_quotes (test_utils.TestUtil) ... ok
test_remove_start (test_utils.TestUtil) ... ok
test_render_table (test_utils.TestUtil) ... ok
test_replace_extension (test_utils.TestUtil) ... ok
test_sanitize_filename (test_utils.TestUtil) ... ok
test_sanitize_filename_restricted (test_utils.TestUtil) ... ok
test_sanitize_ids (test_utils.TestUtil) ... ok
test_sanitize_path (test_utils.TestUtil) ... ok
test_sanitize_url (test_utils.TestUtil) ... ok
test_shell_quote (test_utils.TestUtil) ... ok
test_smuggle_url (test_utils.TestUtil) ... ok
test_str_to_int (test_utils.TestUtil) ... ok
test_strip_jsonp (test_utils.TestUtil) ... ok
test_timeconvert (test_utils.TestUtil) ... ok
test_unescape_html (test_utils.TestUtil) ... ok
test_unified_dates (test_utils.TestUtil) ... ok
test_unified_timestamps (test_utils.TestUtil) ... ok
...........................
✓ SUCCESSFUL! TEST PASSES
✓ PyFix is started...

~~~~~~~~~~~~~~~~~~~~~~~~~~~~~~~~~~~~~~~~~~~~~~~~~~~~~~~~~~~~~~~~~~~~~~~~~~~~~~~~~~~~~~~~~~~~~~~~~~~~~~~

	                              PySketchFix®: Sketches are created.

~~~~~~~~~~~~~~~~~~~~~~~~~~~~~~~~~~~~~~~~~~~~~~~~~~~~~~~~~~~~~~~~~~~~~~~~~~~~~~~~~~~~~~~~~~~~~~~~~~~~~~~
PySketchFix will run with:
bug file: /Users/daniel/BA_SketchFix_Evaluation/Evaluation/Projects/youtube-dl/youtube_dl/utils.py
~~~~~~~~~~~~~~~~~~~~~~~~~~~~~~~~~~~~~~~~~~~~~~~~~~~~~~~~~~~~~~~~~~~~~~~~~~~~~~~~~~~~~~~~~~~~~~~~~~~~~~~
test_update_url_query (test_utils.TestUtil) ... ok
test_uppercase_escape (test_utils.TestUtil) ... ok
test_url_basename (test_utils.TestUtil) ... ok
test_urlencode_postdata (test_utils.TestUtil) ... ok
test_urljoin (test_utils.TestUtil) ... ok
test_urshift (test_utils.TestUtil) ... ok
test_version_tuple (test_utils.TestUtil) ... ok
test_xpath_attr (test_utils.TestUtil) ... ok
test_xpath_element (test_utils.TestUtil) ... ok
test_xpath_text (test_utils.TestUtil) ... ok
test_xpath_with_ns (test_utils.TestUtil) ... ok

----------------------------------------------------------------------
Ran 79 tests in 0.061s

OK
The suspicious lines which are taken are: [1973]
~~~~~~~~~~~~~~~~~~~~~~~~~~~~~~~~~~~~~~~~~~~~~~~~~~~~~~~~~~~~~~~~~~~~~~~~~~~~~~~~~~~~~~~~~~~~~~~~~~~~~~~
Start transforming line: 1973
x Fail! Line: 1973 could not be transformed: '(?0[xX][0-9a-fA-F]+|0+[0-7]+)(?\s*)?|'
~~~~~~~~~~~~~~~~~~~~~~~~~~~~~~~~~~~~~~~~~~~~~~~~~~~~~~~~~~~~~~~~~~~~~~~~~~~~~~~~~~~~~~~~~~~~~~~~~~~~~~~
Start creating 0 sketches.
✓
~~~~~~~~~~~~~~~~~~~~~~~~~~~~~~~~~~~~~~~~~~~~~~~~~~~~~~~~~~~~~~~~~~~~~~~~~~~~~~~~~~~~~~~~~~~~~~~~~~~~~~~
x Lines where no transformation is found:[1973]
✓ Number of created sketches:0
Time needed: 0.0 minutes.

+*+*+*+*+*+*+*+*+*+*+*+*+*+*+*+*+*+*+*+*+*+*+*+*+*+*+*+*+*+*+*+*+*+*+*+*+*+*+*+*+*+*+*+*+*+*+*+*+*+*+*+

                                          BUG: 27

+*+*+*+*+*+*+*+*+*+*+*+*+*+*+*+*+*+*+*+*+*+*+*+*+*+*+*+*+*+*+*+*+*+*+*+*+*+*+*+*+*+*+*+*+*+*+*+*+*+*+*+
bug_file = /Users/daniel/BA_SketchFix_Evaluation/Evaluation/Projects/youtube-dl/youtube_dl/utils.py
bug_test_file = /Users/daniel/BA_SketchFix_Evaluation/Evaluation/Projects/youtube-dl/test/test_utils.py
GIT RESET TO: d631d5f9f27f93767226192e4288990413fa9dbd
HEAD is now at d631d5f9f [utils] Fix TTML conversion
TEST EXECUTION:
test_age_restricted (test_utils.TestUtil) ... ok
test_args_to_str (test_utils.TestUtil) ... ok
test_base_url (test_utils.TestUtil) ... ok
test_clean_html (test_utils.TestUtil) ... ok
test_cli_bool_option (test_utils.TestUtil) ... ok
test_cli_option (test_utils.TestUtil) ... ok
test_cli_valueless_option (test_utils.TestUtil) ... ok
test_date_from_str (test_utils.TestUtil) ... ok
test_daterange (test_utils.TestUtil) ... ok
test_detect_exe_version (test_utils.TestUtil) ... ok
test_determine_ext (test_utils.TestUtil) ... ok
test_dfxp2srt (test_utils.TestUtil) ... ok
test_dict_get (test_utils.TestUtil) ... ok
test_encode_base_n (test_utils.TestUtil) ... ok
test_encode_compat_str (test_utils.TestUtil) ... ok
test_escape_rfc3986 (test_utils.TestUtil) ... ok
test_escape_url (test_utils.TestUtil) ... ok
test_expand_path (test_utils.TestUtil) ... ok
test_extract_attributes (test_utils.TestUtil) ... ok
test_find_xpath_attr (test_utils.TestUtil) ... ok
test_fix_xml_ampersands (test_utils.TestUtil) ... ok
test_get_element_by_attribute (test_utils.TestUtil) ... ok
test_get_element_by_class (test_utils.TestUtil) ... ok
test_get_elements_by_attribute (test_utils.TestUtil) ... ok
test_get_elements_by_class (test_utils.TestUtil) ... ok
test_intlist_to_bytes (test_utils.TestUtil) ... ok
test_is_html (test_utils.TestUtil) ... ok
test_js_to_json_edgecases (test_utils.TestUtil) ... ok
test_js_to_json_malformed (test_utils.TestUtil) ... ok
test_js_to_json_realworld (test_utils.TestUtil) ... ok
test_limit_length (test_utils.TestUtil) ... ok
test_lowercase_escape (test_utils.TestUtil) ... ok
test_match_str (test_utils.TestUtil) ... ok
test_mimetype2ext (test_utils.TestUtil) ... ok
test_month_by_name (test_utils.TestUtil) ... ok
test_multipart_encode (test_utils.TestUtil) ... ok
test_ohdave_rsa_encrypt (test_utils.TestUtil) ... ok
test_ordered_set (test_utils.TestUtil) ... ok
test_paged_list (test_utils.TestUtil) ... ok
test_parse_age_limit (test_utils.TestUtil) ... ok
test_parse_codecs (test_utils.TestUtil) ... WARNING: Unknown codec newcodec
ok
test_parse_count (test_utils.TestUtil) ... ok
test_parse_dfxp_time_expr (test_utils.TestUtil) ... ok
test_parse_duration (test_utils.TestUtil) ... ok
test_parse_filesize (test_utils.TestUtil) ... ok
test_parse_iso8601 (test_utils.TestUtil) ... ok
test_parse_resolution (test_utils.TestUtil) ... ok
test_pkcs1pad (test_utils.TestUtil) ... ok
test_prepend_extension (test_utils.TestUtil) ... ok
test_read_batch_urls (test_utils.TestUtil) ... ok
test_remove_end (test_utils.TestUtil) ... ok
test_remove_quotes (test_utils.TestUtil) ... ok
test_remove_start (test_utils.TestUtil) ... ok
test_render_table (test_utils.TestUtil) ... ok
test_replace_extension (test_utils.TestUtil) ... ok
test_sanitize_filename (test_utils.TestUtil) ... ok
test_sanitize_filename_restricted (test_utils.TestUtil) ... ok
test_sanitize_ids (test_utils.TestUtil) ... ok
test_sanitize_path (test_utils.TestUtil) ... ok
test_sanitize_url (test_utils.TestUtil) ... ok
test_shell_quote (test_utils.TestUtil) ... ok
test_smuggle_url (test_utils.TestUtil) ... ok
test_str_to_int (test_utils.TestUtil) ... ok
test_strip_jsonp (test_utils.TestUtil) ... ok
test_timeconvert (test_utils.TestUtil) ... ok
test_unescape_html (test_utils.TestUtil) ... ok
test_unified_dates (test_utils.TestUtil) ... ok
test_unified_timestamps (test_utils.TestUtil) ... ok
test_update_url_query (test_utils.TestUtil) ... ok
test_uppercase_escape (test_utils.TestUtil) ... ok
test_url_basename (test_utils.TestUtil) ... ok
test_urlencode_postdata (test_utils.TestUtil) ... ok
test_urljoin (test_utils.TestUtil) ... ok
test_urshift (test_utils.TestUtil) ... ok
test_version_tuple (test_utils.TestUtil) ... ok
test_xpath_attr (test_utils.TestUtil) ... ok
test_xpath_element (test_utils.TestUtil) ... ok
test_xpath_text (test_utils.TestUtil) ... ok
test_xpath_with_ns (test_utils.TestUtil) ... ok

----------------------------------------------------------------------
Ran 79 tests in 0.050s

OK
...........................
✓ SUCCESSFUL! TEST PASSES
✓ PyFix is started...

~~~~~~~~~~~~~~~~~~~~~~~~~~~~~~~~~~~~~~~~~~~~~~~~~~~~~~~~~~~~~~~~~~~~~~~~~~~~~~~~~~~~~~~~~~~~~~~~~~~~~~~

	                              PySketchFix®: Sketches are created.

~~~~~~~~~~~~~~~~~~~~~~~~~~~~~~~~~~~~~~~~~~~~~~~~~~~~~~~~~~~~~~~~~~~~~~~~~~~~~~~~~~~~~~~~~~~~~~~~~~~~~~~
PySketchFix will run with:
bug file: /Users/daniel/BA_SketchFix_Evaluation/Evaluation/Projects/youtube-dl/youtube_dl/utils.py
~~~~~~~~~~~~~~~~~~~~~~~~~~~~~~~~~~~~~~~~~~~~~~~~~~~~~~~~~~~~~~~~~~~~~~~~~~~~~~~~~~~~~~~~~~~~~~~~~~~~~~~
The suspicious lines which are taken are: [1985, 1987]
~~~~~~~~~~~~~~~~~~~~~~~~~~~~~~~~~~~~~~~~~~~~~~~~~~~~~~~~~~~~~~~~~~~~~~~~~~~~~~~~~~~~~~~~~~~~~~~~~~~~~~~
Start transforming line: 1985
✓
Start transforming line: 1987
✓
~~~~~~~~~~~~~~~~~~~~~~~~~~~~~~~~~~~~~~~~~~~~~~~~~~~~~~~~~~~~~~~~~~~~~~~~~~~~~~~~~~~~~~~~~~~~~~~~~~~~~~~
Start creating 7 sketches.
✓
~~~~~~~~~~~~~~~~~~~~~~~~~~~~~~~~~~~~~~~~~~~~~~~~~~~~~~~~~~~~~~~~~~~~~~~~~~~~~~~~~~~~~~~~~~~~~~~~~~~~~~~
x Lines where no transformation is found:[]
✓ Number of created sketches:7
Time needed: 0.02 minutes.

+*+*+*+*+*+*+*+*+*+*+*+*+*+*+*+*+*+*+*+*+*+*+*+*+*+*+*+*+*+*+*+*+*+*+*+*+*+*+*+*+*+*+*+*+*+*+*+*+*+*+*+

                                          BUG: 28

+*+*+*+*+*+*+*+*+*+*+*+*+*+*+*+*+*+*+*+*+*+*+*+*+*+*+*+*+*+*+*+*+*+*+*+*+*+*+*+*+*+*+*+*+*+*+*+*+*+*+*+
bug_file = /Users/daniel/BA_SketchFix_Evaluation/Evaluation/Projects/youtube-dl/youtube_dl/utils.py
bug_test_file = /Users/daniel/BA_SketchFix_Evaluation/Evaluation/Projects/youtube-dl/test/test_utils.py
GIT RESET TO: bd1512d19649c280197729814766d590ea6c023b
test_age_restricted (test_utils.TestUtil) ... ok
test_args_to_str (test_utils.TestUtil) ... ok
test_base_url (test_utils.TestUtil) ... ok
test_clean_html (test_utils.TestUtil) ... ok
test_cli_bool_option (test_utils.TestUtil) ... ok
test_cli_option (test_utils.TestUtil) ... ok
test_cli_valueless_option (test_utils.TestUtil) ... ok
test_date_from_str (test_utils.TestUtil) ... ok
test_daterange (test_utils.TestUtil) ... ok
test_detect_exe_version (test_utils.TestUtil) ... ok
test_determine_ext (test_utils.TestUtil) ... ok
test_dfxp2srt (test_utils.TestUtil) ... ok
test_dict_get (test_utils.TestUtil) ... ok
test_encode_base_n (test_utils.TestUtil) ... ok
test_encode_compat_str (test_utils.TestUtil) ... ok
test_escape_rfc3986 (test_utils.TestUtil) ... ok
test_escape_url (test_utils.TestUtil) ... ok
test_expand_path (test_utils.TestUtil) ... ok
test_extract_attributes (test_utils.TestUtil) ... ok
test_find_xpath_attr (test_utils.TestUtil) ... ok
test_fix_xml_ampersands (test_utils.TestUtil) ... ok
test_get_element_by_attribute (test_utils.TestUtil) ... ok
test_get_element_by_class (test_utils.TestUtil) ... ok
test_get_elements_by_attribute (test_utils.TestUtil) ... ok
test_get_elements_by_class (test_utils.TestUtil) ... ok
test_intlist_to_bytes (test_utils.TestUtil) ... ok
test_is_html (test_utils.TestUtil) ... ok
test_js_to_json_edgecases (test_utils.TestUtil) ... ok
test_js_to_json_malformed (test_utils.TestUtil) ... ok
test_js_to_json_realworld (test_utils.TestUtil) ... ok
test_limit_length (test_utils.TestUtil) ... ok
test_lowercase_escape (test_utils.TestUtil) ... ok
test_match_str (test_utils.TestUtil) ... ok
test_mimetype2ext (test_utils.TestUtil) ... ok
HEAD is now at bd1512d19 release 2015.11.15
TEST EXECUTION:
test_month_by_name (test_utils.TestUtil) ... ok
test_multipart_encode (test_utils.TestUtil) ... ok
test_ohdave_rsa_encrypt (test_utils.TestUtil) ... ok
test_ordered_set (test_utils.TestUtil) ... ok
test_paged_list (test_utils.TestUtil) ... ok
test_parse_age_limit (test_utils.TestUtil) ... ok
test_parse_codecs (test_utils.TestUtil) ... WARNING: Unknown codec newcodec
ok
test_parse_count (test_utils.TestUtil) ... ok
test_parse_dfxp_time_expr (test_utils.TestUtil) ... ok
test_parse_duration (test_utils.TestUtil) ... ok
test_parse_filesize (test_utils.TestUtil) ... ok
test_parse_iso8601 (test_utils.TestUtil) ... ok
test_parse_resolution (test_utils.TestUtil) ... ok
test_pkcs1pad (test_utils.TestUtil) ... ok
test_prepend_extension (test_utils.TestUtil) ... ok
test_read_batch_urls (test_utils.TestUtil) ... ok
test_remove_end (test_utils.TestUtil) ... ok
test_remove_quotes (test_utils.TestUtil) ... ok
test_remove_start (test_utils.TestUtil) ... ok
test_render_table (test_utils.TestUtil) ... ok
test_replace_extension (test_utils.TestUtil) ... ok
test_sanitize_filename (test_utils.TestUtil) ... ok
test_sanitize_filename_restricted (test_utils.TestUtil) ... ok
test_sanitize_ids (test_utils.TestUtil) ... ok
test_sanitize_path (test_utils.TestUtil) ... ok
test_sanitize_url (test_utils.TestUtil) ... ok
test_shell_quote (test_utils.TestUtil) ... ok
test_smuggle_url (test_utils.TestUtil) ... ok
test_str_to_int (test_utils.TestUtil) ... ok
test_strip_jsonp (test_utils.TestUtil) ... ok
test_timeconvert (test_utils.TestUtil) ... ok
test_unescape_html (test_utils.TestUtil) ... ok
test_unified_dates (test_utils.TestUtil) ... ok
test_unified_timestamps (test_utils.TestUtil) ... ok
test_update_url_query (test_utils.TestUtil) ... ok
test_uppercase_escape (test_utils.TestUtil) ... ok
test_url_basename (test_utils.TestUtil) ... ok
test_urlencode_postdata (test_utils.TestUtil) ... ok
test_urljoin (test_utils.TestUtil) ... ok
test_urshift (test_utils.TestUtil) ... ok
test_version_tuple (test_utils.TestUtil) ... ok
test_xpath_attr (test_utils.TestUtil) ... ok
test_xpath_element (test_utils.TestUtil) ... ok
test_xpath_text (test_utils.TestUtil) ... ok
test_xpath_with_ns (test_utils.TestUtil) ... ok

----------------------------------------------------------------------
Ran 79 tests in 0.060s

OK
...........................
✓ SUCCESSFUL! TEST PASSES
✓ PyFix is started...

~~~~~~~~~~~~~~~~~~~~~~~~~~~~~~~~~~~~~~~~~~~~~~~~~~~~~~~~~~~~~~~~~~~~~~~~~~~~~~~~~~~~~~~~~~~~~~~~~~~~~~~

	                              PySketchFix®: Sketches are created.

~~~~~~~~~~~~~~~~~~~~~~~~~~~~~~~~~~~~~~~~~~~~~~~~~~~~~~~~~~~~~~~~~~~~~~~~~~~~~~~~~~~~~~~~~~~~~~~~~~~~~~~
PySketchFix will run with:
bug file: /Users/daniel/BA_SketchFix_Evaluation/Evaluation/Projects/youtube-dl/youtube_dl/utils.py
~~~~~~~~~~~~~~~~~~~~~~~~~~~~~~~~~~~~~~~~~~~~~~~~~~~~~~~~~~~~~~~~~~~~~~~~~~~~~~~~~~~~~~~~~~~~~~~~~~~~~~~
The suspicious lines which are taken are: [399]
~~~~~~~~~~~~~~~~~~~~~~~~~~~~~~~~~~~~~~~~~~~~~~~~~~~~~~~~~~~~~~~~~~~~~~~~~~~~~~~~~~~~~~~~~~~~~~~~~~~~~~~
Start transforming line: 399
✓
~~~~~~~~~~~~~~~~~~~~~~~~~~~~~~~~~~~~~~~~~~~~~~~~~~~~~~~~~~~~~~~~~~~~~~~~~~~~~~~~~~~~~~~~~~~~~~~~~~~~~~~
Start creating 4 sketches.
✓
~~~~~~~~~~~~~~~~~~~~~~~~~~~~~~~~~~~~~~~~~~~~~~~~~~~~~~~~~~~~~~~~~~~~~~~~~~~~~~~~~~~~~~~~~~~~~~~~~~~~~~~
x Lines where no transformation is found:[]
✓ Number of created sketches:4
Time needed: 0.01 minutes.

+*+*+*+*+*+*+*+*+*+*+*+*+*+*+*+*+*+*+*+*+*+*+*+*+*+*+*+*+*+*+*+*+*+*+*+*+*+*+*+*+*+*+*+*+*+*+*+*+*+*+*+

                                          BUG: 29

+*+*+*+*+*+*+*+*+*+*+*+*+*+*+*+*+*+*+*+*+*+*+*+*+*+*+*+*+*+*+*+*+*+*+*+*+*+*+*+*+*+*+*+*+*+*+*+*+*+*+*+
bug_file = /Users/daniel/BA_SketchFix_Evaluation/Evaluation/Projects/youtube-dl/youtube_dl/utils.py
bug_test_file = /Users/daniel/BA_SketchFix_Evaluation/Evaluation/Projects/youtube-dl/test/test_utils.py
GIT RESET TO: c514b0ec655b23e7804eb18df04daa863d973f32
HEAD is now at c514b0ec6 [videofy.me] fix info extraction
TEST EXECUTION:
test_age_restricted (test_utils.TestUtil) ... ok
test_args_to_str (test_utils.TestUtil) ... ok
test_base_url (test_utils.TestUtil) ... ok
test_clean_html (test_utils.TestUtil) ... ok
test_cli_bool_option (test_utils.TestUtil) ... ok
test_cli_option (test_utils.TestUtil) ... ok
test_cli_valueless_option (test_utils.TestUtil) ... ok
test_date_from_str (test_utils.TestUtil) ... ok
test_daterange (test_utils.TestUtil) ... ok
test_detect_exe_version (test_utils.TestUtil) ... ok
test_determine_ext (test_utils.TestUtil) ... ok
test_dfxp2srt (test_utils.TestUtil) ... ok
test_dict_get (test_utils.TestUtil) ... ok
test_encode_base_n (test_utils.TestUtil) ... ok
test_encode_compat_str (test_utils.TestUtil) ... ok
test_escape_rfc3986 (test_utils.TestUtil) ... ok
test_escape_url (test_utils.TestUtil) ... ok
test_expand_path (test_utils.TestUtil) ... ok
test_extract_attributes (test_utils.TestUtil) ... ok
test_find_xpath_attr (test_utils.TestUtil) ... ok
test_fix_xml_ampersands (test_utils.TestUtil) ... ok
test_get_element_by_attribute (test_utils.TestUtil) ... ok
test_get_element_by_class (test_utils.TestUtil) ... ok
test_get_elements_by_attribute (test_utils.TestUtil) ... ok
test_get_elements_by_class (test_utils.TestUtil) ... ok
test_intlist_to_bytes (test_utils.TestUtil) ... ok
test_is_html (test_utils.TestUtil) ... ok
test_js_to_json_edgecases (test_utils.TestUtil) ... ok
test_js_to_json_malformed (test_utils.TestUtil) ... ok
test_js_to_json_realworld (test_utils.TestUtil) ... ok
test_limit_length (test_utils.TestUtil) ... ok
test_lowercase_escape (test_utils.TestUtil) ... ok
test_match_str (test_utils.TestUtil) ... ok
test_mimetype2ext (test_utils.TestUtil) ... ok
test_month_by_name (test_utils.TestUtil) ... ok
test_multipart_encode (test_utils.TestUtil) ... ok
test_ohdave_rsa_encrypt (test_utils.TestUtil) ... ok
test_ordered_set (test_utils.TestUtil) ... ok
test_paged_list (test_utils.TestUtil) ... ok
test_parse_age_limit (test_utils.TestUtil) ... ok
test_parse_codecs (test_utils.TestUtil) ... WARNING: Unknown codec newcodec
ok
test_parse_count (test_utils.TestUtil) ... ok
test_parse_dfxp_time_expr (test_utils.TestUtil) ... ok
test_parse_duration (test_utils.TestUtil) ... ok
test_parse_filesize (test_utils.TestUtil) ... ok
test_parse_iso8601 (test_utils.TestUtil) ... ok
test_parse_resolution (test_utils.TestUtil) ... ok
test_pkcs1pad (test_utils.TestUtil) ... ok
test_prepend_extension (test_utils.TestUtil) ... ok
test_read_batch_urls (test_utils.TestUtil) ... ok
test_remove_end (test_utils.TestUtil) ... ok
test_remove_quotes (test_utils.TestUtil) ... ok
test_remove_start (test_utils.TestUtil) ... ok
test_render_table (test_utils.TestUtil) ... ok
test_replace_extension (test_utils.TestUtil) ... ok
test_sanitize_filename (test_utils.TestUtil) ... ok
test_sanitize_filename_restricted (test_utils.TestUtil) ... ok
test_sanitize_ids (test_utils.TestUtil) ... ok
test_sanitize_path (test_utils.TestUtil) ... ok
test_sanitize_url (test_utils.TestUtil) ... ok
test_shell_quote (test_utils.TestUtil) ... ok
test_smuggle_url (test_utils.TestUtil) ... ok
test_str_to_int (test_utils.TestUtil) ... ok
test_strip_jsonp (test_utils.TestUtil) ... ok
test_timeconvert (test_utils.TestUtil) ... ok
test_unescape_html (test_utils.TestUtil) ... ok
test_unified_dates (test_utils.TestUtil) ... ok
test_unified_timestamps (test_utils.TestUtil) ... ok
...........................
✓ SUCCESSFUL! TEST PASSES
✓ PyFix is started...

~~~~~~~~~~~~~~~~~~~~~~~~~~~~~~~~~~~~~~~~~~~~~~~~~~~~~~~~~~~~~~~~~~~~~~~~~~~~~~~~~~~~~~~~~~~~~~~~~~~~~~~

	                              PySketchFix®: Sketches are created.

~~~~~~~~~~~~~~~~~~~~~~~~~~~~~~~~~~~~~~~~~~~~~~~~~~~~~~~~~~~~~~~~~~~~~~~~~~~~~~~~~~~~~~~~~~~~~~~~~~~~~~~
PySketchFix will run with:
bug file: /Users/daniel/BA_SketchFix_Evaluation/Evaluation/Projects/youtube-dl/youtube_dl/utils.py
~~~~~~~~~~~~~~~~~~~~~~~~~~~~~~~~~~~~~~~~~~~~~~~~~~~~~~~~~~~~~~~~~~~~~~~~~~~~~~~~~~~~~~~~~~~~~~~~~~~~~~~
test_update_url_query (test_utils.TestUtil) ... ok
test_uppercase_escape (test_utils.TestUtil) ... ok
test_url_basename (test_utils.TestUtil) ... ok
test_urlencode_postdata (test_utils.TestUtil) ... ok
test_urljoin (test_utils.TestUtil) ... ok
test_urshift (test_utils.TestUtil) ... ok
test_version_tuple (test_utils.TestUtil) ... ok
test_xpath_attr (test_utils.TestUtil) ... ok
test_xpath_element (test_utils.TestUtil) ... ok
test_xpath_text (test_utils.TestUtil) ... ok
test_xpath_with_ns (test_utils.TestUtil) ... ok

----------------------------------------------------------------------
Ran 79 tests in 0.051s

OK
The suspicious lines which are taken are: [914]
~~~~~~~~~~~~~~~~~~~~~~~~~~~~~~~~~~~~~~~~~~~~~~~~~~~~~~~~~~~~~~~~~~~~~~~~~~~~~~~~~~~~~~~~~~~~~~~~~~~~~~~
Start transforming line: 914
✓
~~~~~~~~~~~~~~~~~~~~~~~~~~~~~~~~~~~~~~~~~~~~~~~~~~~~~~~~~~~~~~~~~~~~~~~~~~~~~~~~~~~~~~~~~~~~~~~~~~~~~~~
Start creating 4 sketches.
✓
~~~~~~~~~~~~~~~~~~~~~~~~~~~~~~~~~~~~~~~~~~~~~~~~~~~~~~~~~~~~~~~~~~~~~~~~~~~~~~~~~~~~~~~~~~~~~~~~~~~~~~~
x Lines where no transformation is found:[]
✓ Number of created sketches:4
Time needed: 0.0 minutes.

+*+*+*+*+*+*+*+*+*+*+*+*+*+*+*+*+*+*+*+*+*+*+*+*+*+*+*+*+*+*+*+*+*+*+*+*+*+*+*+*+*+*+*+*+*+*+*+*+*+*+*+

                                          BUG: 30

+*+*+*+*+*+*+*+*+*+*+*+*+*+*+*+*+*+*+*+*+*+*+*+*+*+*+*+*+*+*+*+*+*+*+*+*+*+*+*+*+*+*+*+*+*+*+*+*+*+*+*+
bug_file = /Users/daniel/BA_SketchFix_Evaluation/Evaluation/Projects/youtube-dl/youtube_dl/YoutubeDL.py
bug_test_file = /Users/daniel/BA_SketchFix_Evaluation/Evaluation/Projects/youtube-dl/test/test_YoutubeDL.py
GIT RESET TO: f5f4a27a964b41646303921104f4d6d6fd2098e4
HEAD is now at f5f4a27a9 [YoutubeDL] format spec: fix handling of '/' with ','
TEST EXECUTION:
test_format_filtering (test_YoutubeDL.TestFormatSelection) ... ok
test_format_selection (test_YoutubeDL.TestFormatSelection) ... ok
test_format_selection_audio (test_YoutubeDL.TestFormatSelection) ... ok
test_format_selection_audio_exts (test_YoutubeDL.TestFormatSelection) ... ok
test_format_selection_video (test_YoutubeDL.TestFormatSelection) ... ok
test_prefer_free_formats (test_YoutubeDL.TestFormatSelection) ... ok
test_youtube_format_selection (test_YoutubeDL.TestFormatSelection) ... ERROR
test_add_extra_info (test_YoutubeDL.TestYoutubeDL) ... ok
test_format_note (test_YoutubeDL.TestYoutubeDL) ... ok
test_match_filter (test_YoutubeDL.TestYoutubeDL) ... ok
test_playlist_items_selection (test_YoutubeDL.TestYoutubeDL) ... ok
test_postprocessors (test_YoutubeDL.TestYoutubeDL) ... ok
Deleting original file post-processor-testfile.mp4 (pass -k to keep)
test_prepare_filename (test_YoutubeDL.TestYoutubeDL) ... ok
test_subtitles (test_YoutubeDL.TestYoutubeDL) ... ok

======================================================================
ERROR: test_youtube_format_selection (test_YoutubeDL.TestFormatSelection)
----------------------------------------------------------------------
Traceback (most recent call last):
  File "/Users/daniel/BA_SketchFix_Evaluation/Evaluation/Projects/youtube-dl/test/test_YoutubeDL.py", line 243, in test_youtube_format_selection
    ydl.process_ie_result(info_dict)
  File "/Users/daniel/BA_SketchFix_Evaluation/Evaluation/Projects/youtube-dl/youtube_dl/YoutubeDL.py", line 854, in process_ie_result
    raise Exception('Invalid result type: %s' % result_type)
  File "/Users/daniel/BA_SketchFix_Evaluation/Evaluation/Projects/youtube-dl/youtube_dl/YoutubeDL.py", line 1619, in process_video_result
    else:
youtube_dl.utils.ExtractorError: requested format not available

----------------------------------------------------------------------
Ran 14 tests in 1.025s

FAILED (errors=1)
...........................
x TEST FAILS
x FAIL! Suspicious lines are empty!

+*+*+*+*+*+*+*+*+*+*+*+*+*+*+*+*+*+*+*+*+*+*+*+*+*+*+*+*+*+*+*+*+*+*+*+*+*+*+*+*+*+*+*+*+*+*+*+*+*+*+*+

                                          BUG: 31

+*+*+*+*+*+*+*+*+*+*+*+*+*+*+*+*+*+*+*+*+*+*+*+*+*+*+*+*+*+*+*+*+*+*+*+*+*+*+*+*+*+*+*+*+*+*+*+*+*+*+*+
bug_file = /Users/daniel/BA_SketchFix_Evaluation/Evaluation/Projects/youtube-dl/youtube_dl/extractor/minhateca.py
bug_test_file = /Users/daniel/BA_SketchFix_Evaluation/Evaluation/Projects/youtube-dl/test/test_utils.py
GIT RESET TO: ab07963b5cc79812c6fb7e4f9e363533d8123830
test_age_restricted (test_utils.TestUtil) ... ok
test_args_to_str (test_utils.TestUtil) ... ok
test_base_url (test_utils.TestUtil) ... ok
test_clean_html (test_utils.TestUtil) ... ok
test_cli_bool_option (test_utils.TestUtil) ... ok
test_cli_option (test_utils.TestUtil) ... ok
test_cli_valueless_option (test_utils.TestUtil) ... ok
test_date_from_str (test_utils.TestUtil) ... ok
test_daterange (test_utils.TestUtil) ... ok
test_detect_exe_version (test_utils.TestUtil) ... ok
test_determine_ext (test_utils.TestUtil) ... ok
test_dfxp2srt (test_utils.TestUtil) ... ok
test_dict_get (test_utils.TestUtil) ... ok
test_encode_base_n (test_utils.TestUtil) ... ok
test_encode_compat_str (test_utils.TestUtil) ... ok
test_escape_rfc3986 (test_utils.TestUtil) ... ok
test_escape_url (test_utils.TestUtil) ... ok
test_expand_path (test_utils.TestUtil) ... ok
test_extract_attributes (test_utils.TestUtil) ... ok
test_find_xpath_attr (test_utils.TestUtil) ... ok
test_fix_xml_ampersands (test_utils.TestUtil) ... ok
test_get_element_by_attribute (test_utils.TestUtil) ... ok
test_get_element_by_class (test_utils.TestUtil) ... ok
test_get_elements_by_attribute (test_utils.TestUtil) ... ok
test_get_elements_by_class (test_utils.TestUtil) ... ok
test_intlist_to_bytes (test_utils.TestUtil) ... ok
test_is_html (test_utils.TestUtil) ... ok
test_js_to_json_edgecases (test_utils.TestUtil) ... ok
test_js_to_json_malformed (test_utils.TestUtil) ... ok
test_js_to_json_realworld (test_utils.TestUtil) ... ok
test_limit_length (test_utils.TestUtil) ... ok
test_lowercase_escape (test_utils.TestUtil) ... ok
test_match_str (test_utils.TestUtil) ... ok
test_mimetype2ext (test_utils.TestUtil) ... ok
test_month_by_name (test_utils.TestUtil) ... ok
test_multipart_encode (test_utils.TestUtil) ... ok
test_ohdave_rsa_encrypt (test_utils.TestUtil) ... ok
test_ordered_set (test_utils.TestUtil) ... ok
test_paged_list (test_utils.TestUtil) ... ok
test_parse_age_limit (test_utils.TestUtil) ... ok
test_parse_codecs (test_utils.TestUtil) ... WARNING: Unknown codec newcodec
ok
test_parse_count (test_utils.TestUtil) ... ok
test_parse_dfxp_time_expr (test_utils.TestUtil) ... ok
test_parse_duration (test_utils.TestUtil) ... ok
test_parse_filesize (test_utils.TestUtil) ... ok
HEAD is now at ab07963b5 release 2014.12.04.1
TEST EXECUTION:
test_parse_iso8601 (test_utils.TestUtil) ... ok
test_parse_resolution (test_utils.TestUtil) ... ok
test_pkcs1pad (test_utils.TestUtil) ... ok
test_prepend_extension (test_utils.TestUtil) ... ok
test_read_batch_urls (test_utils.TestUtil) ... ok
test_remove_end (test_utils.TestUtil) ... ok
test_remove_quotes (test_utils.TestUtil) ... ok
test_remove_start (test_utils.TestUtil) ... ok
test_render_table (test_utils.TestUtil) ... ok
test_replace_extension (test_utils.TestUtil) ... ok
test_sanitize_filename (test_utils.TestUtil) ... ok
test_sanitize_filename_restricted (test_utils.TestUtil) ... ok
test_sanitize_ids (test_utils.TestUtil) ... ok
test_sanitize_path (test_utils.TestUtil) ... ok
test_sanitize_url (test_utils.TestUtil) ... ok
test_shell_quote (test_utils.TestUtil) ... ok
test_smuggle_url (test_utils.TestUtil) ... ok
test_str_to_int (test_utils.TestUtil) ... ok
test_strip_jsonp (test_utils.TestUtil) ... ok
test_timeconvert (test_utils.TestUtil) ... ok
test_unescape_html (test_utils.TestUtil) ... ok
test_unified_dates (test_utils.TestUtil) ... ok
test_unified_timestamps (test_utils.TestUtil) ... ok
test_update_url_query (test_utils.TestUtil) ... ok
test_uppercase_escape (test_utils.TestUtil) ... ok
test_url_basename (test_utils.TestUtil) ... ok
test_urlencode_postdata (test_utils.TestUtil) ... ok
test_urljoin (test_utils.TestUtil) ... ok
test_urshift (test_utils.TestUtil) ... ok
test_version_tuple (test_utils.TestUtil) ... ok
test_xpath_attr (test_utils.TestUtil) ... ok
test_xpath_element (test_utils.TestUtil) ... ok
test_xpath_text (test_utils.TestUtil) ... ok
test_xpath_with_ns (test_utils.TestUtil) ... ok

----------------------------------------------------------------------
Ran 79 tests in 0.057s

OK
...........................
✓ SUCCESSFUL! TEST PASSES
✓ PyFix is started...

~~~~~~~~~~~~~~~~~~~~~~~~~~~~~~~~~~~~~~~~~~~~~~~~~~~~~~~~~~~~~~~~~~~~~~~~~~~~~~~~~~~~~~~~~~~~~~~~~~~~~~~

	                              PySketchFix®: Sketches are created.

~~~~~~~~~~~~~~~~~~~~~~~~~~~~~~~~~~~~~~~~~~~~~~~~~~~~~~~~~~~~~~~~~~~~~~~~~~~~~~~~~~~~~~~~~~~~~~~~~~~~~~~
PySketchFix will run with:
bug file: /Users/daniel/BA_SketchFix_Evaluation/Evaluation/Projects/youtube-dl/youtube_dl/extractor/minhateca.py
~~~~~~~~~~~~~~~~~~~~~~~~~~~~~~~~~~~~~~~~~~~~~~~~~~~~~~~~~~~~~~~~~~~~~~~~~~~~~~~~~~~~~~~~~~~~~~~~~~~~~~~
The suspicious lines which are taken are: [55, 56, 1214, 1220, 1225]
~~~~~~~~~~~~~~~~~~~~~~~~~~~~~~~~~~~~~~~~~~~~~~~~~~~~~~~~~~~~~~~~~~~~~~~~~~~~~~~~~~~~~~~~~~~~~~~~~~~~~~~
Start transforming line: 55
x Fail! Line: 55 could not be transformed: 'duration = int_or_none(self._html_search_regex('
Start transforming line: 56
x Fail! Line: 56 could not be transformed: 'r'(?s)<p class="fileLeng[ht][th]">.*?([0-9]+)\s*s','
~~~~~~~~~~~~~~~~~~~~~~~~~~~~~~~~~~~~~~~~~~~~~~~~~~~~~~~~~~~~~~~~~~~~~~~~~~~~~~~~~~~~~~~~~~~~~~~~~~~~~~~
Start creating 0 sketches.
✓
~~~~~~~~~~~~~~~~~~~~~~~~~~~~~~~~~~~~~~~~~~~~~~~~~~~~~~~~~~~~~~~~~~~~~~~~~~~~~~~~~~~~~~~~~~~~~~~~~~~~~~~
x Lines where no transformation is found:[55, 56]
✓ Number of created sketches:0
Time needed: 0.01 minutes.

+*+*+*+*+*+*+*+*+*+*+*+*+*+*+*+*+*+*+*+*+*+*+*+*+*+*+*+*+*+*+*+*+*+*+*+*+*+*+*+*+*+*+*+*+*+*+*+*+*+*+*+

                                          BUG: 32

+*+*+*+*+*+*+*+*+*+*+*+*+*+*+*+*+*+*+*+*+*+*+*+*+*+*+*+*+*+*+*+*+*+*+*+*+*+*+*+*+*+*+*+*+*+*+*+*+*+*+*+
bug_file = /Users/daniel/BA_SketchFix_Evaluation/Evaluation/Projects/youtube-dl/youtube_dl/extractor/npo.py
bug_test_file = /Users/daniel/BA_SketchFix_Evaluation/Evaluation/Projects/youtube-dl/test/test_utils.py
GIT RESET TO: bf951c5e29548cfed80480389762edd29fcc8825
HEAD is now at bf951c5e2 release 2014.11.13.2
TEST EXECUTION:
test_age_restricted (test_utils.TestUtil) ... ok
test_args_to_str (test_utils.TestUtil) ... ok
test_base_url (test_utils.TestUtil) ... ok
test_clean_html (test_utils.TestUtil) ... ok
test_cli_bool_option (test_utils.TestUtil) ... ok
test_cli_option (test_utils.TestUtil) ... ok
test_cli_valueless_option (test_utils.TestUtil) ... ok
test_date_from_str (test_utils.TestUtil) ... ok
test_daterange (test_utils.TestUtil) ... ok
test_detect_exe_version (test_utils.TestUtil) ... ok
test_determine_ext (test_utils.TestUtil) ... ok
test_dfxp2srt (test_utils.TestUtil) ... ok
test_dict_get (test_utils.TestUtil) ... ok
test_encode_base_n (test_utils.TestUtil) ... ok
test_encode_compat_str (test_utils.TestUtil) ... ok
test_escape_rfc3986 (test_utils.TestUtil) ... ok
test_escape_url (test_utils.TestUtil) ... ok
test_expand_path (test_utils.TestUtil) ... ok
test_extract_attributes (test_utils.TestUtil) ... ok
test_find_xpath_attr (test_utils.TestUtil) ... ok
test_fix_xml_ampersands (test_utils.TestUtil) ... ok
test_get_element_by_attribute (test_utils.TestUtil) ... ok
test_get_element_by_class (test_utils.TestUtil) ... ok
test_get_elements_by_attribute (test_utils.TestUtil) ... ok
test_get_elements_by_class (test_utils.TestUtil) ... ok
test_intlist_to_bytes (test_utils.TestUtil) ... ok
test_is_html (test_utils.TestUtil) ... ok
test_js_to_json_edgecases (test_utils.TestUtil) ... ok
test_js_to_json_malformed (test_utils.TestUtil) ... ok
test_js_to_json_realworld (test_utils.TestUtil) ... ok
test_limit_length (test_utils.TestUtil) ... ok
test_lowercase_escape (test_utils.TestUtil) ... ok
test_match_str (test_utils.TestUtil) ... ok
test_mimetype2ext (test_utils.TestUtil) ... ok
test_month_by_name (test_utils.TestUtil) ... ok
test_multipart_encode (test_utils.TestUtil) ... ok
test_ohdave_rsa_encrypt (test_utils.TestUtil) ... ok
test_ordered_set (test_utils.TestUtil) ... ok
test_paged_list (test_utils.TestUtil) ... ok
test_parse_age_limit (test_utils.TestUtil) ... ok
test_parse_codecs (test_utils.TestUtil) ... WARNING: Unknown codec newcodec
ok
test_parse_count (test_utils.TestUtil) ... ok
test_parse_dfxp_time_expr (test_utils.TestUtil) ... ok
test_parse_duration (test_utils.TestUtil) ... ok
test_parse_filesize (test_utils.TestUtil) ... ok
test_parse_iso8601 (test_utils.TestUtil) ... ok
test_parse_resolution (test_utils.TestUtil) ... ok
test_pkcs1pad (test_utils.TestUtil) ... ok
test_prepend_extension (test_utils.TestUtil) ... ok
test_read_batch_urls (test_utils.TestUtil) ... ok
test_remove_end (test_utils.TestUtil) ... ok
test_remove_quotes (test_utils.TestUtil) ... ok
test_remove_start (test_utils.TestUtil) ... ok
test_render_table (test_utils.TestUtil) ... ok
test_replace_extension (test_utils.TestUtil) ... ok
test_sanitize_filename (test_utils.TestUtil) ... ok
test_sanitize_filename_restricted (test_utils.TestUtil) ... ok
test_sanitize_ids (test_utils.TestUtil) ... ok
test_sanitize_path (test_utils.TestUtil) ... ok
test_sanitize_url (test_utils.TestUtil) ... ok
test_shell_quote (test_utils.TestUtil) ... ok
test_smuggle_url (test_utils.TestUtil) ... ok
test_str_to_int (test_utils.TestUtil) ... ok
test_strip_jsonp (test_utils.TestUtil) ... ok
test_timeconvert (test_utils.TestUtil) ... ok
test_unescape_html (test_utils.TestUtil) ... ok
test_unified_dates (test_utils.TestUtil) ... ok
test_unified_timestamps (test_utils.TestUtil) ... ok
test_update_url_query (test_utils.TestUtil) ... ok
test_uppercase_escape (test_utils.TestUtil) ... ok
test_url_basename (test_utils.TestUtil) ... ok
test_urlencode_postdata (test_utils.TestUtil) ... ok
test_urljoin (test_utils.TestUtil) ... ok
test_urshift (test_utils.TestUtil) ... ok
test_version_tuple (test_utils.TestUtil) ... ok
test_xpath_attr (test_utils.TestUtil) ... ok
test_xpath_element (test_utils.TestUtil) ... ok
test_xpath_text (test_utils.TestUtil) ... ok
test_xpath_with_ns (test_utils.TestUtil) ... ok

----------------------------------------------------------------------
Ran 79 tests in 0.067s

OK
...........................
✓ SUCCESSFUL! TEST PASSES
✓ PyFix is started...

~~~~~~~~~~~~~~~~~~~~~~~~~~~~~~~~~~~~~~~~~~~~~~~~~~~~~~~~~~~~~~~~~~~~~~~~~~~~~~~~~~~~~~~~~~~~~~~~~~~~~~~

	                              PySketchFix®: Sketches are created.

~~~~~~~~~~~~~~~~~~~~~~~~~~~~~~~~~~~~~~~~~~~~~~~~~~~~~~~~~~~~~~~~~~~~~~~~~~~~~~~~~~~~~~~~~~~~~~~~~~~~~~~
PySketchFix will run with:
bug file: /Users/daniel/BA_SketchFix_Evaluation/Evaluation/Projects/youtube-dl/youtube_dl/extractor/npo.py
~~~~~~~~~~~~~~~~~~~~~~~~~~~~~~~~~~~~~~~~~~~~~~~~~~~~~~~~~~~~~~~~~~~~~~~~~~~~~~~~~~~~~~~~~~~~~~~~~~~~~~~
The suspicious lines which are taken are: [66, 1334]
~~~~~~~~~~~~~~~~~~~~~~~~~~~~~~~~~~~~~~~~~~~~~~~~~~~~~~~~~~~~~~~~~~~~~~~~~~~~~~~~~~~~~~~~~~~~~~~~~~~~~~~
Start transforming line: 66
x Fail! Line: 66 could not be transformed: 'transform_source=lambda j re.sub(r'parseMetadata\((.*?)\);\n//.*$', r'\1', j)'
~~~~~~~~~~~~~~~~~~~~~~~~~~~~~~~~~~~~~~~~~~~~~~~~~~~~~~~~~~~~~~~~~~~~~~~~~~~~~~~~~~~~~~~~~~~~~~~~~~~~~~~
Start creating 0 sketches.
✓
~~~~~~~~~~~~~~~~~~~~~~~~~~~~~~~~~~~~~~~~~~~~~~~~~~~~~~~~~~~~~~~~~~~~~~~~~~~~~~~~~~~~~~~~~~~~~~~~~~~~~~~
x Lines where no transformation is found:[66]
✓ Number of created sketches:0
Time needed: 0.0 minutes.

+*+*+*+*+*+*+*+*+*+*+*+*+*+*+*+*+*+*+*+*+*+*+*+*+*+*+*+*+*+*+*+*+*+*+*+*+*+*+*+*+*+*+*+*+*+*+*+*+*+*+*+

                                          BUG: 33

+*+*+*+*+*+*+*+*+*+*+*+*+*+*+*+*+*+*+*+*+*+*+*+*+*+*+*+*+*+*+*+*+*+*+*+*+*+*+*+*+*+*+*+*+*+*+*+*+*+*+*+
bug_file = /Users/daniel/BA_SketchFix_Evaluation/Evaluation/Projects/youtube-dl/youtube_dl/extractor/drtv.py
bug_test_file = /Users/daniel/BA_SketchFix_Evaluation/Evaluation/Projects/youtube-dl/test/test_utils.py
GIT RESET TO: 50c8266ef0b2b6d011257a909f47fd623dda8eb2
HEAD is now at 50c8266ef Merge branch 'master' of github.com:rg3/youtube-dl
TEST EXECUTION:
test_age_restricted (test_utils.TestUtil) ... ok
test_args_to_str (test_utils.TestUtil) ... ok
test_base_url (test_utils.TestUtil) ... ok
test_clean_html (test_utils.TestUtil) ... ok
test_cli_bool_option (test_utils.TestUtil) ... ok
test_cli_option (test_utils.TestUtil) ... ok
test_cli_valueless_option (test_utils.TestUtil) ... ok
test_date_from_str (test_utils.TestUtil) ... ok
test_daterange (test_utils.TestUtil) ... ok
test_detect_exe_version (test_utils.TestUtil) ... ok
test_determine_ext (test_utils.TestUtil) ... ok
test_dfxp2srt (test_utils.TestUtil) ... ok
test_dict_get (test_utils.TestUtil) ... ok
test_encode_base_n (test_utils.TestUtil) ... ok
test_encode_compat_str (test_utils.TestUtil) ... ok
test_escape_rfc3986 (test_utils.TestUtil) ... ok
test_escape_url (test_utils.TestUtil) ... ok
test_expand_path (test_utils.TestUtil) ... ok
test_extract_attributes (test_utils.TestUtil) ... ok
test_find_xpath_attr (test_utils.TestUtil) ... ok
test_fix_xml_ampersands (test_utils.TestUtil) ... ok
test_get_element_by_attribute (test_utils.TestUtil) ... ok
test_get_element_by_class (test_utils.TestUtil) ... ok
test_get_elements_by_attribute (test_utils.TestUtil) ... ok
test_get_elements_by_class (test_utils.TestUtil) ... ok
test_intlist_to_bytes (test_utils.TestUtil) ... ok
test_is_html (test_utils.TestUtil) ... ok
test_js_to_json_edgecases (test_utils.TestUtil) ... ok
test_js_to_json_malformed (test_utils.TestUtil) ... ok
test_js_to_json_realworld (test_utils.TestUtil) ... ok
test_limit_length (test_utils.TestUtil) ... ok
test_lowercase_escape (test_utils.TestUtil) ... ok
test_match_str (test_utils.TestUtil) ... ok
test_mimetype2ext (test_utils.TestUtil) ... ok
test_month_by_name (test_utils.TestUtil) ... ok
test_multipart_encode (test_utils.TestUtil) ... ok
test_ohdave_rsa_encrypt (test_utils.TestUtil) ... ok
test_ordered_set (test_utils.TestUtil) ... ok
test_paged_list (test_utils.TestUtil) ... ok
test_parse_age_limit (test_utils.TestUtil) ... ok
test_parse_codecs (test_utils.TestUtil) ... WARNING: Unknown codec newcodec
ok
test_parse_count (test_utils.TestUtil) ... ok
test_parse_dfxp_time_expr (test_utils.TestUtil) ... ok
test_parse_duration (test_utils.TestUtil) ... ok
test_parse_filesize (test_utils.TestUtil) ... ok
test_parse_iso8601 (test_utils.TestUtil) ... ok
test_parse_resolution (test_utils.TestUtil) ... ok
test_pkcs1pad (test_utils.TestUtil) ... ok
test_prepend_extension (test_utils.TestUtil) ... ok
test_read_batch_urls (test_utils.TestUtil) ... ok
test_remove_end (test_utils.TestUtil) ... ok
test_remove_quotes (test_utils.TestUtil) ... ok
test_remove_start (test_utils.TestUtil) ... ok
test_render_table (test_utils.TestUtil) ... ok
test_replace_extension (test_utils.TestUtil) ... ok
test_sanitize_filename (test_utils.TestUtil) ... ok
test_sanitize_filename_restricted (test_utils.TestUtil) ... ok
test_sanitize_ids (test_utils.TestUtil) ... ok
test_sanitize_path (test_utils.TestUtil) ... ok
test_sanitize_url (test_utils.TestUtil) ... ok
test_shell_quote (test_utils.TestUtil) ... ok
test_smuggle_url (test_utils.TestUtil) ... ok
test_str_to_int (test_utils.TestUtil) ... ok
test_strip_jsonp (test_utils.TestUtil) ... ok
test_timeconvert (test_utils.TestUtil) ... ok
test_unescape_html (test_utils.TestUtil) ... ok
test_unified_dates (test_utils.TestUtil) ... ok
test_unified_timestamps (test_utils.TestUtil) ... ok
test_update_url_query (test_utils.TestUtil) ... ok
test_uppercase_escape (test_utils.TestUtil) ... ok
test_url_basename (test_utils.TestUtil) ... ok
test_urlencode_postdata (test_utils.TestUtil) ... ok
test_urljoin (test_utils.TestUtil) ... ok
test_urshift (test_utils.TestUtil) ... ok
test_version_tuple (test_utils.TestUtil) ... ok
test_xpath_attr (test_utils.TestUtil) ... ok
test_xpath_element (test_utils.TestUtil) ... ok
test_xpath_text (test_utils.TestUtil) ... ok
test_xpath_with_ns (test_utils.TestUtil) ... ok

----------------------------------------------------------------------
Ran 79 tests in 0.055s

OK
...........................
✓ SUCCESSFUL! TEST PASSES
✓ PyFix is started...

~~~~~~~~~~~~~~~~~~~~~~~~~~~~~~~~~~~~~~~~~~~~~~~~~~~~~~~~~~~~~~~~~~~~~~~~~~~~~~~~~~~~~~~~~~~~~~~~~~~~~~~

	                              PySketchFix®: Sketches are created.

~~~~~~~~~~~~~~~~~~~~~~~~~~~~~~~~~~~~~~~~~~~~~~~~~~~~~~~~~~~~~~~~~~~~~~~~~~~~~~~~~~~~~~~~~~~~~~~~~~~~~~~
PySketchFix will run with:
bug file: /Users/daniel/BA_SketchFix_Evaluation/Evaluation/Projects/youtube-dl/youtube_dl/extractor/drtv.py
~~~~~~~~~~~~~~~~~~~~~~~~~~~~~~~~~~~~~~~~~~~~~~~~~~~~~~~~~~~~~~~~~~~~~~~~~~~~~~~~~~~~~~~~~~~~~~~~~~~~~~~
The suspicious lines which are taken are: [28, 29, 38, 928, 941]
~~~~~~~~~~~~~~~~~~~~~~~~~~~~~~~~~~~~~~~~~~~~~~~~~~~~~~~~~~~~~~~~~~~~~~~~~~~~~~~~~~~~~~~~~~~~~~~~~~~~~~~
Start transforming line: 28
✓
Start transforming line: 29
x Fail! Line: 29 could not be transformed: 'video_id = mobj.group('id')'
Start transforming line: 38
x Fail! Line: 38 could not be transformed: 'timestamp = parse_iso8601(data['CreatedTime'][-5])'
~~~~~~~~~~~~~~~~~~~~~~~~~~~~~~~~~~~~~~~~~~~~~~~~~~~~~~~~~~~~~~~~~~~~~~~~~~~~~~~~~~~~~~~~~~~~~~~~~~~~~~~
Start creating 4 sketches.
✓
~~~~~~~~~~~~~~~~~~~~~~~~~~~~~~~~~~~~~~~~~~~~~~~~~~~~~~~~~~~~~~~~~~~~~~~~~~~~~~~~~~~~~~~~~~~~~~~~~~~~~~~
x Lines where no transformation is found:[29, 38]
✓ Number of created sketches:4
Time needed: 0.02 minutes.

+*+*+*+*+*+*+*+*+*+*+*+*+*+*+*+*+*+*+*+*+*+*+*+*+*+*+*+*+*+*+*+*+*+*+*+*+*+*+*+*+*+*+*+*+*+*+*+*+*+*+*+

                                          BUG: 34

+*+*+*+*+*+*+*+*+*+*+*+*+*+*+*+*+*+*+*+*+*+*+*+*+*+*+*+*+*+*+*+*+*+*+*+*+*+*+*+*+*+*+*+*+*+*+*+*+*+*+*+
bug_file = /Users/daniel/BA_SketchFix_Evaluation/Evaluation/Projects/youtube-dl/youtube_dl/utils.py
bug_test_file = /Users/daniel/BA_SketchFix_Evaluation/Evaluation/Projects/youtube-dl/test/test_utils.py
GIT RESET TO: 07e764439a1cdd3a3b95fbf21acc6a517c6a889e
HEAD is now at 07e764439 [generic] Delete test case
TEST EXECUTION:
test_age_restricted (test_utils.TestUtil) ... ok
test_args_to_str (test_utils.TestUtil) ... ok
test_base_url (test_utils.TestUtil) ... ok
test_clean_html (test_utils.TestUtil) ... ok
test_cli_bool_option (test_utils.TestUtil) ... ok
test_cli_option (test_utils.TestUtil) ... ok
test_cli_valueless_option (test_utils.TestUtil) ... ok
test_date_from_str (test_utils.TestUtil) ... ok
test_daterange (test_utils.TestUtil) ... ok
test_detect_exe_version (test_utils.TestUtil) ... ok
test_determine_ext (test_utils.TestUtil) ... ok
test_dfxp2srt (test_utils.TestUtil) ... ok
test_dict_get (test_utils.TestUtil) ... ok
test_encode_base_n (test_utils.TestUtil) ... ok
test_encode_compat_str (test_utils.TestUtil) ... ok
test_escape_rfc3986 (test_utils.TestUtil) ... ok
test_escape_url (test_utils.TestUtil) ... ok
test_expand_path (test_utils.TestUtil) ... ok
test_extract_attributes (test_utils.TestUtil) ... ok
test_find_xpath_attr (test_utils.TestUtil) ... ok
test_fix_xml_ampersands (test_utils.TestUtil) ... ok
test_get_element_by_attribute (test_utils.TestUtil) ... ok
test_get_element_by_class (test_utils.TestUtil) ... ok
test_get_elements_by_attribute (test_utils.TestUtil) ... ok
test_get_elements_by_class (test_utils.TestUtil) ... ok
test_intlist_to_bytes (test_utils.TestUtil) ... ok
test_is_html (test_utils.TestUtil) ... ok
test_js_to_json_edgecases (test_utils.TestUtil) ... ok
test_js_to_json_malformed (test_utils.TestUtil) ... ok
test_js_to_json_realworld (test_utils.TestUtil) ... ok
test_limit_length (test_utils.TestUtil) ... ok
test_lowercase_escape (test_utils.TestUtil) ... ok
test_match_str (test_utils.TestUtil) ... ok
test_mimetype2ext (test_utils.TestUtil) ... ok
test_month_by_name (test_utils.TestUtil) ... ok
test_multipart_encode (test_utils.TestUtil) ... ok
test_ohdave_rsa_encrypt (test_utils.TestUtil) ... ok
test_ordered_set (test_utils.TestUtil) ... ok
test_paged_list (test_utils.TestUtil) ... ok
test_parse_age_limit (test_utils.TestUtil) ... ok
test_parse_codecs (test_utils.TestUtil) ... WARNING: Unknown codec newcodec
ok
test_parse_count (test_utils.TestUtil) ... ok
test_parse_dfxp_time_expr (test_utils.TestUtil) ... ok
test_parse_duration (test_utils.TestUtil) ... ok
test_parse_filesize (test_utils.TestUtil) ... ok
test_parse_iso8601 (test_utils.TestUtil) ... ok
test_parse_resolution (test_utils.TestUtil) ... ok
test_pkcs1pad (test_utils.TestUtil) ... ok
test_prepend_extension (test_utils.TestUtil) ... ok
test_read_batch_urls (test_utils.TestUtil) ... ok
test_remove_end (test_utils.TestUtil) ... ok
test_remove_quotes (test_utils.TestUtil) ... ok
test_remove_start (test_utils.TestUtil) ... ok
test_render_table (test_utils.TestUtil) ... ok
test_replace_extension (test_utils.TestUtil) ... ok
test_sanitize_filename (test_utils.TestUtil) ... ok
test_sanitize_filename_restricted (test_utils.TestUtil) ... ok
test_sanitize_ids (test_utils.TestUtil) ... ok
test_sanitize_path (test_utils.TestUtil) ... ok
test_sanitize_url (test_utils.TestUtil) ... ok
test_shell_quote (test_utils.TestUtil) ... ok
test_smuggle_url (test_utils.TestUtil) ... ok
test_str_to_int (test_utils.TestUtil) ... ok
test_strip_jsonp (test_utils.TestUtil) ... ok
test_timeconvert (test_utils.TestUtil) ... ok
test_unescape_html (test_utils.TestUtil) ... ok
test_unified_dates (test_utils.TestUtil) ... ok
test_unified_timestamps (test_utils.TestUtil) ... ok
test_update_url_query (test_utils.TestUtil) ... ok
test_uppercase_escape (test_utils.TestUtil) ... ok
test_url_basename (test_utils.TestUtil) ... ok
test_urlencode_postdata (test_utils.TestUtil) ... ok
test_urljoin (test_utils.TestUtil) ... ok
test_urshift (test_utils.TestUtil) ... ok
test_version_tuple (test_utils.TestUtil) ... ok
test_xpath_attr (test_utils.TestUtil) ... ok
test_xpath_element (test_utils.TestUtil) ... ok
test_xpath_text (test_utils.TestUtil) ... ok
test_xpath_with_ns (test_utils.TestUtil) ... ok

----------------------------------------------------------------------
Ran 79 tests in 0.056s

OK
...........................
✓ SUCCESSFUL! TEST PASSES
✓ PyFix is started...

~~~~~~~~~~~~~~~~~~~~~~~~~~~~~~~~~~~~~~~~~~~~~~~~~~~~~~~~~~~~~~~~~~~~~~~~~~~~~~~~~~~~~~~~~~~~~~~~~~~~~~~

	                              PySketchFix®: Sketches are created.

~~~~~~~~~~~~~~~~~~~~~~~~~~~~~~~~~~~~~~~~~~~~~~~~~~~~~~~~~~~~~~~~~~~~~~~~~~~~~~~~~~~~~~~~~~~~~~~~~~~~~~~
PySketchFix will run with:
bug file: /Users/daniel/BA_SketchFix_Evaluation/Evaluation/Projects/youtube-dl/youtube_dl/utils.py
~~~~~~~~~~~~~~~~~~~~~~~~~~~~~~~~~~~~~~~~~~~~~~~~~~~~~~~~~~~~~~~~~~~~~~~~~~~~~~~~~~~~~~~~~~~~~~~~~~~~~~~
The suspicious lines which are taken are: [1601]
~~~~~~~~~~~~~~~~~~~~~~~~~~~~~~~~~~~~~~~~~~~~~~~~~~~~~~~~~~~~~~~~~~~~~~~~~~~~~~~~~~~~~~~~~~~~~~~~~~~~~~~
Start transforming line: 1601
x Fail! Line: 1601 could not be transformed: '([0-9.]+|true|false|"[^"]*"|\'[^\']*\'|\[|\{)'
~~~~~~~~~~~~~~~~~~~~~~~~~~~~~~~~~~~~~~~~~~~~~~~~~~~~~~~~~~~~~~~~~~~~~~~~~~~~~~~~~~~~~~~~~~~~~~~~~~~~~~~
Start creating 0 sketches.
✓
~~~~~~~~~~~~~~~~~~~~~~~~~~~~~~~~~~~~~~~~~~~~~~~~~~~~~~~~~~~~~~~~~~~~~~~~~~~~~~~~~~~~~~~~~~~~~~~~~~~~~~~
x Lines where no transformation is found:[1601]
✓ Number of created sketches:0
Time needed: 0.0 minutes.

+*+*+*+*+*+*+*+*+*+*+*+*+*+*+*+*+*+*+*+*+*+*+*+*+*+*+*+*+*+*+*+*+*+*+*+*+*+*+*+*+*+*+*+*+*+*+*+*+*+*+*+

                                          BUG: 35

+*+*+*+*+*+*+*+*+*+*+*+*+*+*+*+*+*+*+*+*+*+*+*+*+*+*+*+*+*+*+*+*+*+*+*+*+*+*+*+*+*+*+*+*+*+*+*+*+*+*+*+
bug_file = /Users/daniel/BA_SketchFix_Evaluation/Evaluation/Projects/youtube-dl/youtube_dl/extractor/arte.py
bug_test_file = /Users/daniel/BA_SketchFix_Evaluation/Evaluation/Projects/youtube-dl/test/test_utils.py
GIT RESET TO: 89294b5f50462ede8ba83463ff262eb2c5219e1b
HEAD is now at 89294b5f5 [README] Explain updating in detail (Fixes #3850)
TEST EXECUTION:
test_age_restricted (test_utils.TestUtil) ... ok
test_args_to_str (test_utils.TestUtil) ... ok
test_base_url (test_utils.TestUtil) ... ok
test_clean_html (test_utils.TestUtil) ... ok
test_cli_bool_option (test_utils.TestUtil) ... ok
test_cli_option (test_utils.TestUtil) ... ok
test_cli_valueless_option (test_utils.TestUtil) ... ok
test_date_from_str (test_utils.TestUtil) ... ok
test_daterange (test_utils.TestUtil) ... ok
test_detect_exe_version (test_utils.TestUtil) ... ok
test_determine_ext (test_utils.TestUtil) ... ok
test_dfxp2srt (test_utils.TestUtil) ... ok
test_dict_get (test_utils.TestUtil) ... ok
test_encode_base_n (test_utils.TestUtil) ... ok
test_encode_compat_str (test_utils.TestUtil) ... ok
test_escape_rfc3986 (test_utils.TestUtil) ... ok
test_escape_url (test_utils.TestUtil) ... ok
test_expand_path (test_utils.TestUtil) ... ok
test_extract_attributes (test_utils.TestUtil) ... ok
test_find_xpath_attr (test_utils.TestUtil) ... ok
test_fix_xml_ampersands (test_utils.TestUtil) ... ok
test_get_element_by_attribute (test_utils.TestUtil) ... ok
test_get_element_by_class (test_utils.TestUtil) ... ok
test_get_elements_by_attribute (test_utils.TestUtil) ... ok
test_get_elements_by_class (test_utils.TestUtil) ... ok
test_intlist_to_bytes (test_utils.TestUtil) ... ok
test_is_html (test_utils.TestUtil) ... ok
test_js_to_json_edgecases (test_utils.TestUtil) ... ok
test_js_to_json_malformed (test_utils.TestUtil) ... ok
test_js_to_json_realworld (test_utils.TestUtil) ... ok
test_limit_length (test_utils.TestUtil) ... ok
test_lowercase_escape (test_utils.TestUtil) ... ok
test_match_str (test_utils.TestUtil) ... ok
test_mimetype2ext (test_utils.TestUtil) ... ok
test_month_by_name (test_utils.TestUtil) ... ok
test_multipart_encode (test_utils.TestUtil) ... ok
test_ohdave_rsa_encrypt (test_utils.TestUtil) ... ok
test_ordered_set (test_utils.TestUtil) ... ok
test_paged_list (test_utils.TestUtil) ... ok
test_parse_age_limit (test_utils.TestUtil) ... ok
test_parse_codecs (test_utils.TestUtil) ... WARNING: Unknown codec newcodec
ok
test_parse_count (test_utils.TestUtil) ... ok
test_parse_dfxp_time_expr (test_utils.TestUtil) ... ok
test_parse_duration (test_utils.TestUtil) ... ok
test_parse_filesize (test_utils.TestUtil) ... ok
test_parse_iso8601 (test_utils.TestUtil) ... ok
test_parse_resolution (test_utils.TestUtil) ... ok
test_pkcs1pad (test_utils.TestUtil) ... ok
test_prepend_extension (test_utils.TestUtil) ... ok
test_read_batch_urls (test_utils.TestUtil) ... ok
test_remove_end (test_utils.TestUtil) ... ok
test_remove_quotes (test_utils.TestUtil) ... ok
test_remove_start (test_utils.TestUtil) ... ok
test_render_table (test_utils.TestUtil) ... ok
test_replace_extension (test_utils.TestUtil) ... ok
test_sanitize_filename (test_utils.TestUtil) ... ok
test_sanitize_filename_restricted (test_utils.TestUtil) ... ok
test_sanitize_ids (test_utils.TestUtil) ... ok
test_sanitize_path (test_utils.TestUtil) ... ok
test_sanitize_url (test_utils.TestUtil) ... ok
test_shell_quote (test_utils.TestUtil) ... ok
test_smuggle_url (test_utils.TestUtil) ... ok
test_str_to_int (test_utils.TestUtil) ... ok
test_strip_jsonp (test_utils.TestUtil) ... ok
test_timeconvert (test_utils.TestUtil) ... ok
test_unescape_html (test_utils.TestUtil) ... ok
test_unified_dates (test_utils.TestUtil) ... ok
test_unified_timestamps (test_utils.TestUtil) ... ok
test_update_url_query (test_utils.TestUtil) ... ok
test_uppercase_escape (test_utils.TestUtil) ... ok
test_url_basename (test_utils.TestUtil) ... ok
test_urlencode_postdata (test_utils.TestUtil) ... ok
test_urljoin (test_utils.TestUtil) ... ok
test_urshift (test_utils.TestUtil) ... ok
test_version_tuple (test_utils.TestUtil) ... ok
test_xpath_attr (test_utils.TestUtil) ... ok
test_xpath_element (test_utils.TestUtil) ... ok
test_xpath_text (test_utils.TestUtil) ... ok
test_xpath_with_ns (test_utils.TestUtil) ... ok

----------------------------------------------------------------------
Ran 79 tests in 0.057s

OK
...........................
✓ SUCCESSFUL! TEST PASSES
✓ PyFix is started...

~~~~~~~~~~~~~~~~~~~~~~~~~~~~~~~~~~~~~~~~~~~~~~~~~~~~~~~~~~~~~~~~~~~~~~~~~~~~~~~~~~~~~~~~~~~~~~~~~~~~~~~

	                              PySketchFix®: Sketches are created.

~~~~~~~~~~~~~~~~~~~~~~~~~~~~~~~~~~~~~~~~~~~~~~~~~~~~~~~~~~~~~~~~~~~~~~~~~~~~~~~~~~~~~~~~~~~~~~~~~~~~~~~
PySketchFix will run with:
bug file: /Users/daniel/BA_SketchFix_Evaluation/Evaluation/Projects/youtube-dl/youtube_dl/extractor/arte.py
~~~~~~~~~~~~~~~~~~~~~~~~~~~~~~~~~~~~~~~~~~~~~~~~~~~~~~~~~~~~~~~~~~~~~~~~~~~~~~~~~~~~~~~~~~~~~~~~~~~~~~~
The suspicious lines which are taken are: [94]
~~~~~~~~~~~~~~~~~~~~~~~~~~~~~~~~~~~~~~~~~~~~~~~~~~~~~~~~~~~~~~~~~~~~~~~~~~~~~~~~~~~~~~~~~~~~~~~~~~~~~~~
Start transforming line: 94
x Fail! Line: 94 could not be transformed: ''thumbnail' player_info.get('programImage') or player_info.get('VTU', {}).get('IUR'),'
~~~~~~~~~~~~~~~~~~~~~~~~~~~~~~~~~~~~~~~~~~~~~~~~~~~~~~~~~~~~~~~~~~~~~~~~~~~~~~~~~~~~~~~~~~~~~~~~~~~~~~~
Start creating 0 sketches.
✓
~~~~~~~~~~~~~~~~~~~~~~~~~~~~~~~~~~~~~~~~~~~~~~~~~~~~~~~~~~~~~~~~~~~~~~~~~~~~~~~~~~~~~~~~~~~~~~~~~~~~~~~
x Lines where no transformation is found:[94]
✓ Number of created sketches:0
Time needed: 0.0 minutes.

+*+*+*+*+*+*+*+*+*+*+*+*+*+*+*+*+*+*+*+*+*+*+*+*+*+*+*+*+*+*+*+*+*+*+*+*+*+*+*+*+*+*+*+*+*+*+*+*+*+*+*+

                                          BUG: 36

+*+*+*+*+*+*+*+*+*+*+*+*+*+*+*+*+*+*+*+*+*+*+*+*+*+*+*+*+*+*+*+*+*+*+*+*+*+*+*+*+*+*+*+*+*+*+*+*+*+*+*+
bug_file = /Users/daniel/BA_SketchFix_Evaluation/Evaluation/Projects/youtube-dl/youtube_dl/extractor/facebook.py
bug_test_file = /Users/daniel/BA_SketchFix_Evaluation/Evaluation/Projects/youtube-dl/test/test_all_urls.py
GIT RESET TO: 173a7026d59bacfbfe7a8eea92e10ef6e89d1798
HEAD is now at 173a7026d [test/test_utils] Fix typo in method name
TEST EXECUTION:
...........................
x TEST FAILS
✓ PyFix is started...

~~~~~~~~~~~~~~~~~~~~~~~~~~~~~~~~~~~~~~~~~~~~~~~~~~~~~~~~~~~~~~~~~~~~~~~~~~~~~~~~~~~~~~~~~~~~~~~~~~~~~~~

	                              PySketchFix®: Sketches are created.

~~~~~~~~~~~~~~~~~~~~~~~~~~~~~~~~~~~~~~~~~~~~~~~~~~~~~~~~~~~~~~~~~~~~~~~~~~~~~~~~~~~~~~~~~~~~~~~~~~~~~~~
PySketchFix will run with:
bug file: /Users/daniel/BA_SketchFix_Evaluation/Evaluation/Projects/youtube-dl/youtube_dl/extractor/facebook.py
~~~~~~~~~~~~~~~~~~~~~~~~~~~~~~~~~~~~~~~~~~~~~~~~~~~~~~~~~~~~~~~~~~~~~~~~~~~~~~~~~~~~~~~~~~~~~~~~~~~~~~~
The suspicious lines which are taken are: [23]
~~~~~~~~~~~~~~~~~~~~~~~~~~~~~~~~~~~~~~~~~~~~~~~~~~~~~~~~~~~~~~~~~~~~~~~~~~~~~~~~~~~~~~~~~~~~~~~~~~~~~~~
Start transforming line: 23
test_all_urls (unittest.loader._FailedTest) ... ERROR

======================================================================
ERROR: test_all_urls (unittest.loader._FailedTest)
----------------------------------------------------------------------
ImportError: Failed to import test module: test_all_urls
Traceback (most recent call last):
  File "/usr/local/Cellar/python/3.7.7/Frameworks/Python.framework/Versions/3.7/lib/python3.7/unittest/loader.py", line 436, in _find_test_path
    module = self._get_module_from_name(name)
  File "/usr/local/Cellar/python/3.7.7/Frameworks/Python.framework/Versions/3.7/lib/python3.7/unittest/loader.py", line 377, in _get_module_from_name
    __import__(name)
  File "/Users/daniel/BA_SketchFix_Evaluation/Evaluation/Projects/youtube-dl/test/test_all_urls.py", line 14, in <module>
    from youtube_dl.extractor import (
ImportError: cannot import name 'JustinTVIE' from 'youtube_dl.extractor' (/Users/daniel/BA_SketchFix_Evaluation/Evaluation/Projects/youtube-dl/youtube_dl/extractor/__init__.py)


----------------------------------------------------------------------
Ran 1 test in 0.000s

FAILED (errors=1)
x Fail! Line: 23 could not be transformed: '(?[^#?]*\#!/)?'
~~~~~~~~~~~~~~~~~~~~~~~~~~~~~~~~~~~~~~~~~~~~~~~~~~~~~~~~~~~~~~~~~~~~~~~~~~~~~~~~~~~~~~~~~~~~~~~~~~~~~~~
Start creating 0 sketches.
✓
~~~~~~~~~~~~~~~~~~~~~~~~~~~~~~~~~~~~~~~~~~~~~~~~~~~~~~~~~~~~~~~~~~~~~~~~~~~~~~~~~~~~~~~~~~~~~~~~~~~~~~~
x Lines where no transformation is found:[23]
✓ Number of created sketches:0
Time needed: 0.0 minutes.

+*+*+*+*+*+*+*+*+*+*+*+*+*+*+*+*+*+*+*+*+*+*+*+*+*+*+*+*+*+*+*+*+*+*+*+*+*+*+*+*+*+*+*+*+*+*+*+*+*+*+*+

                                          BUG: 37

+*+*+*+*+*+*+*+*+*+*+*+*+*+*+*+*+*+*+*+*+*+*+*+*+*+*+*+*+*+*+*+*+*+*+*+*+*+*+*+*+*+*+*+*+*+*+*+*+*+*+*+
bug_file = /Users/daniel/BA_SketchFix_Evaluation/Evaluation/Projects/youtube-dl/youtube_dl/utils.py
bug_test_file = /Users/daniel/BA_SketchFix_Evaluation/Evaluation/Projects/youtube-dl/test/test_utils.py
GIT RESET TO: 98b7cf1acefe398f792ca6ff4c5f84f1b7785fcb
HEAD is now at 98b7cf1ac release 2014.04.04.6
TEST EXECUTION:
test_age_restricted (test_utils.TestUtil) ... ok
test_args_to_str (test_utils.TestUtil) ... ok
test_base_url (test_utils.TestUtil) ... ok
test_clean_html (test_utils.TestUtil) ... ok
test_cli_bool_option (test_utils.TestUtil) ... ok
test_cli_option (test_utils.TestUtil) ... ok
test_cli_valueless_option (test_utils.TestUtil) ... ok
test_date_from_str (test_utils.TestUtil) ... ok
test_daterange (test_utils.TestUtil) ... ok
test_detect_exe_version (test_utils.TestUtil) ... ok
test_determine_ext (test_utils.TestUtil) ... ok
test_dfxp2srt (test_utils.TestUtil) ... ok
test_dict_get (test_utils.TestUtil) ... ok
test_encode_base_n (test_utils.TestUtil) ... ok
test_encode_compat_str (test_utils.TestUtil) ... ok
test_escape_rfc3986 (test_utils.TestUtil) ... ok
test_escape_url (test_utils.TestUtil) ... ok
test_expand_path (test_utils.TestUtil) ... ok
test_extract_attributes (test_utils.TestUtil) ... ok
test_find_xpath_attr (test_utils.TestUtil) ... ok
test_fix_xml_ampersands (test_utils.TestUtil) ... ok
test_get_element_by_attribute (test_utils.TestUtil) ... ok
test_get_element_by_class (test_utils.TestUtil) ... ok
test_get_elements_by_attribute (test_utils.TestUtil) ... ok
test_get_elements_by_class (test_utils.TestUtil) ... ok
test_intlist_to_bytes (test_utils.TestUtil) ... ok
test_is_html (test_utils.TestUtil) ... ok
test_js_to_json_edgecases (test_utils.TestUtil) ... ok
test_js_to_json_malformed (test_utils.TestUtil) ... ok
test_js_to_json_realworld (test_utils.TestUtil) ... ok
test_limit_length (test_utils.TestUtil) ... ok
test_lowercase_escape (test_utils.TestUtil) ... ok
test_match_str (test_utils.TestUtil) ... ok
test_mimetype2ext (test_utils.TestUtil) ... ok
test_month_by_name (test_utils.TestUtil) ... ok
test_multipart_encode (test_utils.TestUtil) ... ok
test_ohdave_rsa_encrypt (test_utils.TestUtil) ... ok
test_ordered_set (test_utils.TestUtil) ... ok
test_paged_list (test_utils.TestUtil) ... ok
test_parse_age_limit (test_utils.TestUtil) ... ok
test_parse_codecs (test_utils.TestUtil) ... WARNING: Unknown codec newcodec
ok
test_parse_count (test_utils.TestUtil) ... ok
test_parse_dfxp_time_expr (test_utils.TestUtil) ... ok
test_parse_duration (test_utils.TestUtil) ... ok
test_parse_filesize (test_utils.TestUtil) ... ok
test_parse_iso8601 (test_utils.TestUtil) ... ok
test_parse_resolution (test_utils.TestUtil) ... ok
test_pkcs1pad (test_utils.TestUtil) ... ok
test_prepend_extension (test_utils.TestUtil) ... ok
test_read_batch_urls (test_utils.TestUtil) ... ok
test_remove_end (test_utils.TestUtil) ... ok
test_remove_quotes (test_utils.TestUtil) ... ok
test_remove_start (test_utils.TestUtil) ... ok
test_render_table (test_utils.TestUtil) ... ok
test_replace_extension (test_utils.TestUtil) ... ok
test_sanitize_filename (test_utils.TestUtil) ... ok
test_sanitize_filename_restricted (test_utils.TestUtil) ... ok
test_sanitize_ids (test_utils.TestUtil) ... ok
test_sanitize_path (test_utils.TestUtil) ... ok
test_sanitize_url (test_utils.TestUtil) ... ok
test_shell_quote (test_utils.TestUtil) ... ok
test_smuggle_url (test_utils.TestUtil) ... ok
test_str_to_int (test_utils.TestUtil) ... ok
test_strip_jsonp (test_utils.TestUtil) ... ok
test_timeconvert (test_utils.TestUtil) ... ok
test_unescape_html (test_utils.TestUtil) ... ok
test_unified_dates (test_utils.TestUtil) ... ok
test_unified_timestamps (test_utils.TestUtil) ... ok
test_update_url_query (test_utils.TestUtil) ... ok
test_uppercase_escape (test_utils.TestUtil) ... ok
test_url_basename (test_utils.TestUtil) ... ok
test_urlencode_postdata (test_utils.TestUtil) ... ok
test_urljoin (test_utils.TestUtil) ... ok
test_urshift (test_utils.TestUtil) ... ok
test_version_tuple (test_utils.TestUtil) ... ok
test_xpath_attr (test_utils.TestUtil) ... ok
test_xpath_element (test_utils.TestUtil) ... ok
test_xpath_text (test_utils.TestUtil) ... ok
test_xpath_with_ns (test_utils.TestUtil) ... ok

----------------------------------------------------------------------
Ran 79 tests in 0.049s

OK
...........................
✓ SUCCESSFUL! TEST PASSES
✓ PyFix is started...

~~~~~~~~~~~~~~~~~~~~~~~~~~~~~~~~~~~~~~~~~~~~~~~~~~~~~~~~~~~~~~~~~~~~~~~~~~~~~~~~~~~~~~~~~~~~~~~~~~~~~~~

	                              PySketchFix®: Sketches are created.

~~~~~~~~~~~~~~~~~~~~~~~~~~~~~~~~~~~~~~~~~~~~~~~~~~~~~~~~~~~~~~~~~~~~~~~~~~~~~~~~~~~~~~~~~~~~~~~~~~~~~~~
PySketchFix will run with:
bug file: /Users/daniel/BA_SketchFix_Evaluation/Evaluation/Projects/youtube-dl/youtube_dl/utils.py
~~~~~~~~~~~~~~~~~~~~~~~~~~~~~~~~~~~~~~~~~~~~~~~~~~~~~~~~~~~~~~~~~~~~~~~~~~~~~~~~~~~~~~~~~~~~~~~~~~~~~~~
The suspicious lines which are taken are: [1268]
~~~~~~~~~~~~~~~~~~~~~~~~~~~~~~~~~~~~~~~~~~~~~~~~~~~~~~~~~~~~~~~~~~~~~~~~~~~~~~~~~~~~~~~~~~~~~~~~~~~~~~~
Start transforming line: 1268
x Fail! Line: 1268 could not be transformed: 'lambda m m.group(0).decode('unicode-escape'), s)'
~~~~~~~~~~~~~~~~~~~~~~~~~~~~~~~~~~~~~~~~~~~~~~~~~~~~~~~~~~~~~~~~~~~~~~~~~~~~~~~~~~~~~~~~~~~~~~~~~~~~~~~
Start creating 0 sketches.
✓
~~~~~~~~~~~~~~~~~~~~~~~~~~~~~~~~~~~~~~~~~~~~~~~~~~~~~~~~~~~~~~~~~~~~~~~~~~~~~~~~~~~~~~~~~~~~~~~~~~~~~~~
x Lines where no transformation is found:[1268]
✓ Number of created sketches:0
Time needed: 0.0 minutes.

+*+*+*+*+*+*+*+*+*+*+*+*+*+*+*+*+*+*+*+*+*+*+*+*+*+*+*+*+*+*+*+*+*+*+*+*+*+*+*+*+*+*+*+*+*+*+*+*+*+*+*+

                                          BUG: 38

+*+*+*+*+*+*+*+*+*+*+*+*+*+*+*+*+*+*+*+*+*+*+*+*+*+*+*+*+*+*+*+*+*+*+*+*+*+*+*+*+*+*+*+*+*+*+*+*+*+*+*+
bug_file = /Users/daniel/BA_SketchFix_Evaluation/Evaluation/Projects/youtube-dl/youtube_dl/extractor/facebook.py
bug_test_file = /Users/daniel/BA_SketchFix_Evaluation/Evaluation/Projects/youtube-dl/test/test_utils.py
GIT RESET TO: 94eae04c94a43847e8ce7c9bf3d88dd029ef62f6
HEAD is now at 94eae04c9 release 2014.03.07
TEST EXECUTION:
test_age_restricted (test_utils.TestUtil) ... ok
test_args_to_str (test_utils.TestUtil) ... ok
test_base_url (test_utils.TestUtil) ... ok
test_clean_html (test_utils.TestUtil) ... ok
test_cli_bool_option (test_utils.TestUtil) ... ok
test_cli_option (test_utils.TestUtil) ... ok
test_cli_valueless_option (test_utils.TestUtil) ... ok
test_date_from_str (test_utils.TestUtil) ... ok
test_daterange (test_utils.TestUtil) ... ok
test_detect_exe_version (test_utils.TestUtil) ... ok
test_determine_ext (test_utils.TestUtil) ... ok
test_dfxp2srt (test_utils.TestUtil) ... ok
test_dict_get (test_utils.TestUtil) ... ok
test_encode_base_n (test_utils.TestUtil) ... ok
test_encode_compat_str (test_utils.TestUtil) ... ok
test_escape_rfc3986 (test_utils.TestUtil) ... ok
test_escape_url (test_utils.TestUtil) ... ok
test_expand_path (test_utils.TestUtil) ... ok
test_extract_attributes (test_utils.TestUtil) ... ok
test_find_xpath_attr (test_utils.TestUtil) ... ok
test_fix_xml_ampersands (test_utils.TestUtil) ... ok
test_get_element_by_attribute (test_utils.TestUtil) ... ok
test_get_element_by_class (test_utils.TestUtil) ... ok
test_get_elements_by_attribute (test_utils.TestUtil) ... ok
test_get_elements_by_class (test_utils.TestUtil) ... ok
test_intlist_to_bytes (test_utils.TestUtil) ... ok
test_is_html (test_utils.TestUtil) ... ok
test_js_to_json_edgecases (test_utils.TestUtil) ... ok
test_js_to_json_malformed (test_utils.TestUtil) ... ok
test_js_to_json_realworld (test_utils.TestUtil) ... ok
test_limit_length (test_utils.TestUtil) ... ok
test_lowercase_escape (test_utils.TestUtil) ... ok
test_match_str (test_utils.TestUtil) ... ok
test_mimetype2ext (test_utils.TestUtil) ... ok
test_month_by_name (test_utils.TestUtil) ... ok
test_multipart_encode (test_utils.TestUtil) ... ok
test_ohdave_rsa_encrypt (test_utils.TestUtil) ... ok
test_ordered_set (test_utils.TestUtil) ... ok
test_paged_list (test_utils.TestUtil) ... ok
test_parse_age_limit (test_utils.TestUtil) ... ok
test_parse_codecs (test_utils.TestUtil) ... WARNING: Unknown codec newcodec
ok
test_parse_count (test_utils.TestUtil) ... ok
test_parse_dfxp_time_expr (test_utils.TestUtil) ... ok
test_parse_duration (test_utils.TestUtil) ... ok
test_parse_filesize (test_utils.TestUtil) ... ok
test_parse_iso8601 (test_utils.TestUtil) ... ok
test_parse_resolution (test_utils.TestUtil) ... ok
test_pkcs1pad (test_utils.TestUtil) ... ok
test_prepend_extension (test_utils.TestUtil) ... ok
test_read_batch_urls (test_utils.TestUtil) ... ok
test_remove_end (test_utils.TestUtil) ... ok
test_remove_quotes (test_utils.TestUtil) ... ok
test_remove_start (test_utils.TestUtil) ... ok
test_render_table (test_utils.TestUtil) ... ok
test_replace_extension (test_utils.TestUtil) ... ok
test_sanitize_filename (test_utils.TestUtil) ... ok
test_sanitize_filename_restricted (test_utils.TestUtil) ... ok
test_sanitize_ids (test_utils.TestUtil) ... ok
test_sanitize_path (test_utils.TestUtil) ... ok
test_sanitize_url (test_utils.TestUtil) ... ok
test_shell_quote (test_utils.TestUtil) ... ok
test_smuggle_url (test_utils.TestUtil) ... ok
test_str_to_int (test_utils.TestUtil) ... ok
test_strip_jsonp (test_utils.TestUtil) ... ok
test_timeconvert (test_utils.TestUtil) ... ok
test_unescape_html (test_utils.TestUtil) ... ok
test_unified_dates (test_utils.TestUtil) ... ok
test_unified_timestamps (test_utils.TestUtil) ... ok
test_update_url_query (test_utils.TestUtil) ... ok
test_uppercase_escape (test_utils.TestUtil) ... ok
test_url_basename (test_utils.TestUtil) ... ok
test_urlencode_postdata (test_utils.TestUtil) ... ok
test_urljoin (test_utils.TestUtil) ... ok
test_urshift (test_utils.TestUtil) ... ok
test_version_tuple (test_utils.TestUtil) ... ok
test_xpath_attr (test_utils.TestUtil) ... ok
test_xpath_element (test_utils.TestUtil) ... ok
test_xpath_text (test_utils.TestUtil) ... ok
test_xpath_with_ns (test_utils.TestUtil) ... ok

----------------------------------------------------------------------
Ran 79 tests in 0.056s

OK
...........................
✓ SUCCESSFUL! TEST PASSES
✓ PyFix is started...

~~~~~~~~~~~~~~~~~~~~~~~~~~~~~~~~~~~~~~~~~~~~~~~~~~~~~~~~~~~~~~~~~~~~~~~~~~~~~~~~~~~~~~~~~~~~~~~~~~~~~~~

	                              PySketchFix®: Sketches are created.

~~~~~~~~~~~~~~~~~~~~~~~~~~~~~~~~~~~~~~~~~~~~~~~~~~~~~~~~~~~~~~~~~~~~~~~~~~~~~~~~~~~~~~~~~~~~~~~~~~~~~~~
PySketchFix will run with:
bug file: /Users/daniel/BA_SketchFix_Evaluation/Evaluation/Projects/youtube-dl/youtube_dl/extractor/facebook.py
~~~~~~~~~~~~~~~~~~~~~~~~~~~~~~~~~~~~~~~~~~~~~~~~~~~~~~~~~~~~~~~~~~~~~~~~~~~~~~~~~~~~~~~~~~~~~~~~~~~~~~~
The suspicious lines which are taken are: [54, 55, 73, 76, 83]
~~~~~~~~~~~~~~~~~~~~~~~~~~~~~~~~~~~~~~~~~~~~~~~~~~~~~~~~~~~~~~~~~~~~~~~~~~~~~~~~~~~~~~~~~~~~~~~~~~~~~~~
Start transforming line: 54
x Fail! Line: 54 could not be transformed: 'self.report_login()'
Start transforming line: 55
x Fail! Line: 55 could not be transformed: 'login_page = self._download_webpage(login_page_req, None, note=False,'
Start transforming line: 73
✓
Start transforming line: 76
x Fail! Line: 76 could not be transformed: 'login_results = compat_urllib_request.urlopen(request).read()'
Start transforming line: 83
x Fail! Line: 83 could not be transformed: ''nh' self._search_regex(r'name="nh" value="(\w*?)"', login_results, 'nh'),'
~~~~~~~~~~~~~~~~~~~~~~~~~~~~~~~~~~~~~~~~~~~~~~~~~~~~~~~~~~~~~~~~~~~~~~~~~~~~~~~~~~~~~~~~~~~~~~~~~~~~~~~
Start creating 4 sketches.
✓
~~~~~~~~~~~~~~~~~~~~~~~~~~~~~~~~~~~~~~~~~~~~~~~~~~~~~~~~~~~~~~~~~~~~~~~~~~~~~~~~~~~~~~~~~~~~~~~~~~~~~~~
x Lines where no transformation is found:[54, 55, 76, 83]
✓ Number of created sketches:4
Time needed: 0.02 minutes.

+*+*+*+*+*+*+*+*+*+*+*+*+*+*+*+*+*+*+*+*+*+*+*+*+*+*+*+*+*+*+*+*+*+*+*+*+*+*+*+*+*+*+*+*+*+*+*+*+*+*+*+

                                          BUG: 39

+*+*+*+*+*+*+*+*+*+*+*+*+*+*+*+*+*+*+*+*+*+*+*+*+*+*+*+*+*+*+*+*+*+*+*+*+*+*+*+*+*+*+*+*+*+*+*+*+*+*+*+
bug_file = /Users/daniel/BA_SketchFix_Evaluation/Evaluation/Projects/youtube-dl/youtube_dl/extractor/facebook.py
bug_test_file = /Users/daniel/BA_SketchFix_Evaluation/Evaluation/Projects/youtube-dl/test/test_utils.py
GIT RESET TO: b04c8f735805ea2671429ac8d683c2887a6b4db8
HEAD is now at b04c8f735 release 2014.09.14.3
TEST EXECUTION:
test_age_restricted (test_utils.TestUtil) ... ok
test_args_to_str (test_utils.TestUtil) ... ok
test_base_url (test_utils.TestUtil) ... ok
test_clean_html (test_utils.TestUtil) ... ok
test_cli_bool_option (test_utils.TestUtil) ... ok
test_cli_option (test_utils.TestUtil) ... ok
test_cli_valueless_option (test_utils.TestUtil) ... ok
test_date_from_str (test_utils.TestUtil) ... ok
test_daterange (test_utils.TestUtil) ... ok
test_detect_exe_version (test_utils.TestUtil) ... ok
test_determine_ext (test_utils.TestUtil) ... ok
test_dfxp2srt (test_utils.TestUtil) ... ok
test_dict_get (test_utils.TestUtil) ... ok
test_encode_base_n (test_utils.TestUtil) ... ok
test_encode_compat_str (test_utils.TestUtil) ... ok
test_escape_rfc3986 (test_utils.TestUtil) ... ok
test_escape_url (test_utils.TestUtil) ... ok
test_expand_path (test_utils.TestUtil) ... ok
test_extract_attributes (test_utils.TestUtil) ... ok
test_find_xpath_attr (test_utils.TestUtil) ... ok
test_fix_xml_ampersands (test_utils.TestUtil) ... ok
test_get_element_by_attribute (test_utils.TestUtil) ... ok
test_get_element_by_class (test_utils.TestUtil) ... ok
test_get_elements_by_attribute (test_utils.TestUtil) ... ok
test_get_elements_by_class (test_utils.TestUtil) ... ok
test_intlist_to_bytes (test_utils.TestUtil) ... ok
test_is_html (test_utils.TestUtil) ... ok
test_js_to_json_edgecases (test_utils.TestUtil) ... ok
test_js_to_json_malformed (test_utils.TestUtil) ... ok
test_js_to_json_realworld (test_utils.TestUtil) ... ok
test_limit_length (test_utils.TestUtil) ... ok
test_lowercase_escape (test_utils.TestUtil) ... ok
test_match_str (test_utils.TestUtil) ... ok
test_mimetype2ext (test_utils.TestUtil) ... ok
test_month_by_name (test_utils.TestUtil) ... ok
test_multipart_encode (test_utils.TestUtil) ... ok
test_ohdave_rsa_encrypt (test_utils.TestUtil) ... ok
test_ordered_set (test_utils.TestUtil) ... ok
test_paged_list (test_utils.TestUtil) ... ok
test_parse_age_limit (test_utils.TestUtil) ... ok
test_parse_codecs (test_utils.TestUtil) ... WARNING: Unknown codec newcodec
ok
test_parse_count (test_utils.TestUtil) ... ok
test_parse_dfxp_time_expr (test_utils.TestUtil) ... ok
test_parse_duration (test_utils.TestUtil) ... ok
test_parse_filesize (test_utils.TestUtil) ... ok
test_parse_iso8601 (test_utils.TestUtil) ... ok
test_parse_resolution (test_utils.TestUtil) ... ok
test_pkcs1pad (test_utils.TestUtil) ... ok
test_prepend_extension (test_utils.TestUtil) ... ok
test_read_batch_urls (test_utils.TestUtil) ... ok
test_remove_end (test_utils.TestUtil) ... ok
test_remove_quotes (test_utils.TestUtil) ... ok
test_remove_start (test_utils.TestUtil) ... ok
test_render_table (test_utils.TestUtil) ... ok
test_replace_extension (test_utils.TestUtil) ... ok
test_sanitize_filename (test_utils.TestUtil) ... ok
test_sanitize_filename_restricted (test_utils.TestUtil) ... ok
test_sanitize_ids (test_utils.TestUtil) ... ok
test_sanitize_path (test_utils.TestUtil) ... ok
test_sanitize_url (test_utils.TestUtil) ... ok
test_shell_quote (test_utils.TestUtil) ... ok
test_smuggle_url (test_utils.TestUtil) ... ok
test_str_to_int (test_utils.TestUtil) ... ok
test_strip_jsonp (test_utils.TestUtil) ... ok
test_timeconvert (test_utils.TestUtil) ... ok
test_unescape_html (test_utils.TestUtil) ... ok
test_unified_dates (test_utils.TestUtil) ... ok
test_unified_timestamps (test_utils.TestUtil) ... ok
test_update_url_query (test_utils.TestUtil) ... ok
test_uppercase_escape (test_utils.TestUtil) ... ok
test_url_basename (test_utils.TestUtil) ... ok
test_urlencode_postdata (test_utils.TestUtil) ... ok
test_urljoin (test_utils.TestUtil) ... ok
test_urshift (test_utils.TestUtil) ... ok
test_version_tuple (test_utils.TestUtil) ... ok
test_xpath_attr (test_utils.TestUtil) ... ok
test_xpath_element (test_utils.TestUtil) ... ok
test_xpath_text (test_utils.TestUtil) ... ok
test_xpath_with_ns (test_utils.TestUtil) ... ok

----------------------------------------------------------------------
Ran 79 tests in 0.071s

OK
...........................
✓ SUCCESSFUL! TEST PASSES
✓ PyFix is started...

~~~~~~~~~~~~~~~~~~~~~~~~~~~~~~~~~~~~~~~~~~~~~~~~~~~~~~~~~~~~~~~~~~~~~~~~~~~~~~~~~~~~~~~~~~~~~~~~~~~~~~~

	                              PySketchFix®: Sketches are created.

~~~~~~~~~~~~~~~~~~~~~~~~~~~~~~~~~~~~~~~~~~~~~~~~~~~~~~~~~~~~~~~~~~~~~~~~~~~~~~~~~~~~~~~~~~~~~~~~~~~~~~~
PySketchFix will run with:
bug file: /Users/daniel/BA_SketchFix_Evaluation/Evaluation/Projects/youtube-dl/youtube_dl/extractor/facebook.py
~~~~~~~~~~~~~~~~~~~~~~~~~~~~~~~~~~~~~~~~~~~~~~~~~~~~~~~~~~~~~~~~~~~~~~~~~~~~~~~~~~~~~~~~~~~~~~~~~~~~~~~
The suspicious lines which are taken are: [134, 135]
~~~~~~~~~~~~~~~~~~~~~~~~~~~~~~~~~~~~~~~~~~~~~~~~~~~~~~~~~~~~~~~~~~~~~~~~~~~~~~~~~~~~~~~~~~~~~~~~~~~~~~~
Start transforming line: 134
✓
Start transforming line: 135
✓
~~~~~~~~~~~~~~~~~~~~~~~~~~~~~~~~~~~~~~~~~~~~~~~~~~~~~~~~~~~~~~~~~~~~~~~~~~~~~~~~~~~~~~~~~~~~~~~~~~~~~~~
Start creating 12 sketches.
✓
~~~~~~~~~~~~~~~~~~~~~~~~~~~~~~~~~~~~~~~~~~~~~~~~~~~~~~~~~~~~~~~~~~~~~~~~~~~~~~~~~~~~~~~~~~~~~~~~~~~~~~~
x Lines where no transformation is found:[]
✓ Number of created sketches:12
Time needed: 0.01 minutes.

+*+*+*+*+*+*+*+*+*+*+*+*+*+*+*+*+*+*+*+*+*+*+*+*+*+*+*+*+*+*+*+*+*+*+*+*+*+*+*+*+*+*+*+*+*+*+*+*+*+*+*+

                                          BUG: 40

+*+*+*+*+*+*+*+*+*+*+*+*+*+*+*+*+*+*+*+*+*+*+*+*+*+*+*+*+*+*+*+*+*+*+*+*+*+*+*+*+*+*+*+*+*+*+*+*+*+*+*+
bug_file = /Users/daniel/BA_SketchFix_Evaluation/Evaluation/Projects/youtube-dl/youtube_dl/downloader/f4m.py
bug_test_file = /Users/daniel/BA_SketchFix_Evaluation/Evaluation/Projects/youtube-dl/test/test_utils.py
GIT RESET TO: 6a7a38967976ea0d0b911c2965aaa74bed2976d7
HEAD is now at 6a7a38967 Merge branch 'master' of github.com:rg3/youtube-dl
TEST EXECUTION:
test_age_restricted (test_utils.TestUtil) ... ok
test_args_to_str (test_utils.TestUtil) ... ok
test_base_url (test_utils.TestUtil) ... ok
test_clean_html (test_utils.TestUtil) ... ok
test_cli_bool_option (test_utils.TestUtil) ... ok
test_cli_option (test_utils.TestUtil) ... ok
test_cli_valueless_option (test_utils.TestUtil) ... ok
test_date_from_str (test_utils.TestUtil) ... ok
test_daterange (test_utils.TestUtil) ... ok
test_detect_exe_version (test_utils.TestUtil) ... ok
test_determine_ext (test_utils.TestUtil) ... ok
test_dfxp2srt (test_utils.TestUtil) ... ok
test_dict_get (test_utils.TestUtil) ... ok
test_encode_base_n (test_utils.TestUtil) ... ok
test_encode_compat_str (test_utils.TestUtil) ... ok
test_escape_rfc3986 (test_utils.TestUtil) ... ok
test_escape_url (test_utils.TestUtil) ... ok
test_expand_path (test_utils.TestUtil) ... ok
test_extract_attributes (test_utils.TestUtil) ... ok
test_find_xpath_attr (test_utils.TestUtil) ... ok
test_fix_xml_ampersands (test_utils.TestUtil) ... ok
test_get_element_by_attribute (test_utils.TestUtil) ... ok
test_get_element_by_class (test_utils.TestUtil) ... ok
test_get_elements_by_attribute (test_utils.TestUtil) ... ok
test_get_elements_by_class (test_utils.TestUtil) ... ok
test_intlist_to_bytes (test_utils.TestUtil) ... ok
test_is_html (test_utils.TestUtil) ... ok
test_js_to_json_edgecases (test_utils.TestUtil) ... ok
test_js_to_json_malformed (test_utils.TestUtil) ... ok
test_js_to_json_realworld (test_utils.TestUtil) ... ok
test_limit_length (test_utils.TestUtil) ... ok
test_lowercase_escape (test_utils.TestUtil) ... ok
test_match_str (test_utils.TestUtil) ... ok
test_mimetype2ext (test_utils.TestUtil) ... ok
test_month_by_name (test_utils.TestUtil) ... ok
test_multipart_encode (test_utils.TestUtil) ... ok
test_ohdave_rsa_encrypt (test_utils.TestUtil) ... ok
test_ordered_set (test_utils.TestUtil) ... ok
test_paged_list (test_utils.TestUtil) ... ok
test_parse_age_limit (test_utils.TestUtil) ... ok
test_parse_codecs (test_utils.TestUtil) ... WARNING: Unknown codec newcodec
ok
test_parse_count (test_utils.TestUtil) ... ok
test_parse_dfxp_time_expr (test_utils.TestUtil) ... ok
test_parse_duration (test_utils.TestUtil) ... ok
test_parse_filesize (test_utils.TestUtil) ... ok
test_parse_iso8601 (test_utils.TestUtil) ... ok
test_parse_resolution (test_utils.TestUtil) ... ok
test_pkcs1pad (test_utils.TestUtil) ... ok
test_prepend_extension (test_utils.TestUtil) ... ok
test_read_batch_urls (test_utils.TestUtil) ... ok
test_remove_end (test_utils.TestUtil) ... ok
test_remove_quotes (test_utils.TestUtil) ... ok
test_remove_start (test_utils.TestUtil) ... ok
test_render_table (test_utils.TestUtil) ... ok
test_replace_extension (test_utils.TestUtil) ... ok
test_sanitize_filename (test_utils.TestUtil) ... ok
test_sanitize_filename_restricted (test_utils.TestUtil) ... ok
test_sanitize_ids (test_utils.TestUtil) ... ok
test_sanitize_path (test_utils.TestUtil) ... ok
test_sanitize_url (test_utils.TestUtil) ... ok
test_shell_quote (test_utils.TestUtil) ... ok
test_smuggle_url (test_utils.TestUtil) ... ok
test_str_to_int (test_utils.TestUtil) ... ok
test_strip_jsonp (test_utils.TestUtil) ... ok
test_timeconvert (test_utils.TestUtil) ... ok
test_unescape_html (test_utils.TestUtil) ... ok
test_unified_dates (test_utils.TestUtil) ... ok
test_unified_timestamps (test_utils.TestUtil) ... ok
test_update_url_query (test_utils.TestUtil) ... ok
test_uppercase_escape (test_utils.TestUtil) ... ok
test_url_basename (test_utils.TestUtil) ... ok
test_urlencode_postdata (test_utils.TestUtil) ... ok
test_urljoin (test_utils.TestUtil) ... ok
test_urshift (test_utils.TestUtil) ... ok
test_version_tuple (test_utils.TestUtil) ... ok
test_xpath_attr (test_utils.TestUtil) ... ok
test_xpath_element (test_utils.TestUtil) ... ok
test_xpath_text (test_utils.TestUtil) ... ok
test_xpath_with_ns (test_utils.TestUtil) ... ok

----------------------------------------------------------------------
Ran 79 tests in 0.083s

OK
...........................
✓ SUCCESSFUL! TEST PASSES
✓ PyFix is started...

~~~~~~~~~~~~~~~~~~~~~~~~~~~~~~~~~~~~~~~~~~~~~~~~~~~~~~~~~~~~~~~~~~~~~~~~~~~~~~~~~~~~~~~~~~~~~~~~~~~~~~~

	                              PySketchFix®: Sketches are created.

~~~~~~~~~~~~~~~~~~~~~~~~~~~~~~~~~~~~~~~~~~~~~~~~~~~~~~~~~~~~~~~~~~~~~~~~~~~~~~~~~~~~~~~~~~~~~~~~~~~~~~~
PySketchFix will run with:
bug file: /Users/daniel/BA_SketchFix_Evaluation/Evaluation/Projects/youtube-dl/youtube_dl/downloader/f4m.py
~~~~~~~~~~~~~~~~~~~~~~~~~~~~~~~~~~~~~~~~~~~~~~~~~~~~~~~~~~~~~~~~~~~~~~~~~~~~~~~~~~~~~~~~~~~~~~~~~~~~~~~
The suspicious lines which are taken are: [30, 33, 37, 199]
~~~~~~~~~~~~~~~~~~~~~~~~~~~~~~~~~~~~~~~~~~~~~~~~~~~~~~~~~~~~~~~~~~~~~~~~~~~~~~~~~~~~~~~~~~~~~~~~~~~~~~~
Start transforming line: 30
✓
Start transforming line: 33
✓
Start transforming line: 37
x Fail! Line: 37 could not be transformed: ''
Start transforming line: 199
✓
~~~~~~~~~~~~~~~~~~~~~~~~~~~~~~~~~~~~~~~~~~~~~~~~~~~~~~~~~~~~~~~~~~~~~~~~~~~~~~~~~~~~~~~~~~~~~~~~~~~~~~~
Start creating 8 sketches.
✓
~~~~~~~~~~~~~~~~~~~~~~~~~~~~~~~~~~~~~~~~~~~~~~~~~~~~~~~~~~~~~~~~~~~~~~~~~~~~~~~~~~~~~~~~~~~~~~~~~~~~~~~
x Lines where no transformation is found:[37]
✓ Number of created sketches:8
Time needed: 0.03 minutes.

+*+*+*+*+*+*+*+*+*+*+*+*+*+*+*+*+*+*+*+*+*+*+*+*+*+*+*+*+*+*+*+*+*+*+*+*+*+*+*+*+*+*+*+*+*+*+*+*+*+*+*+

                                          BUG: 41

+*+*+*+*+*+*+*+*+*+*+*+*+*+*+*+*+*+*+*+*+*+*+*+*+*+*+*+*+*+*+*+*+*+*+*+*+*+*+*+*+*+*+*+*+*+*+*+*+*+*+*+
bug_file = /Users/daniel/BA_SketchFix_Evaluation/Evaluation/Projects/youtube-dl/youtube_dl/utils.py
bug_test_file = /Users/daniel/BA_SketchFix_Evaluation/Evaluation/Projects/youtube-dl/test/test_utils.py
GIT RESET TO: 81c2f20b5386d89a62dc27293654d75b77f47473
test_age_restricted (test_utils.TestUtil) ... ok
test_args_to_str (test_utils.TestUtil) ... ok
test_base_url (test_utils.TestUtil) ... ok
test_clean_html (test_utils.TestUtil) ... ok
test_cli_bool_option (test_utils.TestUtil) ... ok
test_cli_option (test_utils.TestUtil) ... ok
test_cli_valueless_option (test_utils.TestUtil) ... ok
test_date_from_str (test_utils.TestUtil) ... ok
test_daterange (test_utils.TestUtil) ... ok
test_detect_exe_version (test_utils.TestUtil) ... ok
test_determine_ext (test_utils.TestUtil) ... ok
test_dfxp2srt (test_utils.TestUtil) ... ok
test_dict_get (test_utils.TestUtil) ... ok
test_encode_base_n (test_utils.TestUtil) ... ok
test_encode_compat_str (test_utils.TestUtil) ... ok
test_escape_rfc3986 (test_utils.TestUtil) ... ok
test_escape_url (test_utils.TestUtil) ... ok
test_expand_path (test_utils.TestUtil) ... ok
test_extract_attributes (test_utils.TestUtil) ... ok
test_find_xpath_attr (test_utils.TestUtil) ... ok
test_fix_xml_ampersands (test_utils.TestUtil) ... ok
test_get_element_by_attribute (test_utils.TestUtil) ... ok
test_get_element_by_class (test_utils.TestUtil) ... ok
test_get_elements_by_attribute (test_utils.TestUtil) ... ok
test_get_elements_by_class (test_utils.TestUtil) ... ok
test_intlist_to_bytes (test_utils.TestUtil) ... ok
test_is_html (test_utils.TestUtil) ... ok
test_js_to_json_edgecases (test_utils.TestUtil) ... ok
test_js_to_json_malformed (test_utils.TestUtil) ... ok
test_js_to_json_realworld (test_utils.TestUtil) ... ok
HEAD is now at 81c2f20b5 [youtube] Correct invalid JSON (Fixes #2353)
TEST EXECUTION:
test_limit_length (test_utils.TestUtil) ... ok
test_lowercase_escape (test_utils.TestUtil) ... ok
test_match_str (test_utils.TestUtil) ... ok
test_mimetype2ext (test_utils.TestUtil) ... ok
test_month_by_name (test_utils.TestUtil) ... ok
test_multipart_encode (test_utils.TestUtil) ... ok
test_ohdave_rsa_encrypt (test_utils.TestUtil) ... ok
test_ordered_set (test_utils.TestUtil) ... ok
test_paged_list (test_utils.TestUtil) ... ok
test_parse_age_limit (test_utils.TestUtil) ... ok
test_parse_codecs (test_utils.TestUtil) ... WARNING: Unknown codec newcodec
ok
test_parse_count (test_utils.TestUtil) ... ok
test_parse_dfxp_time_expr (test_utils.TestUtil) ... ok
test_parse_duration (test_utils.TestUtil) ... ok
test_parse_filesize (test_utils.TestUtil) ... ok
test_parse_iso8601 (test_utils.TestUtil) ... ok
test_parse_resolution (test_utils.TestUtil) ... ok
test_pkcs1pad (test_utils.TestUtil) ... ok
test_prepend_extension (test_utils.TestUtil) ... ok
test_read_batch_urls (test_utils.TestUtil) ... ok
test_remove_end (test_utils.TestUtil) ... ok
test_remove_quotes (test_utils.TestUtil) ... ok
test_remove_start (test_utils.TestUtil) ... ok
test_render_table (test_utils.TestUtil) ... ok
test_replace_extension (test_utils.TestUtil) ... ok
test_sanitize_filename (test_utils.TestUtil) ... ok
test_sanitize_filename_restricted (test_utils.TestUtil) ... ok
test_sanitize_ids (test_utils.TestUtil) ... ok
test_sanitize_path (test_utils.TestUtil) ... ok
test_sanitize_url (test_utils.TestUtil) ... ok
test_shell_quote (test_utils.TestUtil) ... ok
test_smuggle_url (test_utils.TestUtil) ... ok
test_str_to_int (test_utils.TestUtil) ... ok
test_strip_jsonp (test_utils.TestUtil) ... ok
test_timeconvert (test_utils.TestUtil) ... ok
test_unescape_html (test_utils.TestUtil) ... ok
test_unified_dates (test_utils.TestUtil) ... ok
test_unified_timestamps (test_utils.TestUtil) ... ok
...........................
✓ SUCCESSFUL! TEST PASSES
✓ PyFix is started...

~~~~~~~~~~~~~~~~~~~~~~~~~~~~~~~~~~~~~~~~~~~~~~~~~~~~~~~~~~~~~~~~~~~~~~~~~~~~~~~~~~~~~~~~~~~~~~~~~~~~~~~

	                              PySketchFix®: Sketches are created.

~~~~~~~~~~~~~~~~~~~~~~~~~~~~~~~~~~~~~~~~~~~~~~~~~~~~~~~~~~~~~~~~~~~~~~~~~~~~~~~~~~~~~~~~~~~~~~~~~~~~~~~
PySketchFix will run with:
bug file: /Users/daniel/BA_SketchFix_Evaluation/Evaluation/Projects/youtube-dl/youtube_dl/utils.py
~~~~~~~~~~~~~~~~~~~~~~~~~~~~~~~~~~~~~~~~~~~~~~~~~~~~~~~~~~~~~~~~~~~~~~~~~~~~~~~~~~~~~~~~~~~~~~~~~~~~~~~
The suspicious lines which are taken are: [759, 761]
~~~~~~~~~~~~~~~~~~~~~~~~~~~~~~~~~~~~~~~~~~~~~~~~~~~~~~~~~~~~~~~~~~~~~~~~~~~~~~~~~~~~~~~~~~~~~~~~~~~~~~~
Start transforming line: 759
test_update_url_query (test_utils.TestUtil) ... ok
test_uppercase_escape (test_utils.TestUtil) ... ok
test_url_basename (test_utils.TestUtil) ... ok
test_urlencode_postdata (test_utils.TestUtil) ... ok
test_urljoin (test_utils.TestUtil) ... ok
test_urshift (test_utils.TestUtil) ... ok
test_version_tuple (test_utils.TestUtil) ... ok
test_xpath_attr (test_utils.TestUtil) ... ok
test_xpath_element (test_utils.TestUtil) ... ok
test_xpath_text (test_utils.TestUtil) ... ok
test_xpath_with_ns (test_utils.TestUtil) ... ok

----------------------------------------------------------------------
Ran 79 tests in 0.146s

OK
✓
Start transforming line: 761
✓
~~~~~~~~~~~~~~~~~~~~~~~~~~~~~~~~~~~~~~~~~~~~~~~~~~~~~~~~~~~~~~~~~~~~~~~~~~~~~~~~~~~~~~~~~~~~~~~~~~~~~~~
Start creating 1 sketches.
✓
~~~~~~~~~~~~~~~~~~~~~~~~~~~~~~~~~~~~~~~~~~~~~~~~~~~~~~~~~~~~~~~~~~~~~~~~~~~~~~~~~~~~~~~~~~~~~~~~~~~~~~~
x Lines where no transformation is found:[]
✓ Number of created sketches:1
Time needed: 0.01 minutes.

+*+*+*+*+*+*+*+*+*+*+*+*+*+*+*+*+*+*+*+*+*+*+*+*+*+*+*+*+*+*+*+*+*+*+*+*+*+*+*+*+*+*+*+*+*+*+*+*+*+*+*+

                                          BUG: 42

+*+*+*+*+*+*+*+*+*+*+*+*+*+*+*+*+*+*+*+*+*+*+*+*+*+*+*+*+*+*+*+*+*+*+*+*+*+*+*+*+*+*+*+*+*+*+*+*+*+*+*+
bug_file = /Users/daniel/BA_SketchFix_Evaluation/Evaluation/Projects/youtube-dl/youtube_dl/extractor/clipsyndicate.py
bug_test_file = /Users/daniel/BA_SketchFix_Evaluation/Evaluation/Projects/youtube-dl/test/test_utils.py
GIT RESET TO: b853d2e1555dbb4a09fe3d7857c6d2bc044646f4
HEAD is now at b853d2e15 release 2014.01.20
TEST EXECUTION:
test_age_restricted (test_utils.TestUtil) ... ok
test_args_to_str (test_utils.TestUtil) ... ok
test_base_url (test_utils.TestUtil) ... ok
test_clean_html (test_utils.TestUtil) ... ok
test_cli_bool_option (test_utils.TestUtil) ... ok
test_cli_option (test_utils.TestUtil) ... ok
test_cli_valueless_option (test_utils.TestUtil) ... ok
test_date_from_str (test_utils.TestUtil) ... ok
test_daterange (test_utils.TestUtil) ... ok
test_detect_exe_version (test_utils.TestUtil) ... ok
test_determine_ext (test_utils.TestUtil) ... ok
test_dfxp2srt (test_utils.TestUtil) ... ok
test_dict_get (test_utils.TestUtil) ... ok
test_encode_base_n (test_utils.TestUtil) ... ok
test_encode_compat_str (test_utils.TestUtil) ... ok
test_escape_rfc3986 (test_utils.TestUtil) ... ok
test_escape_url (test_utils.TestUtil) ... ok
test_expand_path (test_utils.TestUtil) ... ok
test_extract_attributes (test_utils.TestUtil) ... ok
test_find_xpath_attr (test_utils.TestUtil) ... ok
test_fix_xml_ampersands (test_utils.TestUtil) ... ok
test_get_element_by_attribute (test_utils.TestUtil) ... ok
test_get_element_by_class (test_utils.TestUtil) ... ok
test_get_elements_by_attribute (test_utils.TestUtil) ... ok
test_get_elements_by_class (test_utils.TestUtil) ... ok
test_intlist_to_bytes (test_utils.TestUtil) ... ok
test_is_html (test_utils.TestUtil) ... ok
test_js_to_json_edgecases (test_utils.TestUtil) ... ok
test_js_to_json_malformed (test_utils.TestUtil) ... ok
test_js_to_json_realworld (test_utils.TestUtil) ... ok
test_limit_length (test_utils.TestUtil) ... ok
test_lowercase_escape (test_utils.TestUtil) ... ok
test_match_str (test_utils.TestUtil) ... ok
test_mimetype2ext (test_utils.TestUtil) ... ok
test_month_by_name (test_utils.TestUtil) ... ok
test_multipart_encode (test_utils.TestUtil) ... ok
test_ohdave_rsa_encrypt (test_utils.TestUtil) ... ok
test_ordered_set (test_utils.TestUtil) ... ok
test_paged_list (test_utils.TestUtil) ... ok
test_parse_age_limit (test_utils.TestUtil) ... ok
test_parse_codecs (test_utils.TestUtil) ... WARNING: Unknown codec newcodec
ok
test_parse_count (test_utils.TestUtil) ... ok
test_parse_dfxp_time_expr (test_utils.TestUtil) ... ok
test_parse_duration (test_utils.TestUtil) ... ok
test_parse_filesize (test_utils.TestUtil) ... ok
test_parse_iso8601 (test_utils.TestUtil) ... ok
test_parse_resolution (test_utils.TestUtil) ... ok
test_pkcs1pad (test_utils.TestUtil) ... ok
test_prepend_extension (test_utils.TestUtil) ... ok
test_read_batch_urls (test_utils.TestUtil) ... ok
test_remove_end (test_utils.TestUtil) ... ok
test_remove_quotes (test_utils.TestUtil) ... ok
test_remove_start (test_utils.TestUtil) ... ok
test_render_table (test_utils.TestUtil) ... ok
test_replace_extension (test_utils.TestUtil) ... ok
test_sanitize_filename (test_utils.TestUtil) ... ok
test_sanitize_filename_restricted (test_utils.TestUtil) ... ok
test_sanitize_ids (test_utils.TestUtil) ... ok
test_sanitize_path (test_utils.TestUtil) ... ok
test_sanitize_url (test_utils.TestUtil) ... ok
test_shell_quote (test_utils.TestUtil) ... ok
test_smuggle_url (test_utils.TestUtil) ... ok
test_str_to_int (test_utils.TestUtil) ... ok
test_strip_jsonp (test_utils.TestUtil) ... ok
test_timeconvert (test_utils.TestUtil) ... ok
test_unescape_html (test_utils.TestUtil) ... ok
test_unified_dates (test_utils.TestUtil) ... ok
test_unified_timestamps (test_utils.TestUtil) ... ok
test_update_url_query (test_utils.TestUtil) ... ok
test_uppercase_escape (test_utils.TestUtil) ... ok
test_url_basename (test_utils.TestUtil) ... ok
test_urlencode_postdata (test_utils.TestUtil) ... ok
test_urljoin (test_utils.TestUtil) ... ok
test_urshift (test_utils.TestUtil) ... ok
test_version_tuple (test_utils.TestUtil) ... ok
test_xpath_attr (test_utils.TestUtil) ... ok
test_xpath_element (test_utils.TestUtil) ... ok
test_xpath_text (test_utils.TestUtil) ... ok
test_xpath_with_ns (test_utils.TestUtil) ... ok

----------------------------------------------------------------------
Ran 79 tests in 0.064s

OK
...........................
✓ SUCCESSFUL! TEST PASSES
✓ PyFix is started...

~~~~~~~~~~~~~~~~~~~~~~~~~~~~~~~~~~~~~~~~~~~~~~~~~~~~~~~~~~~~~~~~~~~~~~~~~~~~~~~~~~~~~~~~~~~~~~~~~~~~~~~

	                              PySketchFix®: Sketches are created.

~~~~~~~~~~~~~~~~~~~~~~~~~~~~~~~~~~~~~~~~~~~~~~~~~~~~~~~~~~~~~~~~~~~~~~~~~~~~~~~~~~~~~~~~~~~~~~~~~~~~~~~
PySketchFix will run with:
bug file: /Users/daniel/BA_SketchFix_Evaluation/Evaluation/Projects/youtube-dl/youtube_dl/extractor/clipsyndicate.py
~~~~~~~~~~~~~~~~~~~~~~~~~~~~~~~~~~~~~~~~~~~~~~~~~~~~~~~~~~~~~~~~~~~~~~~~~~~~~~~~~~~~~~~~~~~~~~~~~~~~~~~
The suspicious lines which are taken are: [6, 7, 30, 36, 86]
~~~~~~~~~~~~~~~~~~~~~~~~~~~~~~~~~~~~~~~~~~~~~~~~~~~~~~~~~~~~~~~~~~~~~~~~~~~~~~~~~~~~~~~~~~~~~~~~~~~~~~~
Start transforming line: 6
x Fail! Line: 6 could not be transformed: 'fix_xml_all_ampersand,'
Start transforming line: 7
x Fail! Line: 7 could not be transformed: ')'
Start transforming line: 30
x Fail! Line: 30 could not be transformed: '   '
Start transforming line: 36
x Fail! Line: 36 could not be transformed: 'transform_source=fix_xml_all_ampersand) '
~~~~~~~~~~~~~~~~~~~~~~~~~~~~~~~~~~~~~~~~~~~~~~~~~~~~~~~~~~~~~~~~~~~~~~~~~~~~~~~~~~~~~~~~~~~~~~~~~~~~~~~
Start creating 0 sketches.
✓
~~~~~~~~~~~~~~~~~~~~~~~~~~~~~~~~~~~~~~~~~~~~~~~~~~~~~~~~~~~~~~~~~~~~~~~~~~~~~~~~~~~~~~~~~~~~~~~~~~~~~~~
x Lines where no transformation is found:[6, 7, 30, 36]
✓ Number of created sketches:0
Time needed: 0.02 minutes.

+*+*+*+*+*+*+*+*+*+*+*+*+*+*+*+*+*+*+*+*+*+*+*+*+*+*+*+*+*+*+*+*+*+*+*+*+*+*+*+*+*+*+*+*+*+*+*+*+*+*+*+

                                          BUG: 43

+*+*+*+*+*+*+*+*+*+*+*+*+*+*+*+*+*+*+*+*+*+*+*+*+*+*+*+*+*+*+*+*+*+*+*+*+*+*+*+*+*+*+*+*+*+*+*+*+*+*+*+
bug_file = /Users/daniel/BA_SketchFix_Evaluation/Evaluation/Projects/youtube-dl/youtube_dl/utils.py
bug_test_file = /Users/daniel/BA_SketchFix_Evaluation/Evaluation/Projects/youtube-dl/test/test_utils.py
GIT RESET TO: cecaaf3f58ad9f544dbb79af1e565d9353fa2b2d
HEAD is now at cecaaf3f5 [generic] Do not use compatibility result fallback
TEST EXECUTION:
test_age_restricted (test_utils.TestUtil) ... ok
test_args_to_str (test_utils.TestUtil) ... ok
test_base_url (test_utils.TestUtil) ... ok
test_clean_html (test_utils.TestUtil) ... ok
test_cli_bool_option (test_utils.TestUtil) ... ok
test_cli_option (test_utils.TestUtil) ... ok
test_cli_valueless_option (test_utils.TestUtil) ... ok
test_date_from_str (test_utils.TestUtil) ... ok
test_daterange (test_utils.TestUtil) ... ok
test_detect_exe_version (test_utils.TestUtil) ... ok
test_determine_ext (test_utils.TestUtil) ... ok
test_dfxp2srt (test_utils.TestUtil) ... ok
test_dict_get (test_utils.TestUtil) ... ok
test_encode_base_n (test_utils.TestUtil) ... ok
test_encode_compat_str (test_utils.TestUtil) ... ok
test_escape_rfc3986 (test_utils.TestUtil) ... ok
test_escape_url (test_utils.TestUtil) ... ok
test_expand_path (test_utils.TestUtil) ... ok
test_extract_attributes (test_utils.TestUtil) ... ok
test_find_xpath_attr (test_utils.TestUtil) ... ok
test_fix_xml_ampersands (test_utils.TestUtil) ... ok
test_get_element_by_attribute (test_utils.TestUtil) ... ok
test_get_element_by_class (test_utils.TestUtil) ... ok
test_get_elements_by_attribute (test_utils.TestUtil) ... ok
test_get_elements_by_class (test_utils.TestUtil) ... ok
test_intlist_to_bytes (test_utils.TestUtil) ... ok
test_is_html (test_utils.TestUtil) ... ok
test_js_to_json_edgecases (test_utils.TestUtil) ... ok
test_js_to_json_malformed (test_utils.TestUtil) ... ok
test_js_to_json_realworld (test_utils.TestUtil) ... ok
test_limit_length (test_utils.TestUtil) ... ok
test_lowercase_escape (test_utils.TestUtil) ... ok
test_match_str (test_utils.TestUtil) ... ok
test_mimetype2ext (test_utils.TestUtil) ... ok
test_month_by_name (test_utils.TestUtil) ... ok
test_multipart_encode (test_utils.TestUtil) ... ok
test_ohdave_rsa_encrypt (test_utils.TestUtil) ... ok
test_ordered_set (test_utils.TestUtil) ... ok
test_paged_list (test_utils.TestUtil) ... ok
test_parse_age_limit (test_utils.TestUtil) ... ok
test_parse_codecs (test_utils.TestUtil) ... WARNING: Unknown codec newcodec
ok
test_parse_count (test_utils.TestUtil) ... ok
test_parse_dfxp_time_expr (test_utils.TestUtil) ... ok
test_parse_duration (test_utils.TestUtil) ... ok
test_parse_filesize (test_utils.TestUtil) ... ok
test_parse_iso8601 (test_utils.TestUtil) ... ok
test_parse_resolution (test_utils.TestUtil) ... ok
test_pkcs1pad (test_utils.TestUtil) ... ok
test_prepend_extension (test_utils.TestUtil) ... ok
test_read_batch_urls (test_utils.TestUtil) ... ok
test_remove_end (test_utils.TestUtil) ... ok
test_remove_quotes (test_utils.TestUtil) ... ok
test_remove_start (test_utils.TestUtil) ... ok
test_render_table (test_utils.TestUtil) ... ok
test_replace_extension (test_utils.TestUtil) ... ok
test_sanitize_filename (test_utils.TestUtil) ... ok
test_sanitize_filename_restricted (test_utils.TestUtil) ... ok
test_sanitize_ids (test_utils.TestUtil) ... ok
test_sanitize_path (test_utils.TestUtil) ... ok
test_sanitize_url (test_utils.TestUtil) ... ok
test_shell_quote (test_utils.TestUtil) ... ok
test_smuggle_url (test_utils.TestUtil) ... ok
test_str_to_int (test_utils.TestUtil) ... ok
test_strip_jsonp (test_utils.TestUtil) ... ok
test_timeconvert (test_utils.TestUtil) ... ok
test_unescape_html (test_utils.TestUtil) ... ok
test_unified_dates (test_utils.TestUtil) ... ok
test_unified_timestamps (test_utils.TestUtil) ... ok
test_update_url_query (test_utils.TestUtil) ... ok
test_uppercase_escape (test_utils.TestUtil) ... ok
test_url_basename (test_utils.TestUtil) ... ok
test_urlencode_postdata (test_utils.TestUtil) ... ok
test_urljoin (test_utils.TestUtil) ... ok
test_urshift (test_utils.TestUtil) ... ok
test_version_tuple (test_utils.TestUtil) ... ok
test_xpath_attr (test_utils.TestUtil) ... ok
test_xpath_element (test_utils.TestUtil) ... ok
test_xpath_text (test_utils.TestUtil) ... ok
test_xpath_with_ns (test_utils.TestUtil) ... ok

----------------------------------------------------------------------
Ran 79 tests in 0.076s

OK
...........................
✓ SUCCESSFUL! TEST PASSES
✓ PyFix is started...

~~~~~~~~~~~~~~~~~~~~~~~~~~~~~~~~~~~~~~~~~~~~~~~~~~~~~~~~~~~~~~~~~~~~~~~~~~~~~~~~~~~~~~~~~~~~~~~~~~~~~~~

	                              PySketchFix®: Sketches are created.

~~~~~~~~~~~~~~~~~~~~~~~~~~~~~~~~~~~~~~~~~~~~~~~~~~~~~~~~~~~~~~~~~~~~~~~~~~~~~~~~~~~~~~~~~~~~~~~~~~~~~~~
PySketchFix will run with:
bug file: /Users/daniel/BA_SketchFix_Evaluation/Evaluation/Projects/youtube-dl/youtube_dl/utils.py
~~~~~~~~~~~~~~~~~~~~~~~~~~~~~~~~~~~~~~~~~~~~~~~~~~~~~~~~~~~~~~~~~~~~~~~~~~~~~~~~~~~~~~~~~~~~~~~~~~~~~~~
The suspicious lines which are taken are: [1090]
~~~~~~~~~~~~~~~~~~~~~~~~~~~~~~~~~~~~~~~~~~~~~~~~~~~~~~~~~~~~~~~~~~~~~~~~~~~~~~~~~~~~~~~~~~~~~~~~~~~~~~~
Start transforming line: 1090
✓
~~~~~~~~~~~~~~~~~~~~~~~~~~~~~~~~~~~~~~~~~~~~~~~~~~~~~~~~~~~~~~~~~~~~~~~~~~~~~~~~~~~~~~~~~~~~~~~~~~~~~~~
Start creating 0 sketches.
✓
~~~~~~~~~~~~~~~~~~~~~~~~~~~~~~~~~~~~~~~~~~~~~~~~~~~~~~~~~~~~~~~~~~~~~~~~~~~~~~~~~~~~~~~~~~~~~~~~~~~~~~~
x Lines where no transformation is found:[]
✓ Number of created sketches:0
Time needed: 0.01 minutes.
#######################################################################################################
Results with bug numbers:
Project:youtube-dl
Failing:[2, 8, 9, 12, 18, 19, 22, 24, 36]
Empty Sus Lines: [17, 30]
Passing[1, 3, 4, 5, 6, 7, 10, 11, 13, 14, 15, 16, 20, 21, 23, 25, 26, 27, 28, 29, 31, 32, 33, 34, 35, 37, 38, 39, 40, 41, 42, 43]

Process finished with exit code 0
